#
# A fatal error has been detected by the Java Runtime Environment:
#
#  SIGSEGV (0xb) at pc=0x0000003826c27a30, pid=15434, tid=140588388742912
#
# JRE version: 7.0_06-b24
# Java VM: Java HotSpot(TM) 64-Bit Server VM (23.2-b09 mixed mode linux-amd64 compressed oops)
# Problematic frame:
# C  [libdbus-1.so.3+0x27a30]  getenv+0x27a30
#
# Failed to write core dump. Core dumps have been disabled. To enable core dumping, try "ulimit -c unlimited" before starting Java again
#
# If you would like to submit a bug report, please visit:
#   http://bugreport.sun.com/bugreport/crash.jsp
# The crash happened outside the Java Virtual Machine in native code.
# See problematic frame for where to report the bug.
#

---------------  T H R E A D  ---------------

Current thread (0x00007fdd0000e800):  JavaThread "pool-3-thread-1" [_thread_in_native, id=15462, stack(0x00007fdd48e87000,0x00007fdd48f88000)]

siginfo:si_signo=SIGSEGV: si_errno=0, si_code=1 (SEGV_MAPERR), si_addr=0x0000000000000008

Registers:
RAX=0x0000000000000000, RBX=0x00007fdcf80234d0, RCX=0x000000382200e61d, RDX=0x0000000000000000
RSP=0x00007fdd48f83ff8, RBP=0x00007fdcf0020af0, RSI=0x0000000000000000, RDI=0x00007fdcf8023500
R8 =0x00007fdcf0020b40, R9 =0x00007fdcf001d770, R10=0x0000000000000000, R11=0x0000000000000000
R12=0x00007fdcf80235b0, R13=0x00000000000000dc, R14=0x00007fdcf8022f78, R15=0x000000000000003c
RIP=0x0000003826c27a30, EFLAGS=0x0000000000010246, CSGSFS=0x0000000000000033, ERR=0x0000000000000004
  TRAPNO=0x000000000000000e

Top of Stack: (sp=0x00007fdd48f83ff8)
0x00007fdd48f83ff8:   0000003826c0c43c 00007fdcf0020af0
0x00007fdd48f84008:   0000000000000000 00007fdcf8022ec0
0x00007fdd48f84018:   00000000000000dc 00007fdcf0020af0
0x00007fdd48f84028:   0000003826c24e4c 000000000000003c
0x00007fdd48f84038:   0000000000000000 0000000000000000
0x00007fdd48f84048:   0000000000000000 0000000000000008
0x00007fdd48f84058:   00007fdcf0020af8 00007fdcf0020b40
0x00007fdd48f84068:   0000000000000000 0000000000000002
0x00007fdd48f84078:   00007fdcf8022ec0 00007fdcf8022ec0
0x00007fdd48f84088:   0000000000000001 00000000ffffffff
0x00007fdd48f84098:   00000000ffffffff 0000000000000002
0x00007fdd48f840a8:   0000003826c25136 00007fdcf801d130
0x00007fdd48f840b8:   0000003823883d39 000000000000002d
0x00007fdd48f840c8:   00000038238617e1 000000382e80ab70
0x00007fdd48f840d8:   00007fdcf8022ec0 00007fdcf80234d0
0x00007fdd48f840e8:   0000000000000001 00000000ffffffff
0x00007fdd48f840f8:   00007fdcf00227c0 0000000000000002
0x00007fdd48f84108:   0000003826c23ecd 00007fdcffffffff
0x00007fdd48f84118:   0000000000000001 0000000000000000
0x00007fdd48f84128:   0000003826c0edd4 00007fdcf80234d0
0x00007fdd48f84138:   00007fdcf0020af0 00007fdcf00215e0
0x00007fdd48f84148:   0000000000000000 00007fdcf00227c0
0x00007fdd48f84158:   0000003826c0eef2 00007fdcf80234d0
0x00007fdd48f84168:   00007fdcf80234d0 00007fdcf0020af0
0x00007fdd48f84178:   00007fdd48f841f8 00007fdcf001e580
0x00007fdd48f84188:   0000003826c0f1c0 00007fdcf0020af0
0x00007fdd48f84198:   00007fdcf80234d0 00007fdcf0020af0
0x00007fdd48f841a8:   0000003826c0f346 0000003826c02260
0x00007fdd48f841b8:   00007fdcf80234d0 00007fdd48f84280
0x00007fdd48f841c8:   00007fdcf0020af0 00000000ffffffff
0x00007fdd48f841d8:   00007fdd48f84348 0000000000000002
0x00007fdd48f841e8:   0000003826c0f5a9 00007fdd48f84258 

Instructions: (pc=0x0000003826c27a30)
0x0000003826c27a10:   10 c3 66 0f 1f 44 00 00 48 89 12 48 89 52 08 48
0x0000003826c27a20:   89 17 c3 0f 1f 44 00 00 48 89 d6 e9 70 fe ff ff
0x0000003826c27a30:   48 8b 46 08 48 39 f0 74 47 48 8b 16 48 89 42 08
0x0000003826c27a40:   48 8b 46 08 48 8b 16 48 89 10 48 39 37 74 11 48 

Register to memory mapping:

RAX=0x0000000000000000 is an unknown value
RBX=0x00007fdcf80234d0 is an unknown value
RCX=0x000000382200e61d: sendmsg+0x2d in /lib64/libpthread.so.0 at 0x0000003822000000
RDX=0x0000000000000000 is an unknown value
RSP=0x00007fdd48f83ff8 is pointing into the stack for thread: 0x00007fdd0000e800
RBP=0x00007fdcf0020af0 is an unknown value
RSI=0x0000000000000000 is an unknown value
RDI=0x00007fdcf8023500 is an unknown value
R8 =0x00007fdcf0020b40 is an unknown value
R9 =0x00007fdcf001d770 is an unknown value
R10=0x0000000000000000 is an unknown value
R11=0x0000000000000000 is an unknown value
R12=0x00007fdcf80235b0 is an unknown value
R13=0x00000000000000dc is an unknown value
R14=0x00007fdcf8022f78 is an unknown value
R15=0x000000000000003c is an unknown value


Stack: [0x00007fdd48e87000,0x00007fdd48f88000],  sp=0x00007fdd48f83ff8,  free space=1011k
Native frames: (J=compiled Java code, j=interpreted, Vv=VM code, C=native code)
C  [libdbus-1.so.3+0x27a30]  getenv+0x27a30

Java frames: (J=compiled Java code, j=interpreted, Vv=VM code)
j  sun.net.spi.DefaultProxySelector.getSystemProxy(Ljava/lang/String;Ljava/lang/String;)Ljava/net/Proxy;+0
j  sun.net.spi.DefaultProxySelector.access$100(Lsun/net/spi/DefaultProxySelector;Ljava/lang/String;Ljava/lang/String;)Ljava/net/Proxy;+3
j  sun.net.spi.DefaultProxySelector$2.run()Ljava/net/Proxy;+151
j  sun.net.spi.DefaultProxySelector$2.run()Ljava/lang/Object;+1
v  ~StubRoutines::call_stub
j  java.security.AccessController.doPrivileged(Ljava/security/PrivilegedAction;)Ljava/lang/Object;+0
j  sun.net.spi.DefaultProxySelector.select(Ljava/net/URI;)Ljava/util/List;+223
j  java.net.SocksSocketImpl.connect(Ljava/net/SocketAddress;I)V+300
j  java.net.Socket.connect(Ljava/net/SocketAddress;I)V+179
j  org.apache.maven.wagon.providers.http.httpclient.conn.scheme.PlainSocketFactory.connectSocket(Ljava/net/Socket;Ljava/net/InetSocketAddress;Ljava/net/InetSocketAddress;Lorg/apache/maven/wagon/providers/http/httpclient/params/HttpParams;)Ljava/net/Socket;+89
j  org.apache.maven.wagon.providers.http.httpclient.impl.conn.DefaultClientConnectionOperator.openConnection(Lorg/apache/maven/wagon/providers/http/httpclient/conn/OperatedClientConnection;Lorg/apache/maven/wagon/providers/http/httpclient/HttpHost;Ljava/net/InetAddress;Lorg/apache/maven/wagon/providers/http/httpclient/protocol/HttpContext;Lorg/apache/maven/wagon/providers/http/httpclient/params/HttpParams;)V+241
j  org.apache.maven.wagon.providers.http.httpclient.impl.conn.AbstractPoolEntry.open(Lorg/apache/maven/wagon/providers/http/httpclient/conn/routing/HttpRoute;Lorg/apache/maven/wagon/providers/http/httpclient/protocol/HttpContext;Lorg/apache/maven/wagon/providers/http/httpclient/params/HttpParams;)V+101
j  org.apache.maven.wagon.providers.http.httpclient.impl.conn.AbstractPooledConnAdapter.open(Lorg/apache/maven/wagon/providers/http/httpclient/conn/routing/HttpRoute;Lorg/apache/maven/wagon/providers/http/httpclient/protocol/HttpContext;Lorg/apache/maven/wagon/providers/http/httpclient/params/HttpParams;)V+17
j  org.apache.maven.wagon.providers.http.httpclient.impl.client.DefaultRequestDirector.tryConnect(Lorg/apache/maven/wagon/providers/http/httpclient/impl/client/RoutedRequest;Lorg/apache/maven/wagon/providers/http/httpclient/protocol/HttpContext;)V+33
j  org.apache.maven.wagon.providers.http.httpclient.impl.client.DefaultRequestDirector.execute(Lorg/apache/maven/wagon/providers/http/httpclient/HttpHost;Lorg/apache/maven/wagon/providers/http/httpclient/HttpRequest;Lorg/apache/maven/wagon/providers/http/httpclient/protocol/HttpContext;)Lorg/apache/maven/wagon/providers/http/httpclient/HttpResponse;+345
j  org.apache.maven.wagon.providers.http.httpclient.impl.client.AbstractHttpClient.execute(Lorg/apache/maven/wagon/providers/http/httpclient/HttpHost;Lorg/apache/maven/wagon/providers/http/httpclient/HttpRequest;Lorg/apache/maven/wagon/providers/http/httpclient/protocol/HttpContext;)Lorg/apache/maven/wagon/providers/http/httpclient/HttpResponse;+129
j  org.apache.maven.wagon.providers.http.httpclient.impl.client.AbstractHttpClient.execute(Lorg/apache/maven/wagon/providers/http/httpclient/client/methods/HttpUriRequest;Lorg/apache/maven/wagon/providers/http/httpclient/protocol/HttpContext;)Lorg/apache/maven/wagon/providers/http/httpclient/HttpResponse;+21
j  org.apache.maven.wagon.shared.http4.AbstractHttpClientWagon.execute(Lorg/apache/maven/wagon/providers/http/httpclient/client/methods/HttpUriRequest;)Lorg/apache/maven/wagon/providers/http/httpclient/HttpResponse;+162
j  org.apache.maven.wagon.shared.http4.AbstractHttpClientWagon.fillInputData(Lorg/apache/maven/wagon/InputData;)V+181
j  org.apache.maven.wagon.StreamWagon.getInputStream(Lorg/apache/maven/wagon/resource/Resource;)Ljava/io/InputStream;+15
j  org.apache.maven.wagon.StreamWagon.getIfNewer(Ljava/lang/String;Ljava/io/File;J)Z+29
j  org.apache.maven.wagon.StreamWagon.get(Ljava/lang/String;Ljava/io/File;)V+4
j  org.sonatype.aether.connector.wagon.WagonRepositoryConnector$GetTask.run()V+285
j  org.sonatype.aether.util.concurrency.RunnableErrorForwarder$1.run()V+4
j  java.util.concurrent.ThreadPoolExecutor.runWorker(Ljava/util/concurrent/ThreadPoolExecutor$Worker;)V+46
j  java.util.concurrent.ThreadPoolExecutor$Worker.run()V+5
j  java.lang.Thread.run()V+11
v  ~StubRoutines::call_stub

---------------  P R O C E S S  ---------------

Java Threads: ( => current thread )
=>0x00007fdd0000e800 JavaThread "pool-3-thread-1" [_thread_in_native, id=15462, stack(0x00007fdd48e87000,0x00007fdd48f88000)]
  0x00007fdd040b9800 JavaThread "pool-2-thread-1" [_thread_in_native, id=15461, stack(0x00007fdd48f88000,0x00007fdd49089000)]
  0x00007fdd545b3800 JavaThread "pool-1-thread-2" [_thread_blocked, id=15460, stack(0x00007fdd492d0000,0x00007fdd493d1000)]
  0x00007fdd54608000 JavaThread "pool-1-thread-1" [_thread_blocked, id=15459, stack(0x00007fdd493d1000,0x00007fdd494d2000)]
  0x00007fdd54544000 JavaThread "process reaper" daemon [_thread_blocked, id=15456, stack(0x00007fdd50024000,0x00007fdd5004c000)]
  0x00007fdd540f0000 JavaThread "Service Thread" daemon [_thread_blocked, id=15448, stack(0x00007fdd49a2b000,0x00007fdd49b2c000)]
  0x00007fdd540ed800 JavaThread "C2 CompilerThread1" daemon [_thread_blocked, id=15447, stack(0x00007fdd49b2c000,0x00007fdd49c2d000)]
  0x00007fdd540ea800 JavaThread "C2 CompilerThread0" daemon [_thread_blocked, id=15446, stack(0x00007fdd49c2d000,0x00007fdd49d2e000)]
  0x00007fdd540e8800 JavaThread "Signal Dispatcher" daemon [_thread_blocked, id=15445, stack(0x00007fdd49d2e000,0x00007fdd49e2f000)]
  0x00007fdd5409a800 JavaThread "Finalizer" daemon [_thread_blocked, id=15444, stack(0x00007fdd49e2f000,0x00007fdd49f30000)]
  0x00007fdd54098800 JavaThread "Reference Handler" daemon [_thread_blocked, id=15443, stack(0x00007fdd5004c000,0x00007fdd5014d000)]
  0x00007fdd54008000 JavaThread "main" [_thread_blocked, id=15437, stack(0x00007fdd59dd9000,0x00007fdd59eda000)]

Other Threads:
  0x00007fdd54090800 VMThread [stack: 0x00007fdd5014d000,0x00007fdd5024e000] [id=15442]
  0x00007fdd540fa800 WatcherThread [stack: 0x00007fdd4992a000,0x00007fdd49a2b000] [id=15449]

VM state:not at safepoint (normal execution)

VM Mutex/Monitor currently owned by a thread: None

Heap
 PSYoungGen      total 33536K, used 15264K [0x00000000ebd60000, 0x00000000f0640000, 0x0000000100000000)
  eden space 30976K, 41% used [0x00000000ebd60000,0x00000000ec9d02e0,0x00000000edba0000)
  from space 2560K, 98% used [0x00000000edba0000,0x00000000ede18020,0x00000000ede20000)
  to   space 6336K, 0% used [0x00000000f0010000,0x00000000f0010000,0x00000000f0640000)
 ParOldGen       total 41280K, used 7484K [0x00000000c3800000, 0x00000000c6050000, 0x00000000ebd60000)
  object space 41280K, 18% used [0x00000000c3800000,0x00000000c3f4f090,0x00000000c6050000)
 PSPermGen       total 21248K, used 15161K [0x00000000be600000, 0x00000000bfac0000, 0x00000000c3800000)
  object space 21248K, 71% used [0x00000000be600000,0x00000000bf4ce630,0x00000000bfac0000)

Card table byte_map: [0x00007fdd5928a000,0x00007fdd59498000] byte_map_base: 0x00007fdd58c97000

Polling page: 0x00007fdd5ae38000

Code Cache  [0x00007fdd51000000, 0x00007fdd51270000, 0x00007fdd54000000)
 total_blobs=543 nmethods=260 adapters=235 free_code_cache=47985Kb largest_free_block=49106432

Compilation events (10 events):
Event: 12,174 Thread 0x00007fdd540ea800 nmethod 255 0x00007fdd51127450 code [0x00007fdd511275a0, 0x00007fdd511277d8]
Event: 12,174 Thread 0x00007fdd540ea800  257             sun.reflect.ClassFileAssembler::emitConstantPoolUTF8 (50 bytes)
Event: 12,219 Thread 0x00007fdd540ed800 nmethod 256 0x00007fdd511227d0 code [0x00007fdd51122940, 0x00007fdd51123178]
Event: 12,245 Thread 0x00007fdd540ea800 nmethod 257 0x00007fdd51127950 code [0x00007fdd51127b20, 0x00007fdd511286b0]
Event: 12,270 Thread 0x00007fdd540ed800  258             java.net.URI$Parser::charAt (9 bytes)
Event: 12,272 Thread 0x00007fdd540ed800 nmethod 258 0x00007fdd511221d0 code [0x00007fdd51122320, 0x00007fdd511223d8]
Event: 12,284 Thread 0x00007fdd540ea800  259             java.util.Arrays::copyOf (19 bytes)
Event: 12,291 Thread 0x00007fdd540ea800 nmethod 259 0x00007fdd511294d0 code [0x00007fdd51129620, 0x00007fdd511297f8]
Event: 12,346 Thread 0x00007fdd540ed800  260   !         java.util.zip.ZipFile::getEntry (86 bytes)
Event: 12,367 Thread 0x00007fdd540ed800 nmethod 260 0x00007fdd510be890 code [0x00007fdd510bea80, 0x00007fdd510bf1f8]

GC Heap History (10 events):
Event: 3,059 GC heap before
{Heap before GC invocations=1 (full 0):
 PSYoungGen      total 18048K, used 15488K [0x00000000ebd60000, 0x00000000ed180000, 0x0000000100000000)
  eden space 15488K, 100% used [0x00000000ebd60000,0x00000000ecc80000,0x00000000ecc80000)
  from space 2560K, 0% used [0x00000000ecf00000,0x00000000ecf00000,0x00000000ed180000)
  to   space 2560K, 0% used [0x00000000ecc80000,0x00000000ecc80000,0x00000000ecf00000)
 ParOldGen       total 41280K, used 0K [0x00000000c3800000, 0x00000000c6050000, 0x00000000ebd60000)
  object space 41280K, 0% used [0x00000000c3800000,0x00000000c3800000,0x00000000c6050000)
 PSPermGen       total 21248K, used 6684K [0x00000000be600000, 0x00000000bfac0000, 0x00000000c3800000)
  object space 21248K, 31% used [0x00000000be600000,0x00000000bec87100,0x00000000bfac0000)
Event: 3,086 GC heap after
Heap after GC invocations=1 (full 0):
 PSYoungGen      total 18048K, used 2528K [0x00000000ebd60000, 0x00000000ed180000, 0x0000000100000000)
  eden space 15488K, 0% used [0x00000000ebd60000,0x00000000ebd60000,0x00000000ecc80000)
  from space 2560K, 98% used [0x00000000ecc80000,0x00000000ecef83e8,0x00000000ecf00000)
  to   space 2560K, 0% used [0x00000000ecf00000,0x00000000ecf00000,0x00000000ed180000)
 ParOldGen       total 41280K, used 683K [0x00000000c3800000, 0x00000000c6050000, 0x00000000ebd60000)
  object space 41280K, 1% used [0x00000000c3800000,0x00000000c38aaca0,0x00000000c6050000)
 PSPermGen       total 21248K, used 6684K [0x00000000be600000, 0x00000000bfac0000, 0x00000000c3800000)
  object space 21248K, 31% used [0x00000000be600000,0x00000000bec87100,0x00000000bfac0000)
}
Event: 4,118 GC heap before
{Heap before GC invocations=2 (full 0):
 PSYoungGen      total 18048K, used 18016K [0x00000000ebd60000, 0x00000000ed180000, 0x0000000100000000)
  eden space 15488K, 100% used [0x00000000ebd60000,0x00000000ecc80000,0x00000000ecc80000)
  from space 2560K, 98% used [0x00000000ecc80000,0x00000000ecef83e8,0x00000000ecf00000)
  to   space 2560K, 0% used [0x00000000ecf00000,0x00000000ecf00000,0x00000000ed180000)
 ParOldGen       total 41280K, used 683K [0x00000000c3800000, 0x00000000c6050000, 0x00000000ebd60000)
  object space 41280K, 1% used [0x00000000c3800000,0x00000000c38aaca0,0x00000000c6050000)
 PSPermGen       total 21248K, used 7615K [0x00000000be600000, 0x00000000bfac0000, 0x00000000c3800000)
  object space 21248K, 35% used [0x00000000be600000,0x00000000bed6fe48,0x00000000bfac0000)
Event: 4,130 GC heap after
Heap after GC invocations=2 (full 0):
 PSYoungGen      total 18048K, used 2520K [0x00000000ebd60000, 0x00000000ee0a0000, 0x0000000100000000)
  eden space 15488K, 0% used [0x00000000ebd60000,0x00000000ebd60000,0x00000000ecc80000)
  from space 2560K, 98% used [0x00000000ecf00000,0x00000000ed1763f0,0x00000000ed180000)
  to   space 2560K, 0% used [0x00000000ecc80000,0x00000000ecc80000,0x00000000ecf00000)
 ParOldGen       total 41280K, used 691K [0x00000000c3800000, 0x00000000c6050000, 0x00000000ebd60000)
  object space 41280K, 1% used [0x00000000c3800000,0x00000000c38acca0,0x00000000c6050000)
 PSPermGen       total 21248K, used 7615K [0x00000000be600000, 0x00000000bfac0000, 0x00000000c3800000)
  object space 21248K, 35% used [0x00000000be600000,0x00000000bed6fe48,0x00000000bfac0000)
}
Event: 5,425 GC heap before
{Heap before GC invocations=3 (full 0):
 PSYoungGen      total 18048K, used 18008K [0x00000000ebd60000, 0x00000000ee0a0000, 0x0000000100000000)
  eden space 15488K, 100% used [0x00000000ebd60000,0x00000000ecc80000,0x00000000ecc80000)
  from space 2560K, 98% used [0x00000000ecf00000,0x00000000ed1763f0,0x00000000ed180000)
  to   space 2560K, 0% used [0x00000000ecc80000,0x00000000ecc80000,0x00000000ecf00000)
 ParOldGen       total 41280K, used 691K [0x00000000c3800000, 0x00000000c6050000, 0x00000000ebd60000)
  object space 41280K, 1% used [0x00000000c3800000,0x00000000c38acca0,0x00000000c6050000)
 PSPermGen       total 21248K, used 9772K [0x00000000be600000, 0x00000000bfac0000, 0x00000000c3800000)
  object space 21248K, 45% used [0x00000000be600000,0x00000000bef8b2f0,0x00000000bfac0000)
Event: 5,451 GC heap after
Heap after GC invocations=3 (full 0):
 PSYoungGen      total 18048K, used 2528K [0x00000000ebd60000, 0x00000000ee0a0000, 0x0000000100000000)
  eden space 15488K, 0% used [0x00000000ebd60000,0x00000000ebd60000,0x00000000ecc80000)
  from space 2560K, 98% used [0x00000000ecc80000,0x00000000ecef8020,0x00000000ecf00000)
  to   space 2560K, 0% used [0x00000000ede20000,0x00000000ede20000,0x00000000ee0a0000)
 ParOldGen       total 41280K, used 2188K [0x00000000c3800000, 0x00000000c6050000, 0x00000000ebd60000)
  object space 41280K, 5% used [0x00000000c3800000,0x00000000c3a23258,0x00000000c6050000)
 PSPermGen       total 21248K, used 9772K [0x00000000be600000, 0x00000000bfac0000, 0x00000000c3800000)
  object space 21248K, 45% used [0x00000000be600000,0x00000000bef8b2f0,0x00000000bfac0000)
}
Event: 7,860 GC heap before
{Heap before GC invocations=4 (full 0):
 PSYoungGen      total 18048K, used 18016K [0x00000000ebd60000, 0x00000000ee0a0000, 0x0000000100000000)
  eden space 15488K, 100% used [0x00000000ebd60000,0x00000000ecc80000,0x00000000ecc80000)
  from space 2560K, 98% used [0x00000000ecc80000,0x00000000ecef8020,0x00000000ecf00000)
  to   space 2560K, 0% used [0x00000000ede20000,0x00000000ede20000,0x00000000ee0a0000)
 ParOldGen       total 41280K, used 2188K [0x00000000c3800000, 0x00000000c6050000, 0x00000000ebd60000)
  object space 41280K, 5% used [0x00000000c3800000,0x00000000c3a23258,0x00000000c6050000)
 PSPermGen       total 21248K, used 12244K [0x00000000be600000, 0x00000000bfac0000, 0x00000000c3800000)
  object space 21248K, 57% used [0x00000000be600000,0x00000000bf1f5028,0x00000000bfac0000)
Event: 7,916 GC heap after
Heap after GC invocations=4 (full 0):
 PSYoungGen      total 33536K, used 2538K [0x00000000ebd60000, 0x00000000ee0a0000, 0x0000000100000000)
  eden space 30976K, 0% used [0x00000000ebd60000,0x00000000ebd60000,0x00000000edba0000)
  from space 2560K, 99% used [0x00000000ede20000,0x00000000ee09ab08,0x00000000ee0a0000)
  to   space 2560K, 0% used [0x00000000edba0000,0x00000000edba0000,0x00000000ede20000)
 ParOldGen       total 41280K, used 4481K [0x00000000c3800000, 0x00000000c6050000, 0x00000000ebd60000)
  object space 41280K, 10% used [0x00000000c3800000,0x00000000c3c606f8,0x00000000c6050000)
 PSPermGen       total 21248K, used 12244K [0x00000000be600000, 0x00000000bfac0000, 0x00000000c3800000)
  object space 21248K, 57% used [0x00000000be600000,0x00000000bf1f5028,0x00000000bfac0000)
}
Event: 11,068 GC heap before
{Heap before GC invocations=5 (full 0):
 PSYoungGen      total 33536K, used 33514K [0x00000000ebd60000, 0x00000000ee0a0000, 0x0000000100000000)
  eden space 30976K, 100% used [0x00000000ebd60000,0x00000000edba0000,0x00000000edba0000)
  from space 2560K, 99% used [0x00000000ede20000,0x00000000ee09ab08,0x00000000ee0a0000)
  to   space 2560K, 0% used [0x00000000edba0000,0x00000000edba0000,0x00000000ede20000)
 ParOldGen       total 41280K, used 4481K [0x00000000c3800000, 0x00000000c6050000, 0x00000000ebd60000)
  object space 41280K, 10% used [0x00000000c3800000,0x00000000c3c606f8,0x00000000c6050000)
 PSPermGen       total 21248K, used 12762K [0x00000000be600000, 0x00000000bfac0000, 0x00000000c3800000)
  object space 21248K, 60% used [0x00000000be600000,0x00000000bf276b28,0x00000000bfac0000)
Event: 11,151 GC heap after
Heap after GC invocations=5 (full 0):
 PSYoungGen      total 33536K, used 2528K [0x00000000ebd60000, 0x00000000f0640000, 0x0000000100000000)
  eden space 30976K, 0% used [0x00000000ebd60000,0x00000000ebd60000,0x00000000edba0000)
  from space 2560K, 98% used [0x00000000edba0000,0x00000000ede18020,0x00000000ede20000)
  to   space 6336K, 0% used [0x00000000f0010000,0x00000000f0010000,0x00000000f0640000)
 ParOldGen       total 41280K, used 7484K [0x00000000c3800000, 0x00000000c6050000, 0x00000000ebd60000)
  object space 41280K, 18% used [0x00000000c3800000,0x00000000c3f4f090,0x00000000c6050000)
 PSPermGen       total 21248K, used 12762K [0x00000000be600000, 0x00000000bfac0000, 0x00000000c3800000)
  object space 21248K, 60% used [0x00000000be600000,0x00000000bf276b28,0x00000000bfac0000)
}

Deoptimization events (10 events):
Event: 9,736 Thread 0x00007fdd54008000 Uncommon trap -12 fr.pc 0x00007fdd510e6730
Event: 10,049 Thread 0x00007fdd54008000 Uncommon trap -12 fr.pc 0x00007fdd510f2c60
Event: 10,154 Thread 0x00007fdd54008000 Uncommon trap -58 fr.pc 0x00007fdd510b2b30
Event: 10,154 Thread 0x00007fdd54008000 Uncommon trap -58 fr.pc 0x00007fdd510b2b30
Event: 11,212 Thread 0x00007fdd545b3800 Uncommon trap -83 fr.pc 0x00007fdd51079cb8
Event: 11,704 Thread 0x00007fdd545b3800 Uncommon trap -34 fr.pc 0x00007fdd510df444
Event: 11,970 Thread 0x00007fdd545b3800 Uncommon trap -34 fr.pc 0x00007fdd510df444
Event: 12,088 Thread 0x00007fdd545b3800 Uncommon trap -34 fr.pc 0x00007fdd510df444
Event: 12,111 Thread 0x00007fdd54608000 Uncommon trap -34 fr.pc 0x00007fdd510df444
Event: 12,161 Thread 0x00007fdd545b3800 Uncommon trap -83 fr.pc 0x00007fdd510990e4

Internal exceptions (10 events):
Event: 12,401 Thread 0x00007fdd0000e800 Threw 0x00000000ec8d0ef0 at /HUDSON/workspace/jdk7u6-2-build-linux-amd64-product/jdk7u6/hotspot/src/share/vm/prims/jvm.cpp:1166
Event: 12,402 Thread 0x00007fdd0000e800 Threw 0x00000000ec8d1540 at /HUDSON/workspace/jdk7u6-2-build-linux-amd64-product/jdk7u6/hotspot/src/share/vm/prims/jvm.cpp:1166
Event: 12,405 Thread 0x00007fdd0000e800 Threw 0x00000000ec8de270 at /HUDSON/workspace/jdk7u6-2-build-linux-amd64-product/jdk7u6/hotspot/src/share/vm/prims/jvm.cpp:1166
Event: 12,405 Thread 0x00007fdd0000e800 Threw 0x00000000ec8de900 at /HUDSON/workspace/jdk7u6-2-build-linux-amd64-product/jdk7u6/hotspot/src/share/vm/prims/jvm.cpp:1166
Event: 12,406 Thread 0x00007fdd0000e800 Threw 0x00000000ec8e4470 at /HUDSON/workspace/jdk7u6-2-build-linux-amd64-product/jdk7u6/hotspot/src/share/vm/prims/jvm.cpp:1166
Event: 12,406 Thread 0x00007fdd0000e800 Threw 0x00000000ec8e4ce0 at /HUDSON/workspace/jdk7u6-2-build-linux-amd64-product/jdk7u6/hotspot/src/share/vm/prims/jvm.cpp:1166
Event: 12,407 Thread 0x00007fdd0000e800 Threw 0x00000000ec93a738 at /HUDSON/workspace/jdk7u6-2-build-linux-amd64-product/jdk7u6/hotspot/src/share/vm/prims/jvm.cpp:1166
Event: 12,407 Thread 0x00007fdd0000e800 Threw 0x00000000ec93afa8 at /HUDSON/workspace/jdk7u6-2-build-linux-amd64-product/jdk7u6/hotspot/src/share/vm/prims/jvm.cpp:1166
Event: 12,412 Thread 0x00007fdd040b9800 Threw 0x00000000ec983200 at /HUDSON/workspace/jdk7u6-2-build-linux-amd64-product/jdk7u6/hotspot/src/share/vm/prims/jvm.cpp:1166
Event: 12,412 Thread 0x00007fdd040b9800 Threw 0x00000000ec983800 at /HUDSON/workspace/jdk7u6-2-build-linux-amd64-product/jdk7u6/hotspot/src/share/vm/prims/jvm.cpp:1166

Events (10 events):
Event: 12,934 loading class 0x00007fdcf8010500
Event: 12,934 loading class 0x00007fdcf8010500 done
Event: 12,936 loading class 0x00007fdd540d9120
Event: 12,936 loading class 0x00007fdd540d9120 done
Event: 12,936 loading class 0x00007fdd540d9150
Event: 12,936 loading class 0x00007fdd540d9150 done
Event: 12,941 loading class 0x00007fdcf80100a0
Event: 12,942 loading class 0x00007fdcf80100a0 done
Event: 12,942 Executing VM operation: RevokeBias
Event: 12,943 Executing VM operation: RevokeBias done


Dynamic libraries:
00400000-00401000 r-xp 00000000 fd:02 262331                             /usr/java/jdk1.7.0_06/bin/java
00600000-00601000 rw-p 00000000 fd:02 262331                             /usr/java/jdk1.7.0_06/bin/java
021d7000-021f8000 rw-p 00000000 00:00 0                                  [heap]
be600000-bfac0000 rw-p 00000000 00:00 0 
bfac0000-c3800000 rw-p 00000000 00:00 0 
c3800000-c6050000 rw-p 00000000 00:00 0 
c6050000-ebd60000 rw-p 00000000 00:00 0 
ebd60000-f0640000 rw-p 00000000 00:00 0 
f0640000-100000000 rw-p 00000000 00:00 0 
3821800000-3821820000 r-xp 00000000 fd:02 173274                         /usr/lib64/ld-2.15.so
3821a1f000-3821a20000 r--p 0001f000 fd:02 173274                         /usr/lib64/ld-2.15.so
3821a20000-3821a21000 rw-p 00020000 fd:02 173274                         /usr/lib64/ld-2.15.so
3821a21000-3821a22000 rw-p 00000000 00:00 0 
3821c00000-3821dac000 r-xp 00000000 fd:02 181112                         /usr/lib64/libc-2.15.so
3821dac000-3821fac000 ---p 001ac000 fd:02 181112                         /usr/lib64/libc-2.15.so
3821fac000-3821fb0000 r--p 001ac000 fd:02 181112                         /usr/lib64/libc-2.15.so
3821fb0000-3821fb2000 rw-p 001b0000 fd:02 181112                         /usr/lib64/libc-2.15.so
3821fb2000-3821fb7000 rw-p 00000000 00:00 0 
3822000000-3822016000 r-xp 00000000 fd:02 181115                         /usr/lib64/libpthread-2.15.so
3822016000-3822216000 ---p 00016000 fd:02 181115                         /usr/lib64/libpthread-2.15.so
3822216000-3822217000 r--p 00016000 fd:02 181115                         /usr/lib64/libpthread-2.15.so
3822217000-3822218000 rw-p 00017000 fd:02 181115                         /usr/lib64/libpthread-2.15.so
3822218000-382221c000 rw-p 00000000 00:00 0 
3822400000-3822403000 r-xp 00000000 fd:02 136427                         /usr/lib64/libdl-2.15.so
3822403000-3822602000 ---p 00003000 fd:02 136427                         /usr/lib64/libdl-2.15.so
3822602000-3822603000 r--p 00002000 fd:02 136427                         /usr/lib64/libdl-2.15.so
3822603000-3822604000 rw-p 00003000 fd:02 136427                         /usr/lib64/libdl-2.15.so
3822800000-3822807000 r-xp 00000000 fd:02 181116                         /usr/lib64/librt-2.15.so
3822807000-3822a06000 ---p 00007000 fd:02 181116                         /usr/lib64/librt-2.15.so
3822a06000-3822a07000 r--p 00006000 fd:02 181116                         /usr/lib64/librt-2.15.so
3822a07000-3822a08000 rw-p 00007000 fd:02 181116                         /usr/lib64/librt-2.15.so
3822c00000-3822c17000 r-xp 00000000 fd:02 181123                         /usr/lib64/libz.so.1.2.5
3822c17000-3822e16000 ---p 00017000 fd:02 181123                         /usr/lib64/libz.so.1.2.5
3822e16000-3822e17000 rw-p 00016000 fd:02 181123                         /usr/lib64/libz.so.1.2.5
3823000000-38230fa000 r-xp 00000000 fd:02 181113                         /usr/lib64/libm-2.15.so
38230fa000-38232f9000 ---p 000fa000 fd:02 181113                         /usr/lib64/libm-2.15.so
38232f9000-38232fa000 r--p 000f9000 fd:02 181113                         /usr/lib64/libm-2.15.so
38232fa000-38232fb000 rw-p 000fa000 fd:02 181113                         /usr/lib64/libm-2.15.so
3823400000-382341e000 r-xp 00000000 fd:02 181136                         /usr/lib64/libselinux.so.1
382341e000-382361d000 ---p 0001e000 fd:02 181136                         /usr/lib64/libselinux.so.1
382361d000-382361e000 r--p 0001d000 fd:02 181136                         /usr/lib64/libselinux.so.1
382361e000-382361f000 rw-p 0001e000 fd:02 181136                         /usr/lib64/libselinux.so.1
382361f000-3823621000 rw-p 00000000 00:00 0 
3823800000-382391d000 r-xp 00000000 fd:02 181117                         /usr/lib64/libglib-2.0.so.0.3200.4
382391d000-3823b1d000 ---p 0011d000 fd:02 181117                         /usr/lib64/libglib-2.0.so.0.3200.4
3823b1d000-3823b1e000 r--p 0011d000 fd:02 181117                         /usr/lib64/libglib-2.0.so.0.3200.4
3823b1e000-3823b1f000 rw-p 0011e000 fd:02 181117                         /usr/lib64/libglib-2.0.so.0.3200.4
3823b1f000-3823b20000 rw-p 00000000 00:00 0 
3823c00000-3823c16000 r-xp 00000000 fd:02 181137                         /usr/lib64/libresolv-2.15.so
3823c16000-3823e15000 ---p 00016000 fd:02 181137                         /usr/lib64/libresolv-2.15.so
3823e15000-3823e16000 r--p 00015000 fd:02 181137                         /usr/lib64/libresolv-2.15.so
3823e16000-3823e17000 rw-p 00016000 fd:02 181137                         /usr/lib64/libresolv-2.15.so
3823e17000-3823e19000 rw-p 00000000 00:00 0 
3824000000-3824001000 r-xp 00000000 fd:02 181130                         /usr/lib64/libgthread-2.0.so.0.3200.4
3824001000-3824200000 ---p 00001000 fd:02 181130                         /usr/lib64/libgthread-2.0.so.0.3200.4
3824200000-3824201000 r--p 00000000 fd:02 181130                         /usr/lib64/libgthread-2.0.so.0.3200.4
3824201000-3824202000 rw-p 00001000 fd:02 181130                         /usr/lib64/libgthread-2.0.so.0.3200.4
3824400000-382444b000 r-xp 00000000 fd:02 181132                         /usr/lib64/libgobject-2.0.so.0.3200.4
382444b000-382464b000 ---p 0004b000 fd:02 181132                         /usr/lib64/libgobject-2.0.so.0.3200.4
382464b000-382464c000 r--p 0004b000 fd:02 181132                         /usr/lib64/libgobject-2.0.so.0.3200.4
382464c000-382464d000 rw-p 0004c000 fd:02 181132                         /usr/lib64/libgobject-2.0.so.0.3200.4
3824800000-3824807000 r-xp 00000000 fd:02 181131                         /usr/lib64/libffi.so.5.0.10
3824807000-3824a06000 ---p 00007000 fd:02 181131                         /usr/lib64/libffi.so.5.0.10
3824a06000-3824a07000 r--p 00006000 fd:02 181131                         /usr/lib64/libffi.so.5.0.10
3824a07000-3824a08000 rw-p 00007000 fd:02 181131                         /usr/lib64/libffi.so.5.0.10
3824c00000-3824c03000 r-xp 00000000 fd:02 181118                         /usr/lib64/libgmodule-2.0.so.0.3200.4
3824c03000-3824e02000 ---p 00003000 fd:02 181118                         /usr/lib64/libgmodule-2.0.so.0.3200.4
3824e02000-3824e03000 r--p 00002000 fd:02 181118                         /usr/lib64/libgmodule-2.0.so.0.3200.4
3824e03000-3824e04000 rw-p 00003000 fd:02 181118                         /usr/lib64/libgmodule-2.0.so.0.3200.4
3825000000-3825146000 r-xp 00000000 fd:02 181138                         /usr/lib64/libgio-2.0.so.0.3200.4
3825146000-3825345000 ---p 00146000 fd:02 181138                         /usr/lib64/libgio-2.0.so.0.3200.4
3825345000-3825349000 r--p 00145000 fd:02 181138                         /usr/lib64/libgio-2.0.so.0.3200.4
3825349000-382534b000 rw-p 00149000 fd:02 181138                         /usr/lib64/libgio-2.0.so.0.3200.4
382534b000-382534d000 rw-p 00000000 00:00 0 
3825400000-3825415000 r-xp 00000000 fd:02 181151                         /usr/lib64/libgcc_s-4.7.2-20120921.so.1
3825415000-3825614000 ---p 00015000 fd:02 181151                         /usr/lib64/libgcc_s-4.7.2-20120921.so.1
3825614000-3825615000 rw-p 00014000 fd:02 181151                         /usr/lib64/libgcc_s-4.7.2-20120921.so.1
3826c00000-3826c43000 r-xp 00000000 fd:02 181204                         /usr/lib64/libdbus-1.so.3.5.6
3826c43000-3826e42000 ---p 00043000 fd:02 181204                         /usr/lib64/libdbus-1.so.3.5.6
3826e42000-3826e43000 r--p 00042000 fd:02 181204                         /usr/lib64/libdbus-1.so.3.5.6
3826e43000-3826e44000 rw-p 00043000 fd:02 181204                         /usr/lib64/libdbus-1.so.3.5.6
382e800000-382e825000 r-xp 00000000 fd:02 170740                         /usr/lib64/libdbus-glib-1.so.2.2.2
382e825000-382ea25000 ---p 00025000 fd:02 170740                         /usr/lib64/libdbus-glib-1.so.2.2.2
382ea25000-382ea26000 r--p 00025000 fd:02 170740                         /usr/lib64/libdbus-glib-1.so.2.2.2
382ea26000-382ea27000 rw-p 00026000 fd:02 170740                         /usr/lib64/libdbus-glib-1.so.2.2.2
3831800000-383182f000 r-xp 00000000 fd:02 181207                         /usr/lib64/libgconf-2.so.4.1.5
383182f000-3831a2e000 ---p 0002f000 fd:02 181207                         /usr/lib64/libgconf-2.so.4.1.5
3831a2e000-3831a2f000 r--p 0002e000 fd:02 181207                         /usr/lib64/libgconf-2.so.4.1.5
3831a2f000-3831a30000 rw-p 0002f000 fd:02 181207                         /usr/lib64/libgconf-2.so.4.1.5
7fdcf0000000-7fdcf0049000 rw-p 00000000 00:00 0 
7fdcf0049000-7fdcf4000000 ---p 00000000 00:00 0 
7fdcf8000000-7fdcf8028000 rw-p 00000000 00:00 0 
7fdcf8028000-7fdcfc000000 ---p 00000000 00:00 0 
7fdd00000000-7fdd00021000 rw-p 00000000 00:00 0 
7fdd00021000-7fdd04000000 ---p 00000000 00:00 0 
7fdd04000000-7fdd040ee000 rw-p 00000000 00:00 0 
7fdd040ee000-7fdd08000000 ---p 00000000 00:00 0 
7fdd08000000-7fdd08021000 rw-p 00000000 00:00 0 
7fdd08021000-7fdd0c000000 ---p 00000000 00:00 0 
7fdd0c000000-7fdd0c021000 rw-p 00000000 00:00 0 
7fdd0c021000-7fdd10000000 ---p 00000000 00:00 0 
7fdd10000000-7fdd10ba5000 rw-p 00000000 00:00 0 
7fdd10ba5000-7fdd14000000 ---p 00000000 00:00 0 
7fdd14000000-7fdd14021000 rw-p 00000000 00:00 0 
7fdd14021000-7fdd18000000 ---p 00000000 00:00 0 
7fdd18000000-7fdd18bd2000 rw-p 00000000 00:00 0 
7fdd18bd2000-7fdd1c000000 ---p 00000000 00:00 0 
7fdd1dbd3000-7fdd24000000 r--p 00000000 fd:02 181050                     /usr/lib/locale/locale-archive
7fdd24000000-7fdd24021000 rw-p 00000000 00:00 0 
7fdd24021000-7fdd28000000 ---p 00000000 00:00 0 
7fdd28000000-7fdd28021000 rw-p 00000000 00:00 0 
7fdd28021000-7fdd2c000000 ---p 00000000 00:00 0 
7fdd2c000000-7fdd2c021000 rw-p 00000000 00:00 0 
7fdd2c021000-7fdd30000000 ---p 00000000 00:00 0 
7fdd30000000-7fdd30021000 rw-p 00000000 00:00 0 
7fdd30021000-7fdd34000000 ---p 00000000 00:00 0 
7fdd34000000-7fdd34021000 rw-p 00000000 00:00 0 
7fdd34021000-7fdd38000000 ---p 00000000 00:00 0 
7fdd3c000000-7fdd3c021000 rw-p 00000000 00:00 0 
7fdd3c021000-7fdd40000000 ---p 00000000 00:00 0 
7fdd44000000-7fdd44021000 rw-p 00000000 00:00 0 
7fdd44021000-7fdd48000000 ---p 00000000 00:00 0 
7fdd48a7d000-7fdd48a82000 r-xp 00000000 fd:02 135305                     /usr/lib64/libnss_dns-2.15.so
7fdd48a82000-7fdd48c82000 ---p 00005000 fd:02 135305                     /usr/lib64/libnss_dns-2.15.so
7fdd48c82000-7fdd48c83000 r--p 00005000 fd:02 135305                     /usr/lib64/libnss_dns-2.15.so
7fdd48c83000-7fdd48c84000 rw-p 00006000 fd:02 135305                     /usr/lib64/libnss_dns-2.15.so
7fdd48c84000-7fdd48c86000 r-xp 00000000 fd:02 55714                      /usr/lib64/libnss_mdns4_minimal.so.2
7fdd48c86000-7fdd48e85000 ---p 00002000 fd:02 55714                      /usr/lib64/libnss_mdns4_minimal.so.2
7fdd48e85000-7fdd48e86000 r--p 00001000 fd:02 55714                      /usr/lib64/libnss_mdns4_minimal.so.2
7fdd48e86000-7fdd48e87000 rw-p 00002000 fd:02 55714                      /usr/lib64/libnss_mdns4_minimal.so.2
7fdd48e87000-7fdd48e8a000 ---p 00000000 00:00 0 
7fdd48e8a000-7fdd48f88000 rw-p 00000000 00:00 0                          [stack:15462]
7fdd48f88000-7fdd48f8b000 ---p 00000000 00:00 0 
7fdd48f8b000-7fdd49089000 rw-p 00000000 00:00 0                          [stack:15461]
7fdd49089000-7fdd490bb000 r-xp 00000000 fd:02 393928                     /usr/java/jdk1.7.0_06/jre/lib/amd64/libsunec.so
7fdd490bb000-7fdd492ba000 ---p 00032000 fd:02 393928                     /usr/java/jdk1.7.0_06/jre/lib/amd64/libsunec.so
7fdd492ba000-7fdd492c0000 rw-p 00031000 fd:02 393928                     /usr/java/jdk1.7.0_06/jre/lib/amd64/libsunec.so
7fdd492c0000-7fdd492d0000 rw-p 00000000 00:00 0 
7fdd492d0000-7fdd492d3000 ---p 00000000 00:00 0 
7fdd492d3000-7fdd493d1000 rw-p 00000000 00:00 0                          [stack:15460]
7fdd493d1000-7fdd493d4000 ---p 00000000 00:00 0 
7fdd493d4000-7fdd49503000 rw-p 00000000 00:00 0                          [stack:15459]
7fdd49503000-7fdd49518000 r-xp 00000000 fd:02 393919                     /usr/java/jdk1.7.0_06/jre/lib/amd64/libnet.so
7fdd49518000-7fdd49718000 ---p 00015000 fd:02 393919                     /usr/java/jdk1.7.0_06/jre/lib/amd64/libnet.so
7fdd49718000-7fdd49719000 rw-p 00015000 fd:02 393919                     /usr/java/jdk1.7.0_06/jre/lib/amd64/libnet.so
7fdd49719000-7fdd49729000 r-xp 00000000 fd:02 393920                     /usr/java/jdk1.7.0_06/jre/lib/amd64/libnio.so
7fdd49729000-7fdd49929000 ---p 00010000 fd:02 393920                     /usr/java/jdk1.7.0_06/jre/lib/amd64/libnio.so
7fdd49929000-7fdd4992a000 rw-p 00010000 fd:02 393920                     /usr/java/jdk1.7.0_06/jre/lib/amd64/libnio.so
7fdd4992a000-7fdd4992b000 ---p 00000000 00:00 0 
7fdd4992b000-7fdd49a2b000 rw-p 00000000 00:00 0                          [stack:15449]
7fdd49a2b000-7fdd49a2e000 ---p 00000000 00:00 0 
7fdd49a2e000-7fdd49b2c000 rw-p 00000000 00:00 0                          [stack:15448]
7fdd49b2c000-7fdd49b2f000 ---p 00000000 00:00 0 
7fdd49b2f000-7fdd49c2d000 rw-p 00000000 00:00 0                          [stack:15447]
7fdd49c2d000-7fdd49c30000 ---p 00000000 00:00 0 
7fdd49c30000-7fdd49d2e000 rw-p 00000000 00:00 0                          [stack:15446]
7fdd49d2e000-7fdd49d31000 ---p 00000000 00:00 0 
7fdd49d31000-7fdd49e2f000 rw-p 00000000 00:00 0                          [stack:15445]
7fdd49e2f000-7fdd49e32000 ---p 00000000 00:00 0 
7fdd49e32000-7fdd4c000000 rw-p 00000000 00:00 0                          [stack:15444]
7fdd4c000000-7fdd4c021000 rw-p 00000000 00:00 0 
7fdd4c021000-7fdd50000000 ---p 00000000 00:00 0 
7fdd50024000-7fdd50027000 ---p 00000000 00:00 0 
7fdd50027000-7fdd5004c000 rw-p 00000000 00:00 0                          [stack:15456]
7fdd5004c000-7fdd5004f000 ---p 00000000 00:00 0 
7fdd5004f000-7fdd5014d000 rw-p 00000000 00:00 0                          [stack:15443]
7fdd5014d000-7fdd5014e000 ---p 00000000 00:00 0 
7fdd5014e000-7fdd51000000 rw-p 00000000 00:00 0                          [stack:15442]
7fdd51000000-7fdd51270000 rwxp 00000000 00:00 0 
7fdd51270000-7fdd54661000 rw-p 00000000 00:00 0 
7fdd54661000-7fdd58000000 ---p 00000000 00:00 0 
7fdd58010000-7fdd58014000 r--s 0002d000 fd:02 394068                     /usr/java/jdk1.7.0_06/jre/lib/ext/sunjce_provider.jar
7fdd58014000-7fdd58018000 r--s 00037000 fd:02 394069                     /usr/java/jdk1.7.0_06/jre/lib/ext/sunpkcs11.jar
7fdd58018000-7fdd5801b000 r--s 00033000 fd:03 5377259                    /home/daniel/netbeans-7.2/java/maven/lib/plexus-utils-2.0.6.jar
7fdd5801b000-7fdd5801f000 r--s 0001c000 fd:03 5377260                    /home/daniel/netbeans-7.2/java/maven/lib/aether-util-1.13.1.jar
7fdd5801f000-7fdd58020000 r--s 00002000 fd:03 5377287                    /home/daniel/netbeans-7.2/java/maven/lib/wagon-file-2.2.jar
7fdd58020000-7fdd58022000 r--s 00009000 fd:03 5377243                    /home/daniel/netbeans-7.2/java/maven/lib/maven-embedder-3.0.4.jar
7fdd58022000-7fdd58029000 r--s 0003e000 fd:03 5377229                    /home/daniel/netbeans-7.2/java/maven/lib/sisu-inject-bean-2.3.0.jar
7fdd58029000-7fdd5802b000 r--s 00006000 fd:03 5377050                    /home/daniel/netbeans-7.2/java/maven/lib/maven-repository-metadata-3.0.4.jar
7fdd5802b000-7fdd58030000 r--s 00020000 fd:03 5377184                    /home/daniel/netbeans-7.2/java/maven/lib/maven-model-builder-3.0.4.jar
7fdd58030000-7fdd58032000 r--s 00006000 fd:03 5377111                    /home/daniel/netbeans-7.2/java/maven/lib/aether-connector-wagon-1.13.1.jar
7fdd58032000-7fdd5803a000 r--s 0004e000 fd:03 5377219                    /home/daniel/netbeans-7.2/java/maven/lib/sisu-guice-3.1.0-no_aop.jar
7fdd5803a000-7fdd58040000 r--s 0003e000 fd:03 5377258                    /home/daniel/netbeans-7.2/java/maven/lib/maven-compat-3.0.4.jar
7fdd58040000-7fdd58041000 r--s 00003000 fd:03 5377267                    /home/daniel/netbeans-7.2/java/maven/lib/aether-spi-1.13.1.jar
7fdd58041000-7fdd58047000 r--s 0002b000 fd:03 5377202                    /home/daniel/netbeans-7.2/java/maven/lib/sisu-inject-plexus-2.3.0.jar
7fdd58047000-7fdd5804a000 r--s 0001d000 fd:03 5377257                    /home/daniel/netbeans-7.2/java/maven/lib/aether-impl-1.13.1.jar
7fdd5804a000-7fdd5805c000 r--s 0009c000 fd:03 5377238                    /home/daniel/netbeans-7.2/java/maven/lib/wagon-http-2.2-shaded.jar
7fdd5805c000-7fdd5807a000 r--s 0014f000 fd:03 5377277                    /home/daniel/netbeans-7.2/java/maven/lib/sisu-guava-0.9.9.jar
7fdd5807a000-7fdd582f1000 rw-p 00000000 00:00 0 
7fdd582f1000-7fdd584be000 r--s 01ac0000 fd:02 394185                     /usr/java/jdk1.7.0_06/jre/lib/rt.jar
7fdd584be000-7fdd58d1a000 rw-p 00000000 00:00 0 
7fdd58d1a000-7fdd58d1b000 ---p 00000000 00:00 0 
7fdd58d1b000-7fdd58e1b000 rw-p 00000000 00:00 0                          [stack:15441]
7fdd58e1b000-7fdd58e1c000 ---p 00000000 00:00 0 
7fdd58e1c000-7fdd58f1c000 rw-p 00000000 00:00 0                          [stack:15440]
7fdd58f1c000-7fdd58f1d000 ---p 00000000 00:00 0 
7fdd58f1d000-7fdd5901d000 rw-p 00000000 00:00 0                          [stack:15439]
7fdd5901d000-7fdd5901e000 ---p 00000000 00:00 0 
7fdd5901e000-7fdd59129000 rw-p 00000000 00:00 0                          [stack:15438]
7fdd59129000-7fdd59147000 rw-p 00000000 00:00 0 
7fdd59147000-7fdd5915c000 rw-p 00000000 00:00 0 
7fdd5915c000-7fdd5928a000 rw-p 00000000 00:00 0 
7fdd5928a000-7fdd59295000 rw-p 00000000 00:00 0 
7fdd59295000-7fdd592b3000 rw-p 00000000 00:00 0 
7fdd592b3000-7fdd592c8000 rw-p 00000000 00:00 0 
7fdd592c8000-7fdd593f5000 rw-p 00000000 00:00 0 
7fdd593f5000-7fdd5941b000 rw-p 00000000 00:00 0 
7fdd5941b000-7fdd59497000 rw-p 00000000 00:00 0 
7fdd59497000-7fdd594a2000 rw-p 00000000 00:00 0 
7fdd594a2000-7fdd59558000 rw-p 00000000 00:00 0 
7fdd59558000-7fdd59572000 r-xp 00000000 fd:02 393934                     /usr/java/jdk1.7.0_06/jre/lib/amd64/libzip.so
7fdd59572000-7fdd59772000 ---p 0001a000 fd:02 393934                     /usr/java/jdk1.7.0_06/jre/lib/amd64/libzip.so
7fdd59772000-7fdd59773000 rw-p 0001a000 fd:02 393934                     /usr/java/jdk1.7.0_06/jre/lib/amd64/libzip.so
7fdd59773000-7fdd5977f000 r-xp 00000000 fd:02 164427                     /usr/lib64/libnss_files-2.15.so
7fdd5977f000-7fdd5997e000 ---p 0000c000 fd:02 164427                     /usr/lib64/libnss_files-2.15.so
7fdd5997e000-7fdd5997f000 r--p 0000b000 fd:02 164427                     /usr/lib64/libnss_files-2.15.so
7fdd5997f000-7fdd59980000 rw-p 0000c000 fd:02 164427                     /usr/lib64/libnss_files-2.15.so
7fdd59982000-7fdd59985000 r--s 00018000 fd:02 394113                     /usr/java/jdk1.7.0_06/jre/lib/jce.jar
7fdd59985000-7fdd59986000 r--p 00000000 00:00 0 
7fdd59986000-7fdd5998a000 r--s 00041000 fd:02 394119                     /usr/java/jdk1.7.0_06/jre/lib/jsse.jar
7fdd5998a000-7fdd5998d000 r--s 00008000 fd:03 5377134                    /home/daniel/netbeans-7.2/java/maven/lib/maven-settings-builder-3.0.4.jar
7fdd5998d000-7fdd5998f000 r--s 0000a000 fd:03 5377230                    /home/daniel/netbeans-7.2/java/maven/lib/maven-plugin-api-3.0.4.jar
7fdd5998f000-7fdd59991000 r--s 0000b000 fd:03 5377228                    /home/daniel/netbeans-7.2/java/maven/lib/wagon-provider-api-2.2.jar
7fdd59991000-7fdd59993000 r--s 00000000 fd:03 5376951                    /home/daniel/netbeans-7.2/java/maven/lib/plexus-component-annotations-1.5.5.jar
7fdd59993000-7fdd59995000 r--s 0000b000 fd:03 5377242                    /home/daniel/netbeans-7.2/java/maven/lib/maven-artifact-3.0.4.jar
7fdd59995000-7fdd59998000 r--s 00025000 fd:03 5377266                    /home/daniel/netbeans-7.2/java/maven/lib/maven-model-3.0.4.jar
7fdd59998000-7fdd599a0000 rw-s 00000000 fd:02 1319927                    /tmp/hsperfdata_daniel/15434
7fdd599a0000-7fdd599c9000 r-xp 00000000 fd:02 393899                     /usr/java/jdk1.7.0_06/jre/lib/amd64/libjava.so
7fdd599c9000-7fdd59bc9000 ---p 00029000 fd:02 393899                     /usr/java/jdk1.7.0_06/jre/lib/amd64/libjava.so
7fdd59bc9000-7fdd59bcb000 rw-p 00029000 fd:02 393899                     /usr/java/jdk1.7.0_06/jre/lib/amd64/libjava.so
7fdd59bcb000-7fdd59bd8000 r-xp 00000000 fd:02 393933                     /usr/java/jdk1.7.0_06/jre/lib/amd64/libverify.so
7fdd59bd8000-7fdd59dd7000 ---p 0000d000 fd:02 393933                     /usr/java/jdk1.7.0_06/jre/lib/amd64/libverify.so
7fdd59dd7000-7fdd59dd9000 rw-p 0000c000 fd:02 393933                     /usr/java/jdk1.7.0_06/jre/lib/amd64/libverify.so
7fdd59dd9000-7fdd59ddc000 ---p 00000000 00:00 0 
7fdd59ddc000-7fdd59eda000 rw-p 00000000 00:00 0                          [stack:15437]
7fdd59eda000-7fdd5a921000 r-xp 00000000 fd:02 393938                     /usr/java/jdk1.7.0_06/jre/lib/amd64/server/libjvm.so
7fdd5a921000-7fdd5ab20000 ---p 00a47000 fd:02 393938                     /usr/java/jdk1.7.0_06/jre/lib/amd64/server/libjvm.so
7fdd5ab20000-7fdd5abc3000 rw-p 00a46000 fd:02 393938                     /usr/java/jdk1.7.0_06/jre/lib/amd64/server/libjvm.so
7fdd5abc3000-7fdd5ac02000 rw-p 00000000 00:00 0 
7fdd5ac02000-7fdd5ac18000 r-xp 00000000 fd:02 393879                     /usr/java/jdk1.7.0_06/jre/lib/amd64/jli/libjli.so
7fdd5ac18000-7fdd5ae17000 ---p 00016000 fd:02 393879                     /usr/java/jdk1.7.0_06/jre/lib/amd64/jli/libjli.so
7fdd5ae17000-7fdd5ae18000 rw-p 00015000 fd:02 393879                     /usr/java/jdk1.7.0_06/jre/lib/amd64/jli/libjli.so
7fdd5ae18000-7fdd5ae1a000 rw-p 00000000 00:00 0 
7fdd5ae1a000-7fdd5ae1b000 r--s 00003000 fd:02 394067                     /usr/java/jdk1.7.0_06/jre/lib/ext/sunec.jar
7fdd5ae1b000-7fdd5ae27000 r--s 0007b000 fd:03 5377278                    /home/daniel/netbeans-7.2/java/maven/lib/maven-core-3.0.4.jar
7fdd5ae27000-7fdd5ae29000 r--s 00002000 fd:03 5377265                    /home/daniel/netbeans-7.2/java/maven/lib/plexus-cipher-1.7.jar
7fdd5ae29000-7fdd5ae2b000 r--s 0000a000 fd:03 5377241                    /home/daniel/netbeans-7.2/java/maven/lib/maven-settings-3.0.4.jar
7fdd5ae2b000-7fdd5ae2d000 r--s 0000c000 fd:03 5377154                    /home/daniel/netbeans-7.2/java/maven/lib/maven-aether-provider-3.0.4.jar
7fdd5ae2d000-7fdd5ae2e000 r--s 00009000 fd:03 5377284                    /home/daniel/netbeans-7.2/java/maven/lib/commons-cli-1.2.jar
7fdd5ae2e000-7fdd5ae2f000 r--s 00006000 fd:03 5377185                    /home/daniel/netbeans-7.2/java/maven/lib/plexus-sec-dispatcher-1.3.jar
7fdd5ae2f000-7fdd5ae33000 r--s 00012000 fd:03 5377268                    /home/daniel/netbeans-7.2/java/maven/lib/aether-api-1.13.1.jar
7fdd5ae33000-7fdd5ae35000 r--s 0000d000 fd:03 5377183                    /home/daniel/netbeans-7.2/java/maven/lib/plexus-interpolation-1.14.jar
7fdd5ae35000-7fdd5ae37000 r--s 0000a000 fd:03 5377218                    /home/daniel/netbeans-7.2/java/maven/boot/plexus-classworlds-2.4.jar
7fdd5ae37000-7fdd5ae38000 rw-p 00000000 00:00 0 
7fdd5ae38000-7fdd5ae39000 r--p 00000000 00:00 0 
7fdd5ae39000-7fdd5ae3a000 rw-p 00000000 00:00 0 
7fff3c1a6000-7fff3c1c7000 rw-p 00000000 00:00 0                          [stack]
7fff3c1ff000-7fff3c200000 r-xp 00000000 00:00 0                          [vdso]
ffffffffff600000-ffffffffff601000 r-xp 00000000 00:00 0                  [vsyscall]

VM Arguments:
jvm_args: -Dclassworlds.conf=/home/daniel/netbeans-7.2/java/maven/bin/m2.conf -Dmaven.home=/home/daniel/netbeans-7.2/java/maven 
java_command: org.codehaus.plexus.classworlds.launcher.Launcher --debug -T 1C -Djava.net.useSystemProxies=true -X -Xdebug -Xnoagent -Xrunjdwp:transport=dt_socket,server=y,suspend=y,address=8000 clean install
Launcher Type: SUN_STANDARD

Environment Variables:
JAVA_HOME=/usr/java/latest
PATH=/usr/lib64/qt-3.3/bin:/usr/lib64/ccache:/usr/local/bin:/usr/bin:/bin:/usr/local/sbin:/usr/sbin:/home/daniel/.local/bin:/home/daniel/bin
USERNAME=daniel
LD_LIBRARY_PATH=/usr/java/latest/jre/lib/amd64:/usr/java/latest/jre/lib/i386:
SHELL=/bin/bash
DISPLAY=:1

Signal Handlers:
SIGSEGV: [libjvm.so+0x8a5a80], sa_mask[0]=0x7ffbfeff, sa_flags=0x10000004
SIGBUS: [libjvm.so+0x8a5a80], sa_mask[0]=0x7ffbfeff, sa_flags=0x10000004
SIGFPE: [libjvm.so+0x741b60], sa_mask[0]=0x7ffbfeff, sa_flags=0x10000004
SIGPIPE: [libjvm.so+0x741b60], sa_mask[0]=0x7ffbfeff, sa_flags=0x10000004
SIGXFSZ: [libjvm.so+0x741b60], sa_mask[0]=0x7ffbfeff, sa_flags=0x10000004
SIGILL: [libjvm.so+0x741b60], sa_mask[0]=0x7ffbfeff, sa_flags=0x10000004
SIGUSR1: SIG_DFL, sa_mask[0]=0x00000000, sa_flags=0x00000000
SIGUSR2: [libjvm.so+0x7414b0], sa_mask[0]=0x00000004, sa_flags=0x10000004
SIGHUP: [libjvm.so+0x743840], sa_mask[0]=0x7ffbfeff, sa_flags=0x10000004
SIGINT: SIG_IGN, sa_mask[0]=0x00000000, sa_flags=0x00000000
SIGTERM: [libjvm.so+0x743840], sa_mask[0]=0x7ffbfeff, sa_flags=0x10000004
SIGQUIT: [libjvm.so+0x743840], sa_mask[0]=0x7ffbfeff, sa_flags=0x10000004


---------------  S Y S T E M  ---------------

OS:Fedora release 17 (Beefy Miracle)

uname:Linux 3.6.11-1.fc17.x86_64 #1 SMP Mon Dec 17 22:16:35 UTC 2012 x86_64
libc:glibc 2.15 NPTL 2.15 
rlimit: STACK 8192k, CORE 0k, NPROC 1024, NOFILE 4096, AS infinity
load average:1,50 2,20 1,65

/proc/meminfo:
MemTotal:        3958952 kB
MemFree:          319760 kB
Buffers:           28000 kB
Cached:           561500 kB
SwapCached:       223300 kB
Active:          2234864 kB
Inactive:        1117316 kB
Active(anon):    2097740 kB
Inactive(anon):   941372 kB
Active(file):     137124 kB
Inactive(file):   175944 kB
Unevictable:         368 kB
Mlocked:             368 kB
SwapTotal:       6062076 kB
SwapFree:        5533320 kB
Dirty:               168 kB
Writeback:             0 kB
AnonPages:       2557344 kB
Mapped:           116600 kB
Shmem:            276428 kB
Slab:             130236 kB
SReclaimable:      68952 kB
SUnreclaim:        61284 kB
KernelStack:        4896 kB
PageTables:        77028 kB
NFS_Unstable:          0 kB
Bounce:                0 kB
WritebackTmp:          0 kB
CommitLimit:     8041552 kB
Committed_AS:    7452924 kB
VmallocTotal:   34359738367 kB
VmallocUsed:      373124 kB
VmallocChunk:   34359358880 kB
HardwareCorrupted:     0 kB
AnonHugePages:   1089536 kB
HugePages_Total:       0
HugePages_Free:        0
HugePages_Rsvd:        0
HugePages_Surp:        0
Hugepagesize:       2048 kB
DirectMap4k:       90100 kB
DirectMap2M:     4020224 kB


CPU:total 4 (2 cores per cpu, 2 threads per core) family 6 model 42 stepping 7, cmov, cx8, fxsr, mmx, sse, sse2, sse3, ssse3, sse4.1, sse4.2, popcnt, avx, ht, tsc, tscinvbit

/proc/cpuinfo:
processor	: 0
vendor_id	: GenuineIntel
cpu family	: 6
model		: 42
model name	: Intel(R) Core(TM) i5-2430M CPU @ 2.40GHz
stepping	: 7
microcode	: 0x28
cpu MHz		: 800.000
cache size	: 3072 KB
physical id	: 0
siblings	: 4
core id		: 0
cpu cores	: 2
apicid		: 0
initial apicid	: 0
fpu		: yes
fpu_exception	: yes
cpuid level	: 13
wp		: yes
flags		: fpu vme de pse tsc msr pae mce cx8 apic sep mtrr pge mca cmov pat pse36 clflush dts acpi mmx fxsr sse sse2 ss ht tm pbe syscall nx rdtscp lm constant_tsc arch_perfmon pebs bts rep_good nopl xtopology nonstop_tsc aperfmperf pni pclmulqdq dtes64 monitor ds_cpl vmx est tm2 ssse3 cx16 xtpr pdcm pcid sse4_1 sse4_2 x2apic popcnt tsc_deadline_timer xsave avx lahf_lm ida arat epb xsaveopt pln pts dtherm tpr_shadow vnmi flexpriority ept vpid
bogomips	: 4789.40
clflush size	: 64
cache_alignment	: 64
address sizes	: 36 bits physical, 48 bits virtual
power management:

processor	: 1
vendor_id	: GenuineIntel
cpu family	: 6
model		: 42
model name	: Intel(R) Core(TM) i5-2430M CPU @ 2.40GHz
stepping	: 7
microcode	: 0x28
cpu MHz		: 800.000
cache size	: 3072 KB
physical id	: 0
siblings	: 4
core id		: 1
cpu cores	: 2
apicid		: 2
initial apicid	: 2
fpu		: yes
fpu_exception	: yes
cpuid level	: 13
wp		: yes
flags		: fpu vme de pse tsc msr pae mce cx8 apic sep mtrr pge mca cmov pat pse36 clflush dts acpi mmx fxsr sse sse2 ss ht tm pbe syscall nx rdtscp lm constant_tsc arch_perfmon pebs bts rep_good nopl xtopology nonstop_tsc aperfmperf pni pclmulqdq dtes64 monitor ds_cpl vmx est tm2 ssse3 cx16 xtpr pdcm pcid sse4_1 sse4_2 x2apic popcnt tsc_deadline_timer xsave avx lahf_lm ida arat epb xsaveopt pln pts dtherm tpr_shadow vnmi flexpriority ept vpid
bogomips	: 4789.40
clflush size	: 64
cache_alignment	: 64
address sizes	: 36 bits physical, 48 bits virtual
power management:

processor	: 2
vendor_id	: GenuineIntel
cpu family	: 6
model		: 42
model name	: Intel(R) Core(TM) i5-2430M CPU @ 2.40GHz
stepping	: 7
microcode	: 0x28
cpu MHz		: 800.000
cache size	: 3072 KB
physical id	: 0
siblings	: 4
core id		: 0
cpu cores	: 2
apicid		: 1
initial apicid	: 1
fpu		: yes
fpu_exception	: yes
cpuid level	: 13
wp		: yes
flags		: fpu vme de pse tsc msr pae mce cx8 apic sep mtrr pge mca cmov pat pse36 clflush dts acpi mmx fxsr sse sse2 ss ht tm pbe syscall nx rdtscp lm constant_tsc arch_perfmon pebs bts rep_good nopl xtopology nonstop_tsc aperfmperf pni pclmulqdq dtes64 monitor ds_cpl vmx est tm2 ssse3 cx16 xtpr pdcm pcid sse4_1 sse4_2 x2apic popcnt tsc_deadline_timer xsave avx lahf_lm ida arat epb xsaveopt pln pts dtherm tpr_shadow vnmi flexpriority ept vpid
bogomips	: 4789.40
clflush size	: 64
cache_alignment	: 64
address sizes	: 36 bits physical, 48 bits virtual
power management:

processor	: 3
vendor_id	: GenuineIntel
cpu family	: 6
model		: 42
model name	: Intel(R) Core(TM) i5-2430M CPU @ 2.40GHz
stepping	: 7
microcode	: 0x28
cpu MHz		: 800.000
cache size	: 3072 KB
physical id	: 0
siblings	: 4
core id		: 1
cpu cores	: 2
apicid		: 3
initial apicid	: 3
fpu		: yes
fpu_exception	: yes
cpuid level	: 13
wp		: yes
flags		: fpu vme de pse tsc msr pae mce cx8 apic sep mtrr pge mca cmov pat pse36 clflush dts acpi mmx fxsr sse sse2 ss ht tm pbe syscall nx rdtscp lm constant_tsc arch_perfmon pebs bts rep_good nopl xtopology nonstop_tsc aperfmperf pni pclmulqdq dtes64 monitor ds_cpl vmx est tm2 ssse3 cx16 xtpr pdcm pcid sse4_1 sse4_2 x2apic popcnt tsc_deadline_timer xsave avx lahf_lm ida arat epb xsaveopt pln pts dtherm tpr_shadow vnmi flexpriority ept vpid
bogomips	: 4789.40
clflush size	: 64
cache_alignment	: 64
address sizes	: 36 bits physical, 48 bits virtual
power management:



Memory: 4k page, physical 3958952k(319760k free), swap 6062076k(5533320k free)

vm_info: Java HotSpot(TM) 64-Bit Server VM (23.2-b09) for linux-amd64 JRE (1.7.0_06-b24), built on Aug  9 2012 19:49:48 by "java_re" with gcc 4.3.0 20080428 (Red Hat 4.3.0-8)

time: Sun Jan 27 13:59:52 2013
elapsed time: 13 seconds

