#
# A fatal error has been detected by the Java Runtime Environment:
#
#  SIGSEGV (0xb) at pc=0x00007f9ed590a3e9, pid=26721, tid=140320177682176
#
# JRE version: 7.0_147-b147
# Java VM: OpenJDK 64-Bit Server VM (21.0-b17 mixed mode linux-amd64 compressed oops)
# Derivative: IcedTea7 2.0
# Distribution: Ubuntu 11.10, package 7~b147-2.0-0ubuntu0.11.10.1
# Problematic frame:
# C  [libGL.so.1+0x2ec3e9]  glClearColor+0x9
#
# Failed to write core dump. Core dumps have been disabled. To enable core dumping, try "ulimit -c unlimited" before starting Java again
#
# If you would like to submit a bug report, please include
# instructions on how to reproduce the bug and visit:
#   https://bugs.launchpad.net/ubuntu/+source/openjdk-7/
# The crash happened outside the Java Virtual Machine in native code.
# See problematic frame for where to report the bug.
#

---------------  T H R E A D  ---------------

Current thread (0x0000000002447800):  JavaThread "main" [_thread_in_native, id=26728, stack(0x00007f9ed6487000,0x00007f9ed6588000)]

siginfo:si_signo=SIGSEGV: si_errno=0, si_code=1 (SEGV_MAPERR), si_addr=0x00000000000004f8

Registers:
RAX=0x0000000000000000, RBX=0x00000000b99f1770, RCX=0x0000000000000000, RDX=0x00007f9ed590a3e0
RSP=0x00007f9ed6586768, RBP=0x00007f9ed65867b0, RSI=0x00007f9ed6586888, RDI=0x00000000024479d0
R8 =0x00007f9eccdbbc18, R9 =0x0000000000000000, R10=0x00007f9eccdbeb84, R11=0x00007f9ed1873510
R12=0x0000000000000000, R13=0x00000000b99f1770, R14=0x00007f9ed6586888, R15=0x0000000002447800
RIP=0x00007f9ed590a3e9, EFLAGS=0x0000000000010202, CSGSFS=0x0000000000000033, ERR=0x0000000000000004
  TRAPNO=0x000000000000000e

Top of Stack: (sp=0x00007f9ed6586768)
0x00007f9ed6586768:   00007f9ebe85860f 00007f9eccdb2250
0x00007f9ed6586778:   00007f9ed590a3e0 3f80000000000000
0x00007f9ed6586788:   3e99999a3f333333 00007f9ed6586888
0x00007f9ed6586798:   00000000024479d0 00007f9ed6586838
0x00007f9ed65867a8:   00007f9ed590a3e0 00007f9ed6586838
0x00007f9ed65867b8:   00007f9eccdbebb1 0000000002448798
0x00007f9ed65867c8:   00000000024487a8 00000000024487b0
0x00007f9ed65867d8:   00000000024487d0 00007f9e000000d0
0x00007f9ed65867e8:   00007f9ed6586888 00000000b99f1691
0x00007f9ed65867f8:   00007f9ed65867f8 00000000b99f1770
0x00007f9ed6586808:   00007f9ed6586888 00000000b9c52e48
0x00007f9ed6586818:   0000000000000000 00000000b99f1770
0x00007f9ed6586828:   0000000000000000 00007f9ed6586858
0x00007f9ed6586838:   00007f9ed65868d0 00007f9eccdb2f98
0x00007f9ed6586848:   0000000000000000 00007f9eccdbbc18
0x00007f9ed6586858:   00007f9ed590a3e0 00007f9ed6586910
0x00007f9ed6586868:   0000000000000000 00007f9e3f800000
0x00007f9ed6586878:   00007f9e3f333333 00007f9e3e99999a
0x00007f9ed6586888:   00000000ec3a1b58 00007f9ed6586890
0x00007f9ed6586898:   00000000b99f1691 00007f9ed6586910
0x00007f9ed65868a8:   00000000b9c52e48 0000000000000000
0x00007f9ed65868b8:   00000000b99f16a0 00007f9ed6586858
0x00007f9ed65868c8:   00007f9ed65868f0 00007f9ed6586958
0x00007f9ed65868d8:   00007f9eccdb3646 00007f9ed590a3e0
0x00007f9ed65868e8:   0000000000000000 0000000000000000
0x00007f9ed65868f8:   00007f9e3f800000 00007f9e3f333333
0x00007f9ed6586908:   00007f9e3e99999a 00000000ec3a1b58
0x00007f9ed6586918:   00007f9ed6586918 00000000b92a019c
0x00007f9ed6586928:   00007f9ed6586988 00000000b945b998
0x00007f9ed6586938:   0000000000000000 00000000b92a0220
0x00007f9ed6586948:   00007f9ed65868f0 00007f9ed6586988
0x00007f9ed6586958:   00007f9ed65869f0 00007f9eccdad438 

Instructions: (pc=0x00007f9ed590a3e9)
0x00007f9ed590a3c9:   ff a0 f0 04 00 00 cc cc cc cc cc cc cc cc cc cc
0x00007f9ed590a3d9:   cc cc cc cc cc cc cc 64 48 8b 04 25 50 ff ff ff
0x00007f9ed590a3e9:   ff a0 f8 04 00 00 cc cc cc cc cc cc cc cc cc cc
0x00007f9ed590a3f9:   cc cc cc cc cc cc cc 64 48 8b 04 25 50 ff ff ff 

Register to memory mapping:

RAX=0x0000000000000000 is an unknown value
RBX=0x00000000b99f1770 is an oop
{method} 
 - klass: {other class}
RCX=0x0000000000000000 is an unknown value
RDX=0x00007f9ed590a3e0: glClearColor+0 in /usr/lib/nvidia-current/libGL.so.1 at 0x00007f9ed561e000
RSP=0x00007f9ed6586768 is pointing into the stack for thread: 0x0000000002447800
RBP=0x00007f9ed65867b0 is pointing into the stack for thread: 0x0000000002447800
RSI=0x00007f9ed6586888 is pointing into the stack for thread: 0x0000000002447800
RDI=0x00000000024479d0 is an unknown value
R8 =0x00007f9eccdbbc18 is an Interpreter codelet
result handlers for native calls  [0x00007f9eccdbbc00, 0x00007f9eccdbbc20]  32 bytes
R9 =0x0000000000000000 is an unknown value
R10=0x00007f9eccdbeb84 is an Interpreter codelet
method entry point (kind = native)  [0x00007f9eccdbe920, 0x00007f9eccdbf160]  2112 bytes
R11=0x00007f9ed1873510: <offset 0x729510> in /usr/lib/jvm/java-7-openjdk-amd64/jre/lib/amd64/server/libjvm.so at 0x00007f9ed114a000
R12=0x0000000000000000 is an unknown value
R13=0x00000000b99f1770 is an oop
{method} 
 - klass: {other class}
R14=0x00007f9ed6586888 is pointing into the stack for thread: 0x0000000002447800
R15=0x0000000002447800 is a thread


Stack: [0x00007f9ed6487000,0x00007f9ed6588000],  sp=0x00007f9ed6586768,  free space=1021k
Native frames: (J=compiled Java code, j=interpreted, Vv=VM code, C=native code)
C  [libGL.so.1+0x2ec3e9]  glClearColor+0x9
j  jogamp.opengl.gl4.GL4bcImpl.dispatch_glClearColor1(FFFFJ)V+0
j  jogamp.opengl.gl4.GL4bcImpl.glClearColor(FFFF)V+41
j  darwin.renderer.GraphicContext.main([Ljava/lang/String;)V+76
v  ~StubRoutines::call_stub
V  [libjvm.so+0x4e3ce7]  JavaCalls::call_helper(JavaValue*, methodHandle*, JavaCallArguments*, Thread*)+0x547
V  [libjvm.so+0x4e3585]  JavaCalls::call(JavaValue*, methodHandle, JavaCallArguments*, Thread*)+0x25
V  [libjvm.so+0x4eee6e]  _ZL17jni_invoke_staticP7JNIEnv_P9JavaValueP8_jobject11JNICallTypeP10_jmethodIDP18JNI_ArgumentPusherP6Thread.isra.127.constprop.147+0x1ce
V  [libjvm.so+0x4f7890]  jni_CallStaticVoidMethod+0x160
C  [libjli.so+0x2f63]  __strcat_chk+0x2f63

Java frames: (J=compiled Java code, j=interpreted, Vv=VM code)
j  jogamp.opengl.gl4.GL4bcImpl.dispatch_glClearColor1(FFFFJ)V+0
j  jogamp.opengl.gl4.GL4bcImpl.glClearColor(FFFF)V+41
j  darwin.renderer.GraphicContext.main([Ljava/lang/String;)V+76
v  ~StubRoutines::call_stub

---------------  P R O C E S S  ---------------

Java Threads: ( => current thread )
  0x0000000002ba4800 JavaThread "main-Display-X11_:0.0-1-EDT-1" daemon [_thread_blocked, id=26778, stack(0x00007f9ebdb6c000,0x00007f9ebdc6d000)]
  0x0000000002998800 JavaThread "main-SharedResourceRunner" daemon [_thread_blocked, id=26768, stack(0x00007f9ebe720000,0x00007f9ebe821000)]
  0x0000000002884800 JavaThread "process reaper" daemon [_thread_blocked, id=26760, stack(0x00007f9ecc014000,0x00007f9ecc02e000)]
  0x0000000002866800 JavaThread "AWT-XAWT" daemon [_thread_in_native, id=26758, stack(0x00007f9ebf4e3000,0x00007f9ebf5e4000)]
  0x0000000002830000 JavaThread "Java2D Disposer" daemon [_thread_blocked, id=26757, stack(0x00007f9ec5491000,0x00007f9ec5592000)]
  0x00000000024f1000 JavaThread "Service Thread" daemon [_thread_blocked, id=26739, stack(0x00007f9ec7013000,0x00007f9ec7114000)]
  0x00000000024ef000 JavaThread "C2 CompilerThread1" daemon [_thread_blocked, id=26738, stack(0x00007f9ec7114000,0x00007f9ec7215000)]
  0x00007f9ec805a000 JavaThread "C2 CompilerThread0" daemon [_thread_blocked, id=26737, stack(0x00007f9ec7215000,0x00007f9ec7316000)]
  0x00007f9ec8058000 JavaThread "Signal Dispatcher" daemon [_thread_blocked, id=26736, stack(0x00007f9ec7316000,0x00007f9ec7417000)]
  0x00007f9ec8001000 JavaThread "Finalizer" daemon [_thread_blocked, id=26735, stack(0x00007f9ec7afb000,0x00007f9ec7bfc000)]
  0x00000000024e7000 JavaThread "Reference Handler" daemon [_thread_blocked, id=26734, stack(0x00007f9ec7bfc000,0x00007f9ec7cfd000)]
=>0x0000000002447800 JavaThread "main" [_thread_in_native, id=26728, stack(0x00007f9ed6487000,0x00007f9ed6588000)]

Other Threads:
  0x00000000024de800 VMThread [stack: 0x00007f9ec7cfd000,0x00007f9ec7dfe000] [id=26733]
  0x00000000024fc000 WatcherThread [stack: 0x00007f9ec6f12000,0x00007f9ec7013000] [id=26740]

VM state:not at safepoint (normal execution)

VM Mutex/Monitor currently owned by a thread: None

Heap
 PSYoungGen      total 18112K, used 9714K [0x00000000ebcb0000, 0x00000000ed0e0000, 0x0000000100000000)
  eden space 15552K, 46% used [0x00000000ebcb0000,0x00000000ec3b2578,0x00000000ecbe0000)
  from space 2560K, 99% used [0x00000000ecbe0000,0x00000000ece5a5a8,0x00000000ece60000)
  to   space 2560K, 0% used [0x00000000ece60000,0x00000000ece60000,0x00000000ed0e0000)
 PSOldGen        total 41344K, used 741K [0x00000000c3600000, 0x00000000c5e60000, 0x00000000ebcb0000)
  object space 41344K, 1% used [0x00000000c3600000,0x00000000c36b9558,0x00000000c5e60000)
 PSPermGen       total 21248K, used 13357K [0x00000000b9000000, 0x00000000ba4c0000, 0x00000000c3600000)
  object space 21248K, 62% used [0x00000000b9000000,0x00000000b9d0b5d8,0x00000000ba4c0000)

Code Cache  [0x00007f9eccdad000, 0x00007f9ecd01d000, 0x00007f9ecfdad000)
 total_blobs=787 nmethods=95 adapters=644 free_code_cache=48293Kb largest_free_block=49422336

Dynamic libraries:
00400000-00401000 r-xp 00000000 08:01 1574645                            /usr/lib/jvm/java-7-openjdk-amd64/jre/bin/java
00600000-00601000 r--p 00000000 08:01 1574645                            /usr/lib/jvm/java-7-openjdk-amd64/jre/bin/java
00601000-00602000 rw-p 00001000 08:01 1574645                            /usr/lib/jvm/java-7-openjdk-amd64/jre/bin/java
0243d000-03093000 rw-p 00000000 00:00 0                                  [heap]
40b16000-40b90000 rw-p 00000000 00:00 0 
41312000-4138c000 rw-p 00000000 00:00 0 
41da1000-41da3000 r-xs 00000000 08:01 5505047                            /tmp/glXdJzrr (deleted)
b9000000-ba4c0000 rw-p 00000000 00:00 0 
ba4c0000-c3600000 rw-p 00000000 00:00 0 
c3600000-c5e60000 rw-p 00000000 00:00 0 
c5e60000-ebcb0000 rw-p 00000000 00:00 0 
ebcb0000-ed0e0000 rw-p 00000000 00:00 0 
ed0e0000-100000000 rw-p 00000000 00:00 0 
7f9ebcf0b000-7f9ebd06b000 rw-s 00000000 00:04 119504946                  /SYSV00000000 (deleted)
7f9ebd06b000-7f9ebd0eb000 rw-s 34790000 00:05 23803                      /dev/nvidia0
7f9ebd0eb000-7f9ebd24b000 rw-s 00000000 00:04 119472177                  /SYSV00000000 (deleted)
7f9ebd24b000-7f9ebd24c000 ---p 00000000 00:00 0 
7f9ebd24c000-7f9ebda4c000 rw-p 00000000 00:00 0 
7f9ebda4c000-7f9ebdb4c000 rw-s 145fd8000 00:05 23803                     /dev/nvidia0
7f9ebdb4c000-7f9ebdb6c000 rw-s c00c0000 00:05 23803                      /dev/nvidia0
7f9ebdb6c000-7f9ebdb6f000 ---p 00000000 00:00 0 
7f9ebdb6f000-7f9ebdc6d000 rw-p 00000000 00:00 0 
7f9ebdc6d000-7f9ebdc76000 r-xp 00000000 08:01 7077930                    /tmp/jogamp.tmp.cache_000000/jln5557644269667044896/jln7137241904534942683/libnewt.so
7f9ebdc76000-7f9ebde75000 ---p 00009000 08:01 7077930                    /tmp/jogamp.tmp.cache_000000/jln5557644269667044896/jln7137241904534942683/libnewt.so
7f9ebde75000-7f9ebde76000 r--p 00008000 08:01 7077930                    /tmp/jogamp.tmp.cache_000000/jln5557644269667044896/jln7137241904534942683/libnewt.so
7f9ebde76000-7f9ebde77000 rw-p 00009000 08:01 7077930                    /tmp/jogamp.tmp.cache_000000/jln5557644269667044896/jln7137241904534942683/libnewt.so
7f9ebde77000-7f9ebe077000 rw-s 73217000 00:05 23803                      /dev/nvidia0
7f9ebe077000-7f9ebe277000 rw-s 33170000 00:05 23803                      /dev/nvidia0
7f9ebe277000-7f9ebe477000 rw-s 990d5000 00:05 23803                      /dev/nvidia0
7f9ebe477000-7f9ebe577000 rw-s 2b9c6000 00:05 23803                      /dev/nvidia0
7f9ebe577000-7f9ebe597000 rw-s c0080000 00:05 23803                      /dev/nvidia0
7f9ebe597000-7f9ebe5d7000 rw-s 5bc24000 00:05 23803                      /dev/nvidia0
7f9ebe5d7000-7f9ebe5f7000 rw-s 73313000 00:05 23803                      /dev/nvidia0
7f9ebe5f7000-7f9ebe637000 rw-s 32ad8000 00:05 23803                      /dev/nvidia0
7f9ebe637000-7f9ebe657000 rw-s 7338b000 00:05 23803                      /dev/nvidia0
7f9ebe660000-7f9ebe6a0000 rw-s 1202ee000 00:05 23803                     /dev/nvidia0
7f9ebe6a0000-7f9ebe6c0000 rw-s 108f7f000 00:05 23803                     /dev/nvidia0
7f9ebe6c0000-7f9ebe700000 rw-s 12328a000 00:05 23803                     /dev/nvidia0
7f9ebe700000-7f9ebe720000 rw-s 12022e000 00:05 23803                     /dev/nvidia0
7f9ebe720000-7f9ebe723000 ---p 00000000 00:00 0 
7f9ebe723000-7f9ebe821000 rw-p 00000000 00:00 0 
7f9ebe821000-7f9ebe8aa000 r-xp 00000000 08:01 7077912                    /tmp/jogamp.tmp.cache_000000/jln5557644269667044896/jln7137241904534942683/libjogl_desktop.so
7f9ebe8aa000-7f9ebeaa9000 ---p 00089000 08:01 7077912                    /tmp/jogamp.tmp.cache_000000/jln5557644269667044896/jln7137241904534942683/libjogl_desktop.so
7f9ebeaa9000-7f9ebeaaa000 r--p 00088000 08:01 7077912                    /tmp/jogamp.tmp.cache_000000/jln5557644269667044896/jln7137241904534942683/libjogl_desktop.so
7f9ebeaaa000-7f9ebeaab000 rw-p 00089000 08:01 7077912                    /tmp/jogamp.tmp.cache_000000/jln5557644269667044896/jln7137241904534942683/libjogl_desktop.so
7f9ebeaab000-7f9ebeab0000 r-xp 00000000 08:01 269660                     /usr/lib/x86_64-linux-gnu/libXxf86vm.so.1.0.0
7f9ebeab0000-7f9ebecaf000 ---p 00005000 08:01 269660                     /usr/lib/x86_64-linux-gnu/libXxf86vm.so.1.0.0
7f9ebecaf000-7f9ebecb0000 r--p 00004000 08:01 269660                     /usr/lib/x86_64-linux-gnu/libXxf86vm.so.1.0.0
7f9ebecb0000-7f9ebecb1000 rw-p 00005000 08:01 269660                     /usr/lib/x86_64-linux-gnu/libXxf86vm.so.1.0.0
7f9ebecbb000-7f9ebecd6000 rw-s 766e0000 00:05 23803                      /dev/nvidia0
7f9ebecd6000-7f9ebecdb000 r-xp 00000000 08:01 7077929                    /tmp/jogamp.tmp.cache_000000/jln5557644269667044896/jln7137241904534942683/libnativewindow_x11.so
7f9ebecdb000-7f9ebeeda000 ---p 00005000 08:01 7077929                    /tmp/jogamp.tmp.cache_000000/jln5557644269667044896/jln7137241904534942683/libnativewindow_x11.so
7f9ebeeda000-7f9ebeedb000 r--p 00004000 08:01 7077929                    /tmp/jogamp.tmp.cache_000000/jln5557644269667044896/jln7137241904534942683/libnativewindow_x11.so
7f9ebeedb000-7f9ebeedc000 rw-p 00005000 08:01 7077929                    /tmp/jogamp.tmp.cache_000000/jln5557644269667044896/jln7137241904534942683/libnativewindow_x11.so
7f9ebeedc000-7f9ebeedf000 ---p 00000000 00:00 0 
7f9ebeedf000-7f9ebefdd000 rw-p 00000000 00:00 0 
7f9ebefdd000-7f9ebefe0000 ---p 00000000 00:00 0 
7f9ebefe0000-7f9ebf0de000 rw-p 00000000 00:00 0 
7f9ebf0de000-7f9ebf0e0000 r-xp 00000000 08:01 7077927                    /tmp/jogamp.tmp.cache_000000/jln5557644269667044896/jln7137241904534942683/libnativewindow_awt.so
7f9ebf0e0000-7f9ebf2df000 ---p 00002000 08:01 7077927                    /tmp/jogamp.tmp.cache_000000/jln5557644269667044896/jln7137241904534942683/libnativewindow_awt.so
7f9ebf2df000-7f9ebf2e0000 r--p 00001000 08:01 7077927                    /tmp/jogamp.tmp.cache_000000/jln5557644269667044896/jln7137241904534942683/libnativewindow_awt.so
7f9ebf2e0000-7f9ebf2e1000 rw-p 00002000 08:01 7077927                    /tmp/jogamp.tmp.cache_000000/jln5557644269667044896/jln7137241904534942683/libnativewindow_awt.so
7f9ebf2e1000-7f9ebf2e2000 r-xp 00000000 08:01 1574682                    /usr/lib/jvm/java-7-openjdk-amd64/jre/lib/amd64/libjawt.so
7f9ebf2e2000-7f9ebf4e1000 ---p 00001000 08:01 1574682                    /usr/lib/jvm/java-7-openjdk-amd64/jre/lib/amd64/libjawt.so
7f9ebf4e1000-7f9ebf4e2000 r--p 00000000 08:01 1574682                    /usr/lib/jvm/java-7-openjdk-amd64/jre/lib/amd64/libjawt.so
7f9ebf4e2000-7f9ebf4e3000 rw-p 00001000 08:01 1574682                    /usr/lib/jvm/java-7-openjdk-amd64/jre/lib/amd64/libjawt.so
7f9ebf4e3000-7f9ebf4e6000 ---p 00000000 00:00 0 
7f9ebf4e6000-7f9ebf5e4000 rw-p 00000000 00:00 0 
7f9ebf5e4000-7f9ebf5e7000 r-xp 00000000 08:01 23465876                   /lib/x86_64-linux-gnu/libgpg-error.so.0.8.0
7f9ebf5e7000-7f9ebf7e6000 ---p 00003000 08:01 23465876                   /lib/x86_64-linux-gnu/libgpg-error.so.0.8.0
7f9ebf7e6000-7f9ebf7e7000 r--p 00002000 08:01 23465876                   /lib/x86_64-linux-gnu/libgpg-error.so.0.8.0
7f9ebf7e7000-7f9ebf7e8000 rw-p 00003000 08:01 23465876                   /lib/x86_64-linux-gnu/libgpg-error.so.0.8.0
7f9ebf7e8000-7f9ebf7ea000 r-xp 00000000 08:01 23465878                   /lib/x86_64-linux-gnu/libkeyutils.so.1.3
7f9ebf7ea000-7f9ebf9e9000 ---p 00002000 08:01 23465878                   /lib/x86_64-linux-gnu/libkeyutils.so.1.3
7f9ebf9e9000-7f9ebf9ea000 r--p 00001000 08:01 23465878                   /lib/x86_64-linux-gnu/libkeyutils.so.1.3
7f9ebf9ea000-7f9ebf9eb000 rw-p 00002000 08:01 23465878                   /lib/x86_64-linux-gnu/libkeyutils.so.1.3
7f9ebf9eb000-7f9ebfa2d000 r-xp 00000000 08:01 23465859                   /lib/x86_64-linux-gnu/libdbus-1.so.3.5.7
7f9ebfa2d000-7f9ebfc2c000 ---p 00042000 08:01 23465859                   /lib/x86_64-linux-gnu/libdbus-1.so.3.5.7
7f9ebfc2c000-7f9ebfc2d000 r--p 00041000 08:01 23465859                   /lib/x86_64-linux-gnu/libdbus-1.so.3.5.7
7f9ebfc2d000-7f9ebfc2e000 rw-p 00042000 08:01 23465859                   /lib/x86_64-linux-gnu/libdbus-1.so.3.5.7
7f9ebfc2e000-7f9ebfca8000 r-xp 00000000 08:01 23465872                   /lib/x86_64-linux-gnu/libgcrypt.so.11.7.0
7f9ebfca8000-7f9ebfea8000 ---p 0007a000 08:01 23465872                   /lib/x86_64-linux-gnu/libgcrypt.so.11.7.0
7f9ebfea8000-7f9ebfea9000 r--p 0007a000 08:01 23465872                   /lib/x86_64-linux-gnu/libgcrypt.so.11.7.0
7f9ebfea9000-7f9ebfeac000 rw-p 0007b000 08:01 23465872                   /lib/x86_64-linux-gnu/libgcrypt.so.11.7.0
7f9ebfeac000-7f9ebfebc000 r-xp 00000000 08:01 269899                     /usr/lib/x86_64-linux-gnu/libtasn1.so.3.1.11
7f9ebfebc000-7f9ec00bb000 ---p 00010000 08:01 269899                     /usr/lib/x86_64-linux-gnu/libtasn1.so.3.1.11
7f9ec00bb000-7f9ec00bc000 r--p 0000f000 08:01 269899                     /usr/lib/x86_64-linux-gnu/libtasn1.so.3.1.11
7f9ec00bc000-7f9ec00bd000 rw-p 00010000 08:01 269899                     /usr/lib/x86_64-linux-gnu/libtasn1.so.3.1.11
7f9ec00bd000-7f9ec00c4000 r-xp 00000000 08:01 264993                     /usr/lib/x86_64-linux-gnu/libkrb5support.so.0.1
7f9ec00c4000-7f9ec02c3000 ---p 00007000 08:01 264993                     /usr/lib/x86_64-linux-gnu/libkrb5support.so.0.1
7f9ec02c3000-7f9ec02c4000 r--p 00006000 08:01 264993                     /usr/lib/x86_64-linux-gnu/libkrb5support.so.0.1
7f9ec02c4000-7f9ec02c5000 rw-p 00007000 08:01 264993                     /usr/lib/x86_64-linux-gnu/libkrb5support.so.0.1
7f9ec02c5000-7f9ec02c8000 r-xp 00000000 08:01 23465854                   /lib/x86_64-linux-gnu/libcom_err.so.2.1
7f9ec02c8000-7f9ec04c7000 ---p 00003000 08:01 23465854                   /lib/x86_64-linux-gnu/libcom_err.so.2.1
7f9ec04c7000-7f9ec04c8000 r--p 00002000 08:01 23465854                   /lib/x86_64-linux-gnu/libcom_err.so.2.1
7f9ec04c8000-7f9ec04c9000 rw-p 00003000 08:01 23465854                   /lib/x86_64-linux-gnu/libcom_err.so.2.1
7f9ec04c9000-7f9ec04ef000 r-xp 00000000 08:01 262553                     /usr/lib/x86_64-linux-gnu/libk5crypto.so.3.1
7f9ec04ef000-7f9ec06ee000 ---p 00026000 08:01 262553                     /usr/lib/x86_64-linux-gnu/libk5crypto.so.3.1
7f9ec06ee000-7f9ec06f0000 r--p 00025000 08:01 262553                     /usr/lib/x86_64-linux-gnu/libk5crypto.so.3.1
7f9ec06f0000-7f9ec06f1000 rw-p 00027000 08:01 262553                     /usr/lib/x86_64-linux-gnu/libk5crypto.so.3.1
7f9ec06f1000-7f9ec07b0000 r-xp 00000000 08:01 263183                     /usr/lib/x86_64-linux-gnu/libkrb5.so.3.3
7f9ec07b0000-7f9ec09b0000 ---p 000bf000 08:01 263183                     /usr/lib/x86_64-linux-gnu/libkrb5.so.3.3
7f9ec09b0000-7f9ec09b9000 r--p 000bf000 08:01 263183                     /usr/lib/x86_64-linux-gnu/libkrb5.so.3.3
7f9ec09b9000-7f9ec09ba000 rw-p 000c8000 08:01 263183                     /usr/lib/x86_64-linux-gnu/libkrb5.so.3.3
7f9ec09ba000-7f9ec09c1000 r-xp 00000000 08:01 269922                     /usr/lib/x86_64-linux-gnu/libxcb-render.so.0.0.0
7f9ec09c1000-7f9ec0bc1000 ---p 00007000 08:01 269922                     /usr/lib/x86_64-linux-gnu/libxcb-render.so.0.0.0
7f9ec0bc1000-7f9ec0bc2000 r--p 00007000 08:01 269922                     /usr/lib/x86_64-linux-gnu/libxcb-render.so.0.0.0
7f9ec0bc2000-7f9ec0bc3000 rw-p 00008000 08:01 269922                     /usr/lib/x86_64-linux-gnu/libxcb-render.so.0.0.0
7f9ec0bc3000-7f9ec0bc5000 r-xp 00000000 08:01 269926                     /usr/lib/x86_64-linux-gnu/libxcb-shm.so.0.0.0
7f9ec0bc5000-7f9ec0dc4000 ---p 00002000 08:01 269926                     /usr/lib/x86_64-linux-gnu/libxcb-shm.so.0.0.0
7f9ec0dc4000-7f9ec0dc5000 r--p 00001000 08:01 269926                     /usr/lib/x86_64-linux-gnu/libxcb-shm.so.0.0.0
7f9ec0dc5000-7f9ec0dc6000 rw-p 00002000 08:01 269926                     /usr/lib/x86_64-linux-gnu/libxcb-shm.so.0.0.0
7f9ec0dc6000-7f9ec0dec000 r-xp 00000000 08:01 23465908                   /lib/x86_64-linux-gnu/libpng12.so.0.46.0
7f9ec0dec000-7f9ec0feb000 ---p 00026000 08:01 23465908                   /lib/x86_64-linux-gnu/libpng12.so.0.46.0
7f9ec0feb000-7f9ec0fec000 r--p 00025000 08:01 23465908                   /lib/x86_64-linux-gnu/libpng12.so.0.46.0
7f9ec0fec000-7f9ec0fed000 rw-p 00026000 08:01 23465908                   /lib/x86_64-linux-gnu/libpng12.so.0.46.0
7f9ec0fed000-7f9ec105b000 r-xp 00000000 08:01 269852                     /usr/lib/x86_64-linux-gnu/libpixman-1.so.0.22.2
7f9ec105b000-7f9ec125b000 ---p 0006e000 08:01 269852                     /usr/lib/x86_64-linux-gnu/libpixman-1.so.0.22.2
7f9ec125b000-7f9ec1260000 r--p 0006e000 08:01 269852                     /usr/lib/x86_64-linux-gnu/libpixman-1.so.0.22.2
7f9ec1260000-7f9ec1261000 rw-p 00073000 08:01 269852                     /usr/lib/x86_64-linux-gnu/libpixman-1.so.0.22.2
7f9ec1261000-7f9ec1272000 r-xp 00000000 08:01 269672                     /usr/lib/x86_64-linux-gnu/libavahi-client.so.3.2.9
7f9ec1272000-7f9ec1472000 ---p 00011000 08:01 269672                     /usr/lib/x86_64-linux-gnu/libavahi-client.so.3.2.9
7f9ec1472000-7f9ec1473000 r--p 00011000 08:01 269672                     /usr/lib/x86_64-linux-gnu/libavahi-client.so.3.2.9
7f9ec1473000-7f9ec1474000 rw-p 00012000 08:01 269672                     /usr/lib/x86_64-linux-gnu/libavahi-client.so.3.2.9
7f9ec1474000-7f9ec1481000 r-xp 00000000 08:01 269674                     /usr/lib/x86_64-linux-gnu/libavahi-common.so.3.5.3
7f9ec1481000-7f9ec1680000 ---p 0000d000 08:01 269674                     /usr/lib/x86_64-linux-gnu/libavahi-common.so.3.5.3
7f9ec1680000-7f9ec1681000 r--p 0000c000 08:01 269674                     /usr/lib/x86_64-linux-gnu/libavahi-common.so.3.5.3
7f9ec1681000-7f9ec1682000 rw-p 0000d000 08:01 269674                     /usr/lib/x86_64-linux-gnu/libavahi-common.so.3.5.3
7f9ec1682000-7f9ec1723000 r-xp 00000000 08:01 269760                     /usr/lib/x86_64-linux-gnu/libgnutls.so.26.16.14
7f9ec1723000-7f9ec1922000 ---p 000a1000 08:01 269760                     /usr/lib/x86_64-linux-gnu/libgnutls.so.26.16.14
7f9ec1922000-7f9ec1929000 r--p 000a0000 08:01 269760                     /usr/lib/x86_64-linux-gnu/libgnutls.so.26.16.14
7f9ec1929000-7f9ec192a000 rw-p 000a7000 08:01 269760                     /usr/lib/x86_64-linux-gnu/libgnutls.so.26.16.14
7f9ec192a000-7f9ec1965000 r-xp 00000000 08:01 262683                     /usr/lib/x86_64-linux-gnu/libgssapi_krb5.so.2.2
7f9ec1965000-7f9ec1b65000 ---p 0003b000 08:01 262683                     /usr/lib/x86_64-linux-gnu/libgssapi_krb5.so.2.2
7f9ec1b65000-7f9ec1b66000 r--p 0003b000 08:01 262683                     /usr/lib/x86_64-linux-gnu/libgssapi_krb5.so.2.2
7f9ec1b66000-7f9ec1b68000 rw-p 0003c000 08:01 262683                     /usr/lib/x86_64-linux-gnu/libgssapi_krb5.so.2.2
7f9ec1b68000-7f9ec1b8f000 r-xp 00000000 08:01 23465865                   /lib/x86_64-linux-gnu/libexpat.so.1.5.2
7f9ec1b8f000-7f9ec1d8f000 ---p 00027000 08:01 23465865                   /lib/x86_64-linux-gnu/libexpat.so.1.5.2
7f9ec1d8f000-7f9ec1d91000 r--p 00027000 08:01 23465865                   /lib/x86_64-linux-gnu/libexpat.so.1.5.2
7f9ec1d91000-7f9ec1d92000 rw-p 00029000 08:01 23465865                   /lib/x86_64-linux-gnu/libexpat.so.1.5.2
7f9ec1d92000-7f9ec1e24000 r-xp 00000000 08:01 263045                     /usr/lib/x86_64-linux-gnu/libfreetype.so.6.6.2
7f9ec1e24000-7f9ec2023000 ---p 00092000 08:01 263045                     /usr/lib/x86_64-linux-gnu/libfreetype.so.6.6.2
7f9ec2023000-7f9ec2029000 r--p 00091000 08:01 263045                     /usr/lib/x86_64-linux-gnu/libfreetype.so.6.6.2
7f9ec2029000-7f9ec202a000 rw-p 00097000 08:01 263045                     /usr/lib/x86_64-linux-gnu/libfreetype.so.6.6.2
7f9ec202a000-7f9ec202c000 r-xp 00000000 08:01 269638                     /usr/lib/x86_64-linux-gnu/libXdamage.so.1.1.0
7f9ec202c000-7f9ec222b000 ---p 00002000 08:01 269638                     /usr/lib/x86_64-linux-gnu/libXdamage.so.1.1.0
7f9ec222b000-7f9ec222c000 r--p 00001000 08:01 269638                     /usr/lib/x86_64-linux-gnu/libXdamage.so.1.1.0
7f9ec222c000-7f9ec222d000 rw-p 00002000 08:01 269638                     /usr/lib/x86_64-linux-gnu/libXdamage.so.1.1.0
7f9ec222d000-7f9ec222f000 r-xp 00000000 08:01 269634                     /usr/lib/x86_64-linux-gnu/libXcomposite.so.1.0.0
7f9ec222f000-7f9ec242e000 ---p 00002000 08:01 269634                     /usr/lib/x86_64-linux-gnu/libXcomposite.so.1.0.0
7f9ec242e000-7f9ec242f000 r--p 00001000 08:01 269634                     /usr/lib/x86_64-linux-gnu/libXcomposite.so.1.0.0
7f9ec242f000-7f9ec2430000 rw-p 00002000 08:01 269634                     /usr/lib/x86_64-linux-gnu/libXcomposite.so.1.0.0
7f9ec2430000-7f9ec2439000 r-xp 00000000 08:01 269636                     /usr/lib/x86_64-linux-gnu/libXcursor.so.1.0.2
7f9ec2439000-7f9ec2638000 ---p 00009000 08:01 269636                     /usr/lib/x86_64-linux-gnu/libXcursor.so.1.0.2
7f9ec2638000-7f9ec2639000 r--p 00008000 08:01 269636                     /usr/lib/x86_64-linux-gnu/libXcursor.so.1.0.2
7f9ec2639000-7f9ec263a000 rw-p 00009000 08:01 269636                     /usr/lib/x86_64-linux-gnu/libXcursor.so.1.0.2
7f9ec263a000-7f9ec2642000 r-xp 00000000 08:01 269652                     /usr/lib/x86_64-linux-gnu/libXrandr.so.2.2.0
7f9ec2642000-7f9ec2841000 ---p 00008000 08:01 269652                     /usr/lib/x86_64-linux-gnu/libXrandr.so.2.2.0
7f9ec2841000-7f9ec2842000 r--p 00007000 08:01 269652                     /usr/lib/x86_64-linux-gnu/libXrandr.so.2.2.0
7f9ec2842000-7f9ec2843000 rw-p 00008000 08:01 269652                     /usr/lib/x86_64-linux-gnu/libXrandr.so.2.2.0
7f9ec2843000-7f9ec2845000 r-xp 00000000 08:01 269650                     /usr/lib/x86_64-linux-gnu/libXinerama.so.1.0.0
7f9ec2845000-7f9ec2a44000 ---p 00002000 08:01 269650                     /usr/lib/x86_64-linux-gnu/libXinerama.so.1.0.0
7f9ec2a44000-7f9ec2a45000 r--p 00001000 08:01 269650                     /usr/lib/x86_64-linux-gnu/libXinerama.so.1.0.0
7f9ec2a45000-7f9ec2a46000 rw-p 00002000 08:01 269650                     /usr/lib/x86_64-linux-gnu/libXinerama.so.1.0.0
7f9ec2a46000-7f9ec2a70000 r-xp 00000000 08:01 269838                     /usr/lib/x86_64-linux-gnu/libpangoft2-1.0.so.0.2903.0
7f9ec2a70000-7f9ec2c6f000 ---p 0002a000 08:01 269838                     /usr/lib/x86_64-linux-gnu/libpangoft2-1.0.so.0.2903.0
7f9ec2c6f000-7f9ec2c70000 r--p 00029000 08:01 269838                     /usr/lib/x86_64-linux-gnu/libpangoft2-1.0.so.0.2903.0
7f9ec2c70000-7f9ec2c71000 rw-p 0002a000 08:01 269838                     /usr/lib/x86_64-linux-gnu/libpangoft2-1.0.so.0.2903.0
7f9ec2c71000-7f9ec2d2a000 r-xp 00000000 08:01 269694                     /usr/lib/x86_64-linux-gnu/libcairo.so.2.11000.2
7f9ec2d2a000-7f9ec2f29000 ---p 000b9000 08:01 269694                     /usr/lib/x86_64-linux-gnu/libcairo.so.2.11000.2
7f9ec2f29000-7f9ec2f2b000 r--p 000b8000 08:01 269694                     /usr/lib/x86_64-linux-gnu/libcairo.so.2.11000.2
7f9ec2f2b000-7f9ec2f2c000 rw-p 000ba000 08:01 269694                     /usr/lib/x86_64-linux-gnu/libcairo.so.2.11000.2
7f9ec2f2c000-7f9ec2f2f000 rw-p 00000000 00:00 0 
7f9ec2f2f000-7f9ec2f4e000 r-xp 00000000 08:01 269668                     /usr/lib/x86_64-linux-gnu/libatk-1.0.so.0.20209.1
7f9ec2f4e000-7f9ec314e000 ---p 0001f000 08:01 269668                     /usr/lib/x86_64-linux-gnu/libatk-1.0.so.0.20209.1
7f9ec314e000-7f9ec3150000 r--p 0001f000 08:01 269668                     /usr/lib/x86_64-linux-gnu/libatk-1.0.so.0.20209.1
7f9ec3150000-7f9ec3151000 rw-p 00021000 08:01 269668                     /usr/lib/x86_64-linux-gnu/libatk-1.0.so.0.20209.1
7f9ec3151000-7f9ec3156000 r-xp 00000000 08:01 269644                     /usr/lib/x86_64-linux-gnu/libXfixes.so.3.1.0
7f9ec3156000-7f9ec3355000 ---p 00005000 08:01 269644                     /usr/lib/x86_64-linux-gnu/libXfixes.so.3.1.0
7f9ec3355000-7f9ec3356000 r--p 00004000 08:01 269644                     /usr/lib/x86_64-linux-gnu/libXfixes.so.3.1.0
7f9ec3356000-7f9ec3357000 rw-p 00005000 08:01 269644                     /usr/lib/x86_64-linux-gnu/libXfixes.so.3.1.0
7f9ec3357000-7f9ec3362000 r-xp 00000000 08:01 269836                     /usr/lib/x86_64-linux-gnu/libpangocairo-1.0.so.0.2903.0
7f9ec3362000-7f9ec3562000 ---p 0000b000 08:01 269836                     /usr/lib/x86_64-linux-gnu/libpangocairo-1.0.so.0.2903.0
7f9ec3562000-7f9ec3563000 r--p 0000b000 08:01 269836                     /usr/lib/x86_64-linux-gnu/libpangocairo-1.0.so.0.2903.0
7f9ec3563000-7f9ec3564000 rw-p 0000c000 08:01 269836                     /usr/lib/x86_64-linux-gnu/libpangocairo-1.0.so.0.2903.0
7f9ec3564000-7f9ec35b2000 r-xp 00000000 08:01 262325                     /usr/lib/x86_64-linux-gnu/libcups.so.2
7f9ec35b2000-7f9ec37b2000 ---p 0004e000 08:01 262325                     /usr/lib/x86_64-linux-gnu/libcups.so.2
7f9ec37b2000-7f9ec37b6000 r--p 0004e000 08:01 262325                     /usr/lib/x86_64-linux-gnu/libcups.so.2
7f9ec37b6000-7f9ec37b7000 rw-p 00052000 08:01 262325                     /usr/lib/x86_64-linux-gnu/libcups.so.2
7f9ec37b7000-7f9ec37eb000 r-xp 00000000 08:01 269733                     /usr/lib/x86_64-linux-gnu/libfontconfig.so.1.4.4
7f9ec37eb000-7f9ec39eb000 ---p 00034000 08:01 269733                     /usr/lib/x86_64-linux-gnu/libfontconfig.so.1.4.4
7f9ec39eb000-7f9ec39ec000 r--p 00034000 08:01 269733                     /usr/lib/x86_64-linux-gnu/libfontconfig.so.1.4.4
7f9ec39ec000-7f9ec39ed000 rw-p 00035000 08:01 269733                     /usr/lib/x86_64-linux-gnu/libfontconfig.so.1.4.4
7f9ec39ed000-7f9ec3a34000 r-xp 00000000 08:01 269834                     /usr/lib/x86_64-linux-gnu/libpango-1.0.so.0.2903.0
7f9ec3a34000-7f9ec3c34000 ---p 00047000 08:01 269834                     /usr/lib/x86_64-linux-gnu/libpango-1.0.so.0.2903.0
7f9ec3c34000-7f9ec3c36000 r--p 00047000 08:01 269834                     /usr/lib/x86_64-linux-gnu/libpango-1.0.so.0.2903.0
7f9ec3c36000-7f9ec3c37000 rw-p 00049000 08:01 269834                     /usr/lib/x86_64-linux-gnu/libpango-1.0.so.0.2903.0
7f9ec3c37000-7f9ec3c55000 r-xp 00000000 08:01 269746                     /usr/lib/x86_64-linux-gnu/libgdk_pixbuf-2.0.so.0.2400.0
7f9ec3c55000-7f9ec3e54000 ---p 0001e000 08:01 269746                     /usr/lib/x86_64-linux-gnu/libgdk_pixbuf-2.0.so.0.2400.0
7f9ec3e54000-7f9ec3e55000 r--p 0001d000 08:01 269746                     /usr/lib/x86_64-linux-gnu/libgdk_pixbuf-2.0.so.0.2400.0
7f9ec3e55000-7f9ec3e56000 rw-p 0001e000 08:01 269746                     /usr/lib/x86_64-linux-gnu/libgdk_pixbuf-2.0.so.0.2400.0
7f9ec3e56000-7f9ec3f03000 r-xp 00000000 08:01 265726                     /usr/lib/x86_64-linux-gnu/libgdk-x11-2.0.so.0.2400.8
7f9ec3f03000-7f9ec4102000 ---p 000ad000 08:01 265726                     /usr/lib/x86_64-linux-gnu/libgdk-x11-2.0.so.0.2400.8
7f9ec4102000-7f9ec4106000 r--p 000ac000 08:01 265726                     /usr/lib/x86_64-linux-gnu/libgdk-x11-2.0.so.0.2400.8
7f9ec4106000-7f9ec4108000 rw-p 000b0000 08:01 265726                     /usr/lib/x86_64-linux-gnu/libgdk-x11-2.0.so.0.2400.8
7f9ec4108000-7f9ec4537000 r-xp 00000000 08:01 266353                     /usr/lib/x86_64-linux-gnu/libgtk-x11-2.0.so.0.2400.8
7f9ec4537000-7f9ec4737000 ---p 0042f000 08:01 266353                     /usr/lib/x86_64-linux-gnu/libgtk-x11-2.0.so.0.2400.8
7f9ec4737000-7f9ec473e000 r--p 0042f000 08:01 266353                     /usr/lib/x86_64-linux-gnu/libgtk-x11-2.0.so.0.2400.8
7f9ec473e000-7f9ec4742000 rw-p 00436000 08:01 266353                     /usr/lib/x86_64-linux-gnu/libgtk-x11-2.0.so.0.2400.8
7f9ec4742000-7f9ec4744000 rw-p 00000000 00:00 0 
7f9ec4744000-7f9ec4753000 r-xp 00000000 08:01 269648                     /usr/lib/x86_64-linux-gnu/libXi.so.6.1.0
7f9ec4753000-7f9ec4952000 ---p 0000f000 08:01 269648                     /usr/lib/x86_64-linux-gnu/libXi.so.6.1.0
7f9ec4952000-7f9ec4953000 r--p 0000e000 08:01 269648                     /usr/lib/x86_64-linux-gnu/libXi.so.6.1.0
7f9ec4953000-7f9ec4954000 rw-p 0000f000 08:01 269648                     /usr/lib/x86_64-linux-gnu/libXi.so.6.1.0
7f9ec4954000-7f9ec4959000 r-xp 00000000 08:01 264937                     /usr/lib/libXtst.so.6.1.0
7f9ec4959000-7f9ec4b58000 ---p 00005000 08:01 264937                     /usr/lib/libXtst.so.6.1.0
7f9ec4b58000-7f9ec4b59000 r--p 00004000 08:01 264937                     /usr/lib/libXtst.so.6.1.0
7f9ec4b59000-7f9ec4b5a000 rw-p 00005000 08:01 264937                     /usr/lib/libXtst.so.6.1.0
7f9ec4b5a000-7f9ec4b63000 r-xp 00000000 08:01 269654                     /usr/lib/x86_64-linux-gnu/libXrender.so.1.3.0
7f9ec4b63000-7f9ec4d63000 ---p 00009000 08:01 269654                     /usr/lib/x86_64-linux-gnu/libXrender.so.1.3.0
7f9ec4d63000-7f9ec4d64000 r--p 00009000 08:01 269654                     /usr/lib/x86_64-linux-gnu/libXrender.so.1.3.0
7f9ec4d64000-7f9ec4d65000 rw-p 0000a000 08:01 269654                     /usr/lib/x86_64-linux-gnu/libXrender.so.1.3.0
7f9ec4d65000-7f9ec4db7000 r-xp 00000000 08:01 1574743                    /usr/lib/jvm/java-7-openjdk-amd64/jre/lib/amd64/xawt/libmawt.so
7f9ec4db7000-7f9ec4fb7000 ---p 00052000 08:01 1574743                    /usr/lib/jvm/java-7-openjdk-amd64/jre/lib/amd64/xawt/libmawt.so
7f9ec4fb7000-7f9ec4fb8000 r--p 00052000 08:01 1574743                    /usr/lib/jvm/java-7-openjdk-amd64/jre/lib/amd64/xawt/libmawt.so
7f9ec4fb8000-7f9ec4fbb000 rw-p 00053000 08:01 1574743                    /usr/lib/jvm/java-7-openjdk-amd64/jre/lib/amd64/xawt/libmawt.so
7f9ec4fbb000-7f9ec4fbc000 rw-p 00000000 00:00 0 
7f9ec4fbc000-7f9ec505e000 r-xp 00000000 08:01 1574681                    /usr/lib/jvm/java-7-openjdk-amd64/jre/lib/amd64/libawt.so
7f9ec505e000-7f9ec525d000 ---p 000a2000 08:01 1574681                    /usr/lib/jvm/java-7-openjdk-amd64/jre/lib/amd64/libawt.so
7f9ec525d000-7f9ec525e000 r--p 000a1000 08:01 1574681                    /usr/lib/jvm/java-7-openjdk-amd64/jre/lib/amd64/libawt.so
7f9ec525e000-7f9ec5269000 rw-p 000a2000 08:01 1574681                    /usr/lib/jvm/java-7-openjdk-amd64/jre/lib/amd64/libawt.so
7f9ec5269000-7f9ec528e000 rw-p 00000000 00:00 0 
7f9ec528e000-7f9ec5290000 r-xp 00000000 08:01 7077910                    /tmp/jogamp.tmp.cache_000000/jln5557644269667044896/jln7137241904534942683/libgluegen-rt.so
7f9ec5290000-7f9ec548f000 ---p 00002000 08:01 7077910                    /tmp/jogamp.tmp.cache_000000/jln5557644269667044896/jln7137241904534942683/libgluegen-rt.so
7f9ec548f000-7f9ec5490000 r--p 00001000 08:01 7077910                    /tmp/jogamp.tmp.cache_000000/jln5557644269667044896/jln7137241904534942683/libgluegen-rt.so
7f9ec5490000-7f9ec5491000 rw-p 00002000 08:01 7077910                    /tmp/jogamp.tmp.cache_000000/jln5557644269667044896/jln7137241904534942683/libgluegen-rt.so
7f9ec5491000-7f9ec5494000 ---p 00000000 00:00 0 
7f9ec5494000-7f9ec5592000 rw-p 00000000 00:00 0 
7f9ec5592000-7f9ec55a2000 r-xp 00000000 08:01 1574654                    /usr/lib/jvm/java-7-openjdk-amd64/jre/lib/amd64/libnio.so
7f9ec55a2000-7f9ec57a1000 ---p 00010000 08:01 1574654                    /usr/lib/jvm/java-7-openjdk-amd64/jre/lib/amd64/libnio.so
7f9ec57a1000-7f9ec57a2000 r--p 0000f000 08:01 1574654                    /usr/lib/jvm/java-7-openjdk-amd64/jre/lib/amd64/libnio.so
7f9ec57a2000-7f9ec57a3000 rw-p 00010000 08:01 1574654                    /usr/lib/jvm/java-7-openjdk-amd64/jre/lib/amd64/libnio.so
7f9ec57a3000-7f9ec57de000 r-xp 00000000 08:01 23465906                   /lib/x86_64-linux-gnu/libpcre.so.3.12.1
7f9ec57de000-7f9ec59dd000 ---p 0003b000 08:01 23465906                   /lib/x86_64-linux-gnu/libpcre.so.3.12.1
7f9ec59dd000-7f9ec59de000 r--p 0003a000 08:01 23465906                   /lib/x86_64-linux-gnu/libpcre.so.3.12.1
7f9ec59de000-7f9ec59df000 rw-p 0003b000 08:01 23465906                   /lib/x86_64-linux-gnu/libpcre.so.3.12.1
7f9ec59df000-7f9ec59e6000 r-xp 00000000 08:01 269731                     /usr/lib/x86_64-linux-gnu/libffi.so.6.0.0
7f9ec59e6000-7f9ec5be5000 ---p 00007000 08:01 269731                     /usr/lib/x86_64-linux-gnu/libffi.so.6.0.0
7f9ec5be5000-7f9ec5be6000 r--p 00006000 08:01 269731                     /usr/lib/x86_64-linux-gnu/libffi.so.6.0.0
7f9ec5be6000-7f9ec5be7000 rw-p 00007000 08:01 269731                     /usr/lib/x86_64-linux-gnu/libffi.so.6.0.0
7f9ec5be7000-7f9ec5beb000 r-xp 00000000 08:01 264817                     /usr/lib/x86_64-linux-gnu/libgthread-2.0.so.0.3000.2
7f9ec5beb000-7f9ec5dea000 ---p 00004000 08:01 264817                     /usr/lib/x86_64-linux-gnu/libgthread-2.0.so.0.3000.2
7f9ec5dea000-7f9ec5deb000 r--p 00003000 08:01 264817                     /usr/lib/x86_64-linux-gnu/libgthread-2.0.so.0.3000.2
7f9ec5deb000-7f9ec5dec000 rw-p 00004000 08:01 264817                     /usr/lib/x86_64-linux-gnu/libgthread-2.0.so.0.3000.2
7f9ec5dec000-7f9ec5e03000 r-xp 00000000 08:01 23465911                   /lib/x86_64-linux-gnu/libresolv-2.13.so
7f9ec5e03000-7f9ec6003000 ---p 00017000 08:01 23465911                   /lib/x86_64-linux-gnu/libresolv-2.13.so
7f9ec6003000-7f9ec6004000 r--p 00017000 08:01 23465911                   /lib/x86_64-linux-gnu/libresolv-2.13.so
7f9ec6004000-7f9ec6005000 rw-p 00018000 08:01 23465911                   /lib/x86_64-linux-gnu/libresolv-2.13.so
7f9ec6005000-7f9ec6007000 rw-p 00000000 00:00 0 
7f9ec6007000-7f9ec6023000 r-xp 00000000 08:01 23465915                   /lib/x86_64-linux-gnu/libselinux.so.1
7f9ec6023000-7f9ec6222000 ---p 0001c000 08:01 23465915                   /lib/x86_64-linux-gnu/libselinux.so.1
7f9ec6222000-7f9ec6223000 r--p 0001b000 08:01 23465915                   /lib/x86_64-linux-gnu/libselinux.so.1
7f9ec6223000-7f9ec6224000 rw-p 0001c000 08:01 23465915                   /lib/x86_64-linux-gnu/libselinux.so.1
7f9ec6224000-7f9ec6225000 rw-p 00000000 00:00 0 
7f9ec6225000-7f9ec6228000 r-xp 00000000 08:01 264827                     /usr/lib/x86_64-linux-gnu/libgmodule-2.0.so.0.3000.2
7f9ec6228000-7f9ec6427000 ---p 00003000 08:01 264827                     /usr/lib/x86_64-linux-gnu/libgmodule-2.0.so.0.3000.2
7f9ec6427000-7f9ec6428000 r--p 00002000 08:01 264827                     /usr/lib/x86_64-linux-gnu/libgmodule-2.0.so.0.3000.2
7f9ec6428000-7f9ec6429000 rw-p 00003000 08:01 264827                     /usr/lib/x86_64-linux-gnu/libgmodule-2.0.so.0.3000.2
7f9ec6429000-7f9ec651d000 r-xp 00000000 08:01 23461921                   /lib/x86_64-linux-gnu/libglib-2.0.so.0.3000.2
7f9ec651d000-7f9ec671c000 ---p 000f4000 08:01 23461921                   /lib/x86_64-linux-gnu/libglib-2.0.so.0.3000.2
7f9ec671c000-7f9ec671d000 r--p 000f3000 08:01 23461921                   /lib/x86_64-linux-gnu/libglib-2.0.so.0.3000.2
7f9ec671d000-7f9ec671e000 rw-p 000f4000 08:01 23461921                   /lib/x86_64-linux-gnu/libglib-2.0.so.0.3000.2
7f9ec671e000-7f9ec671f000 rw-p 00000000 00:00 0 
7f9ec671f000-7f9ec676d000 r-xp 00000000 08:01 264876                     /usr/lib/x86_64-linux-gnu/libgobject-2.0.so.0.3000.2
7f9ec676d000-7f9ec696d000 ---p 0004e000 08:01 264876                     /usr/lib/x86_64-linux-gnu/libgobject-2.0.so.0.3000.2
7f9ec696d000-7f9ec696e000 r--p 0004e000 08:01 264876                     /usr/lib/x86_64-linux-gnu/libgobject-2.0.so.0.3000.2
7f9ec696e000-7f9ec696f000 rw-p 0004f000 08:01 264876                     /usr/lib/x86_64-linux-gnu/libgobject-2.0.so.0.3000.2
7f9ec696f000-7f9ec6970000 rw-p 00000000 00:00 0 
7f9ec6970000-7f9ec6aab000 r-xp 00000000 08:01 265043                     /usr/lib/x86_64-linux-gnu/libgio-2.0.so.0.3000.2
7f9ec6aab000-7f9ec6cab000 ---p 0013b000 08:01 265043                     /usr/lib/x86_64-linux-gnu/libgio-2.0.so.0.3000.2
7f9ec6cab000-7f9ec6caf000 r--p 0013b000 08:01 265043                     /usr/lib/x86_64-linux-gnu/libgio-2.0.so.0.3000.2
7f9ec6caf000-7f9ec6cb1000 rw-p 0013f000 08:01 265043                     /usr/lib/x86_64-linux-gnu/libgio-2.0.so.0.3000.2
7f9ec6cb1000-7f9ec6cb3000 rw-p 00000000 00:00 0 
7f9ec6cb3000-7f9ec6cc9000 r-xp 00000000 08:01 1574663                    /usr/lib/jvm/java-7-openjdk-amd64/jre/lib/amd64/libnet.so
7f9ec6cc9000-7f9ec6ec8000 ---p 00016000 08:01 1574663                    /usr/lib/jvm/java-7-openjdk-amd64/jre/lib/amd64/libnet.so
7f9ec6ec8000-7f9ec6ec9000 r--p 00015000 08:01 1574663                    /usr/lib/jvm/java-7-openjdk-amd64/jre/lib/amd64/libnet.so
7f9ec6ec9000-7f9ec6eca000 rw-p 00016000 08:01 1574663                    /usr/lib/jvm/java-7-openjdk-amd64/jre/lib/amd64/libnet.so
7f9ec6eca000-7f9ec6ecb000 r--s 00021000 00:14 22028874                   /home/daniel/.m2/repository/org/jogamp/jogl/jogl-all-natives-linux-amd64/2.0-b45-20111219/jogl-all-natives-linux-amd64-2.0-b45-20111219.jar
7f9ec6ecb000-7f9ec6ecf000 r--s 000a0000 08:01 1574613                    /usr/lib/jvm/java-7-openjdk-common/jre/lib/jsse.jar
7f9ec6ecf000-7f9ec6ee7000 r--s 00439000 00:14 22029213                   /home/daniel/.m2/repository/org/jogamp/jogl/jogl.all/2.0-b45-20111219/jogl.all-2.0-b45-20111219.jar
7f9ec6ee7000-7f9ec6ee8000 r--s 00001000 00:14 22029963                   /home/daniel/.m2/repository/org/jogamp/gluegen/gluegen-rt-natives-linux-amd64/2.0-b33-20111219/gluegen-rt-natives-linux-amd64-2.0-b33-20111219.jar
7f9ec6ee8000-7f9ec6eec000 r--s 00029000 00:14 22029949                   /home/daniel/.m2/repository/org/jogamp/gluegen/gluegen-rt/2.0-b33-20111219/gluegen-rt-2.0-b33-20111219.jar
7f9ec6eec000-7f9ec6eed000 r--s 00002000 00:14 25297701                   /home/daniel/.m2/repository/de/dheinrich/libarys/lzma-jio/1.0/lzma-jio-1.0.jar
7f9ec6eed000-7f9ec6eef000 r--s 0000e000 00:14 26609712                   /home/daniel/.m2/repository/de/dheinrich/darwin/ResourceHandling/1.0/ResourceHandling-1.0.jar
7f9ec6eef000-7f9ec6ef2000 r--s 00016000 00:14 26345870                   /home/daniel/.m2/repository/de/dheinrich/darwin/Util/1.0-SNAPSHOT/Util-1.0-SNAPSHOT.jar
7f9ec6ef2000-7f9ec6efb000 r--s 0006d000 00:14 25167222                   /home/daniel/.m2/repository/log4j/log4j/1.2.16/log4j-1.2.16.jar
7f9ec6efb000-7f9ec6efe000 r--s 00032000 08:01 1574598                    /usr/lib/jvm/java-7-openjdk-common/jre/lib/ext/sunjce_provider.jar
7f9ec6efe000-7f9ec6f01000 r--s 0000f000 08:01 1574600                    /usr/lib/jvm/java-7-openjdk-common/jre/lib/ext/pulse-java.jar
7f9ec6f01000-7f9ec6f04000 r--s 0003c000 08:01 1574595                    /usr/lib/jvm/java-7-openjdk-common/jre/lib/ext/sunpkcs11.jar
7f9ec6f04000-7f9ec6f0c000 r--s 00066000 08:01 661631                     /usr/share/java/gnome-java-bridge.jar
7f9ec6f0c000-7f9ec6f0f000 r--s 00085000 08:01 1574597                    /usr/lib/jvm/java-7-openjdk-common/jre/lib/ext/localedata.jar
7f9ec6f0f000-7f9ec6f10000 r--s 00002000 08:01 1574596                    /usr/lib/jvm/java-7-openjdk-common/jre/lib/ext/dnsns.jar
7f9ec6f10000-7f9ec6f12000 r--s 00012000 08:01 1574599                    /usr/lib/jvm/java-7-openjdk-common/jre/lib/ext/zipfs.jar
7f9ec6f12000-7f9ec6f13000 ---p 00000000 00:00 0 
7f9ec6f13000-7f9ec7013000 rw-p 00000000 00:00 0 
7f9ec7013000-7f9ec7016000 ---p 00000000 00:00 0 
7f9ec7016000-7f9ec7114000 rw-p 00000000 00:00 0 
7f9ec7114000-7f9ec7117000 ---p 00000000 00:00 0 
7f9ec7117000-7f9ec7215000 rw-p 00000000 00:00 0 
7f9ec7215000-7f9ec7218000 ---p 00000000 00:00 0 
7f9ec7218000-7f9ec7316000 rw-p 00000000 00:00 0 
7f9ec7316000-7f9ec7319000 ---p 00000000 00:00 0 
7f9ec7319000-7f9ec7417000 rw-p 00000000 00:00 0 
7f9ec7417000-7f9ec7afb000 r--p 00000000 08:01 268785                     /usr/lib/locale/locale-archive
7f9ec7afb000-7f9ec7afe000 ---p 00000000 00:00 0 
7f9ec7afe000-7f9ec7bfc000 rw-p 00000000 00:00 0 
7f9ec7bfc000-7f9ec7bff000 ---p 00000000 00:00 0 
7f9ec7bff000-7f9ec7cfd000 rw-p 00000000 00:00 0 
7f9ec7cfd000-7f9ec7cfe000 ---p 00000000 00:00 0 
7f9ec7cfe000-7f9ec8000000 rw-p 00000000 00:00 0 
7f9ec8000000-7f9ec8614000 rw-p 00000000 00:00 0 
7f9ec8614000-7f9ecc000000 ---p 00000000 00:00 0 
7f9ecc014000-7f9ecc017000 ---p 00000000 00:00 0 
7f9ecc017000-7f9ecc02e000 rw-p 00000000 00:00 0 
7f9ecc02e000-7f9ecc04f000 rw-s 00000000 00:04 119406674                  /SYSV00000000 (deleted)
7f9ecc04f000-7f9ecc3be000 rw-p 00000000 00:00 0 
7f9ecc3be000-7f9ecc56c000 r--s 03e77000 08:01 1574695                    /usr/lib/jvm/java-7-openjdk-amd64/jre/lib/rt.jar
7f9ecc56c000-7f9ecc56d000 ---p 00000000 00:00 0 
7f9ecc56d000-7f9ecc66d000 rw-p 00000000 00:00 0 
7f9ecc66d000-7f9ecc66e000 ---p 00000000 00:00 0 
7f9ecc66e000-7f9ecc76e000 rw-p 00000000 00:00 0 
7f9ecc76e000-7f9ecc76f000 ---p 00000000 00:00 0 
7f9ecc76f000-7f9ecc86f000 rw-p 00000000 00:00 0 
7f9ecc86f000-7f9ecc870000 ---p 00000000 00:00 0 
7f9ecc870000-7f9ecc985000 rw-p 00000000 00:00 0 
7f9ecc985000-7f9eccab4000 rw-p 00000000 00:00 0 
7f9eccab4000-7f9eccabf000 rw-p 00000000 00:00 0 
7f9eccabf000-7f9eccb07000 rw-p 00000000 00:00 0 
7f9eccb07000-7f9eccb1c000 rw-p 00000000 00:00 0 
7f9eccb1c000-7f9eccc4a000 rw-p 00000000 00:00 0 
7f9eccc4a000-7f9eccc55000 rw-p 00000000 00:00 0 
7f9eccc55000-7f9ecccec000 rw-p 00000000 00:00 0 
7f9ecccec000-7f9ecccf7000 rw-p 00000000 00:00 0 
7f9ecccf7000-7f9eccdad000 rw-p 00000000 00:00 0 
7f9eccdad000-7f9ecd01d000 rwxp 00000000 00:00 0 
7f9ecd01d000-7f9ecfdad000 rw-p 00000000 00:00 0 
7f9ecfdad000-7f9ecfdb5000 r-xp 00000000 08:01 1574677                    /usr/lib/jvm/java-7-openjdk-amd64/jre/lib/amd64/libzip.so
7f9ecfdb5000-7f9ecffb4000 ---p 00008000 08:01 1574677                    /usr/lib/jvm/java-7-openjdk-amd64/jre/lib/amd64/libzip.so
7f9ecffb4000-7f9ecffb5000 r--p 00007000 08:01 1574677                    /usr/lib/jvm/java-7-openjdk-amd64/jre/lib/amd64/libzip.so
7f9ecffb5000-7f9ecffb6000 rw-p 00008000 08:01 1574677                    /usr/lib/jvm/java-7-openjdk-amd64/jre/lib/amd64/libzip.so
7f9ecffb6000-7f9ecffc2000 r-xp 00000000 08:01 23465890                   /lib/x86_64-linux-gnu/libnss_files-2.13.so
7f9ecffc2000-7f9ed01c1000 ---p 0000c000 08:01 23465890                   /lib/x86_64-linux-gnu/libnss_files-2.13.so
7f9ed01c1000-7f9ed01c2000 r--p 0000b000 08:01 23465890                   /lib/x86_64-linux-gnu/libnss_files-2.13.so
7f9ed01c2000-7f9ed01c3000 rw-p 0000c000 08:01 23465890                   /lib/x86_64-linux-gnu/libnss_files-2.13.so
7f9ed01c3000-7f9ed01cd000 r-xp 00000000 08:01 23465894                   /lib/x86_64-linux-gnu/libnss_nis-2.13.so
7f9ed01cd000-7f9ed03cd000 ---p 0000a000 08:01 23465894                   /lib/x86_64-linux-gnu/libnss_nis-2.13.so
7f9ed03cd000-7f9ed03ce000 r--p 0000a000 08:01 23465894                   /lib/x86_64-linux-gnu/libnss_nis-2.13.so
7f9ed03ce000-7f9ed03cf000 rw-p 0000b000 08:01 23465894                   /lib/x86_64-linux-gnu/libnss_nis-2.13.so
7f9ed03cf000-7f9ed03e6000 r-xp 00000000 08:01 23465884                   /lib/x86_64-linux-gnu/libnsl-2.13.so
7f9ed03e6000-7f9ed05e5000 ---p 00017000 08:01 23465884                   /lib/x86_64-linux-gnu/libnsl-2.13.so
7f9ed05e5000-7f9ed05e6000 r--p 00016000 08:01 23465884                   /lib/x86_64-linux-gnu/libnsl-2.13.so
7f9ed05e6000-7f9ed05e7000 rw-p 00017000 08:01 23465884                   /lib/x86_64-linux-gnu/libnsl-2.13.so
7f9ed05e7000-7f9ed05e9000 rw-p 00000000 00:00 0 
7f9ed05e9000-7f9ed05f1000 r-xp 00000000 08:01 23465886                   /lib/x86_64-linux-gnu/libnss_compat-2.13.so
7f9ed05f1000-7f9ed07f0000 ---p 00008000 08:01 23465886                   /lib/x86_64-linux-gnu/libnss_compat-2.13.so
7f9ed07f0000-7f9ed07f1000 r--p 00007000 08:01 23465886                   /lib/x86_64-linux-gnu/libnss_compat-2.13.so
7f9ed07f1000-7f9ed07f2000 rw-p 00008000 08:01 23465886                   /lib/x86_64-linux-gnu/libnss_compat-2.13.so
7f9ed07f2000-7f9ed081b000 r-xp 00000000 08:01 1574676                    /usr/lib/jvm/java-7-openjdk-amd64/jre/lib/amd64/libjava.so
7f9ed081b000-7f9ed0a1a000 ---p 00029000 08:01 1574676                    /usr/lib/jvm/java-7-openjdk-amd64/jre/lib/amd64/libjava.so
7f9ed0a1a000-7f9ed0a1b000 r--p 00028000 08:01 1574676                    /usr/lib/jvm/java-7-openjdk-amd64/jre/lib/amd64/libjava.so
7f9ed0a1b000-7f9ed0a1d000 rw-p 00029000 08:01 1574676                    /usr/lib/jvm/java-7-openjdk-amd64/jre/lib/amd64/libjava.so
7f9ed0a1d000-7f9ed0a2b000 r-xp 00000000 08:01 1574662                    /usr/lib/jvm/java-7-openjdk-amd64/jre/lib/amd64/libverify.so
7f9ed0a2b000-7f9ed0c2a000 ---p 0000e000 08:01 1574662                    /usr/lib/jvm/java-7-openjdk-amd64/jre/lib/amd64/libverify.so
7f9ed0c2a000-7f9ed0c2c000 r--p 0000d000 08:01 1574662                    /usr/lib/jvm/java-7-openjdk-amd64/jre/lib/amd64/libverify.so
7f9ed0c2c000-7f9ed0c2d000 rw-p 0000f000 08:01 1574662                    /usr/lib/jvm/java-7-openjdk-amd64/jre/lib/amd64/libverify.so
7f9ed0c2d000-7f9ed0c42000 r-xp 00000000 08:01 23465870                   /lib/x86_64-linux-gnu/libgcc_s.so.1
7f9ed0c42000-7f9ed0e41000 ---p 00015000 08:01 23465870                   /lib/x86_64-linux-gnu/libgcc_s.so.1
7f9ed0e41000-7f9ed0e42000 r--p 00014000 08:01 23465870                   /lib/x86_64-linux-gnu/libgcc_s.so.1
7f9ed0e42000-7f9ed0e43000 rw-p 00015000 08:01 23465870                   /lib/x86_64-linux-gnu/libgcc_s.so.1
7f9ed0e43000-7f9ed0f2b000 r-xp 00000000 08:01 269895                     /usr/lib/x86_64-linux-gnu/libstdc++.so.6.0.16
7f9ed0f2b000-7f9ed112b000 ---p 000e8000 08:01 269895                     /usr/lib/x86_64-linux-gnu/libstdc++.so.6.0.16
7f9ed112b000-7f9ed1133000 r--p 000e8000 08:01 269895                     /usr/lib/x86_64-linux-gnu/libstdc++.so.6.0.16
7f9ed1133000-7f9ed1135000 rw-p 000f0000 08:01 269895                     /usr/lib/x86_64-linux-gnu/libstdc++.so.6.0.16
7f9ed1135000-7f9ed114a000 rw-p 00000000 00:00 0 
7f9ed114a000-7f9ed1ad0000 r-xp 00000000 08:01 1574679                    /usr/lib/jvm/java-7-openjdk-amd64/jre/lib/amd64/server/libjvm.so
7f9ed1ad0000-7f9ed1cd0000 ---p 00986000 08:01 1574679                    /usr/lib/jvm/java-7-openjdk-amd64/jre/lib/amd64/server/libjvm.so
7f9ed1cd0000-7f9ed1d4e000 r--p 00986000 08:01 1574679                    /usr/lib/jvm/java-7-openjdk-amd64/jre/lib/amd64/server/libjvm.so
7f9ed1d4e000-7f9ed1d69000 rw-p 00a04000 08:01 1574679                    /usr/lib/jvm/java-7-openjdk-amd64/jre/lib/amd64/server/libjvm.so
7f9ed1d69000-7f9ed1d94000 rw-p 00000000 00:00 0 
7f9ed1d94000-7f9ed1d99000 r-xp 00000000 08:01 269640                     /usr/lib/x86_64-linux-gnu/libXdmcp.so.6.0.0
7f9ed1d99000-7f9ed1f98000 ---p 00005000 08:01 269640                     /usr/lib/x86_64-linux-gnu/libXdmcp.so.6.0.0
7f9ed1f98000-7f9ed1f99000 r--p 00004000 08:01 269640                     /usr/lib/x86_64-linux-gnu/libXdmcp.so.6.0.0
7f9ed1f99000-7f9ed1f9a000 rw-p 00005000 08:01 269640                     /usr/lib/x86_64-linux-gnu/libXdmcp.so.6.0.0
7f9ed1f9a000-7f9ed1f9c000 r-xp 00000000 08:01 269632                     /usr/lib/x86_64-linux-gnu/libXau.so.6.0.0
7f9ed1f9c000-7f9ed219b000 ---p 00002000 08:01 269632                     /usr/lib/x86_64-linux-gnu/libXau.so.6.0.0
7f9ed219b000-7f9ed219c000 r--p 00001000 08:01 269632                     /usr/lib/x86_64-linux-gnu/libXau.so.6.0.0
7f9ed219c000-7f9ed219d000 rw-p 00002000 08:01 269632                     /usr/lib/x86_64-linux-gnu/libXau.so.6.0.0
7f9ed219d000-7f9ed21b8000 r-xp 00000000 08:01 269928                     /usr/lib/x86_64-linux-gnu/libxcb.so.1.1.0
7f9ed21b8000-7f9ed23b7000 ---p 0001b000 08:01 269928                     /usr/lib/x86_64-linux-gnu/libxcb.so.1.1.0
7f9ed23b7000-7f9ed23b8000 r--p 0001a000 08:01 269928                     /usr/lib/x86_64-linux-gnu/libxcb.so.1.1.0
7f9ed23b8000-7f9ed23b9000 rw-p 0001b000 08:01 269928                     /usr/lib/x86_64-linux-gnu/libxcb.so.1.1.0
7f9ed23b9000-7f9ed23c0000 r-xp 00000000 08:01 23465913                   /lib/x86_64-linux-gnu/librt-2.13.so
7f9ed23c0000-7f9ed25bf000 ---p 00007000 08:01 23465913                   /lib/x86_64-linux-gnu/librt-2.13.so
7f9ed25bf000-7f9ed25c0000 r--p 00006000 08:01 23465913                   /lib/x86_64-linux-gnu/librt-2.13.so
7f9ed25c0000-7f9ed25c1000 rw-p 00007000 08:01 23465913                   /lib/x86_64-linux-gnu/librt-2.13.so
7f9ed25c1000-7f9ed3bb5000 r-xp 00000000 08:01 661163                     /usr/lib/nvidia-current/libnvidia-glcore.so.280.13
7f9ed3bb5000-7f9ed3db4000 ---p 015f4000 08:01 661163                     /usr/lib/nvidia-current/libnvidia-glcore.so.280.13
7f9ed3db4000-7f9ed43f3000 rwxp 015f3000 08:01 661163                     /usr/lib/nvidia-current/libnvidia-glcore.so.280.13
7f9ed43f3000-7f9ed440d000 rwxp 00000000 00:00 0 
7f9ed440d000-7f9ed4410000 r-xp 00000000 08:01 1573545                    /usr/lib/nvidia-current/tls/libnvidia-tls.so.280.13
7f9ed4410000-7f9ed460f000 ---p 00003000 08:01 1573545                    /usr/lib/nvidia-current/tls/libnvidia-tls.so.280.13
7f9ed460f000-7f9ed4610000 rw-p 00002000 08:01 1573545                    /usr/lib/nvidia-current/tls/libnvidia-tls.so.280.13
7f9ed4610000-7f9ed4627000 r-xp 00000000 08:01 23465932                   /lib/x86_64-linux-gnu/libz.so.1.2.3.4
7f9ed4627000-7f9ed4826000 ---p 00017000 08:01 23465932                   /lib/x86_64-linux-gnu/libz.so.1.2.3.4
7f9ed4826000-7f9ed4827000 r--p 00016000 08:01 23465932                   /lib/x86_64-linux-gnu/libz.so.1.2.3.4
7f9ed4827000-7f9ed4828000 rw-p 00017000 08:01 23465932                   /lib/x86_64-linux-gnu/libz.so.1.2.3.4
7f9ed4828000-7f9ed48ab000 r-xp 00000000 08:01 23465879                   /lib/x86_64-linux-gnu/libm-2.13.so
7f9ed48ab000-7f9ed4aaa000 ---p 00083000 08:01 23465879                   /lib/x86_64-linux-gnu/libm-2.13.so
7f9ed4aaa000-7f9ed4aab000 r--p 00082000 08:01 23465879                   /lib/x86_64-linux-gnu/libm-2.13.so
7f9ed4aab000-7f9ed4aac000 rw-p 00083000 08:01 23465879                   /lib/x86_64-linux-gnu/libm-2.13.so
7f9ed4aac000-7f9ed4abe000 r-xp 00000000 08:01 269642                     /usr/lib/x86_64-linux-gnu/libXext.so.6.4.0
7f9ed4abe000-7f9ed4cbd000 ---p 00012000 08:01 269642                     /usr/lib/x86_64-linux-gnu/libXext.so.6.4.0
7f9ed4cbd000-7f9ed4cbe000 r--p 00011000 08:01 269642                     /usr/lib/x86_64-linux-gnu/libXext.so.6.4.0
7f9ed4cbe000-7f9ed4cbf000 rw-p 00012000 08:01 269642                     /usr/lib/x86_64-linux-gnu/libXext.so.6.4.0
7f9ed4cbf000-7f9ed4df2000 r-xp 00000000 08:01 269630                     /usr/lib/x86_64-linux-gnu/libX11.so.6.3.0
7f9ed4df2000-7f9ed4ff2000 ---p 00133000 08:01 269630                     /usr/lib/x86_64-linux-gnu/libX11.so.6.3.0
7f9ed4ff2000-7f9ed4ff3000 r--p 00133000 08:01 269630                     /usr/lib/x86_64-linux-gnu/libX11.so.6.3.0
7f9ed4ff3000-7f9ed4ff7000 rw-p 00134000 08:01 269630                     /usr/lib/x86_64-linux-gnu/libX11.so.6.3.0
7f9ed4ff7000-7f9ed4ffc000 r-xp 00000000 08:01 269658                     /usr/lib/x86_64-linux-gnu/libXv.so.1.0.0
7f9ed4ffc000-7f9ed51fb000 ---p 00005000 08:01 269658                     /usr/lib/x86_64-linux-gnu/libXv.so.1.0.0
7f9ed51fb000-7f9ed51fc000 r--p 00004000 08:01 269658                     /usr/lib/x86_64-linux-gnu/libXv.so.1.0.0
7f9ed51fc000-7f9ed51fd000 rw-p 00005000 08:01 269658                     /usr/lib/x86_64-linux-gnu/libXv.so.1.0.0
7f9ed51fd000-7f9ed5215000 r-xp 00000000 08:01 23465909                   /lib/x86_64-linux-gnu/libpthread-2.13.so
7f9ed5215000-7f9ed5414000 ---p 00018000 08:01 23465909                   /lib/x86_64-linux-gnu/libpthread-2.13.so
7f9ed5414000-7f9ed5415000 r--p 00017000 08:01 23465909                   /lib/x86_64-linux-gnu/libpthread-2.13.so
7f9ed5415000-7f9ed5416000 rw-p 00018000 08:01 23465909                   /lib/x86_64-linux-gnu/libpthread-2.13.so
7f9ed5416000-7f9ed541a000 rw-p 00000000 00:00 0 
7f9ed541a000-7f9ed541c000 r-xp 00000000 08:01 23465860                   /lib/x86_64-linux-gnu/libdl-2.13.so
7f9ed541c000-7f9ed561c000 ---p 00002000 08:01 23465860                   /lib/x86_64-linux-gnu/libdl-2.13.so
7f9ed561c000-7f9ed561d000 r--p 00002000 08:01 23465860                   /lib/x86_64-linux-gnu/libdl-2.13.so
7f9ed561d000-7f9ed561e000 rw-p 00003000 08:01 23465860                   /lib/x86_64-linux-gnu/libdl-2.13.so
7f9ed561e000-7f9ed56df000 r-xp 00000000 08:01 661167                     /usr/lib/nvidia-current/libGL.so.280.13
7f9ed56df000-7f9ed58de000 ---p 000c1000 08:01 661167                     /usr/lib/nvidia-current/libGL.so.280.13
7f9ed58de000-7f9ed5919000 rwxp 000c0000 08:01 661167                     /usr/lib/nvidia-current/libGL.so.280.13
7f9ed5919000-7f9ed592f000 rwxp 00000000 00:00 0 
7f9ed592f000-7f9ed5ac4000 r-xp 00000000 08:01 23465849                   /lib/x86_64-linux-gnu/libc-2.13.so
7f9ed5ac4000-7f9ed5cc3000 ---p 00195000 08:01 23465849                   /lib/x86_64-linux-gnu/libc-2.13.so
7f9ed5cc3000-7f9ed5cc7000 r--p 00194000 08:01 23465849                   /lib/x86_64-linux-gnu/libc-2.13.so
7f9ed5cc7000-7f9ed5cc8000 rw-p 00198000 08:01 23465849                   /lib/x86_64-linux-gnu/libc-2.13.so
7f9ed5cc8000-7f9ed5cce000 rw-p 00000000 00:00 0 
7f9ed5cce000-7f9ed5cda000 r-xp 00000000 08:01 1574660                    /usr/lib/jvm/java-7-openjdk-amd64/jre/lib/amd64/jli/libjli.so
7f9ed5cda000-7f9ed5ed9000 ---p 0000c000 08:01 1574660                    /usr/lib/jvm/java-7-openjdk-amd64/jre/lib/amd64/jli/libjli.so
7f9ed5ed9000-7f9ed5eda000 r--p 0000b000 08:01 1574660                    /usr/lib/jvm/java-7-openjdk-amd64/jre/lib/amd64/jli/libjli.so
7f9ed5eda000-7f9ed5edb000 rw-p 0000c000 08:01 1574660                    /usr/lib/jvm/java-7-openjdk-amd64/jre/lib/amd64/jli/libjli.so
7f9ed5edb000-7f9ed5f89000 r-xp 00000000 08:01 263092                     /usr/lib/x86_64-linux-gnu/librrfaker.so
7f9ed5f89000-7f9ed6188000 ---p 000ae000 08:01 263092                     /usr/lib/x86_64-linux-gnu/librrfaker.so
7f9ed6188000-7f9ed618b000 r--p 000ad000 08:01 263092                     /usr/lib/x86_64-linux-gnu/librrfaker.so
7f9ed618b000-7f9ed618d000 rw-p 000b0000 08:01 263092                     /usr/lib/x86_64-linux-gnu/librrfaker.so
7f9ed618d000-7f9ed61d0000 rw-p 00000000 00:00 0 
7f9ed61d0000-7f9ed61d1000 r-xp 00000000 08:01 262790                     /usr/lib/x86_64-linux-gnu/libdlfaker.so
7f9ed61d1000-7f9ed63d0000 ---p 00001000 08:01 262790                     /usr/lib/x86_64-linux-gnu/libdlfaker.so
7f9ed63d0000-7f9ed63d1000 r--p 00000000 08:01 262790                     /usr/lib/x86_64-linux-gnu/libdlfaker.so
7f9ed63d1000-7f9ed63d2000 rw-p 00001000 08:01 262790                     /usr/lib/x86_64-linux-gnu/libdlfaker.so
7f9ed63d2000-7f9ed63f3000 r-xp 00000000 08:01 23465836                   /lib/x86_64-linux-gnu/ld-2.13.so
7f9ed6400000-7f9ed6404000 rw-s 1203dc000 00:05 23803                     /dev/nvidia0
7f9ed6404000-7f9ed6405000 rw-s 143e9a000 00:05 23803                     /dev/nvidia0
7f9ed6405000-7f9ed6406000 rw-s cff68000 00:05 23803                      /dev/nvidia0
7f9ed6406000-7f9ed6407000 rw-s cff67000 00:05 23803                      /dev/nvidia0
7f9ed6407000-7f9ed6408000 rw-s dc641000 00:05 23803                      /dev/nvidia0
7f9ed6408000-7f9ed6409000 rw-s 766da000 00:05 23803                      /dev/nvidia0
7f9ed6409000-7f9ed640a000 rw-s 126fb3000 00:05 23803                     /dev/nvidia0
7f9ed640a000-7f9ed640c000 rw-s 00000000 08:01 5505047                    /tmp/glXdJzrr (deleted)
7f9ed640c000-7f9ed643f000 rw-p 00000000 00:00 0 
7f9ed643f000-7f9ed6487000 rw-p 00000000 00:00 0 
7f9ed6487000-7f9ed648a000 ---p 00000000 00:00 0 
7f9ed648a000-7f9ed65cb000 rw-p 00000000 00:00 0 
7f9ed65cb000-7f9ed65cf000 rw-s 2b8ba000 00:05 23803                      /dev/nvidia0
7f9ed65cf000-7f9ed65d0000 rw-s 2b8cd000 00:05 23803                      /dev/nvidia0
7f9ed65d0000-7f9ed65d4000 rw-s 2b9b5000 00:05 23803                      /dev/nvidia0
7f9ed65d4000-7f9ed65d5000 rw-s cff66000 00:05 23803                      /dev/nvidia0
7f9ed65d5000-7f9ed65d6000 rw-s cff65000 00:05 23803                      /dev/nvidia0
7f9ed65d6000-7f9ed65d7000 rw-s dc641000 00:05 23803                      /dev/nvidia0
7f9ed65d7000-7f9ed65d8000 rw-s 766da000 00:05 23803                      /dev/nvidia0
7f9ed65d8000-7f9ed65d9000 rw-s 49312000 00:05 23803                      /dev/nvidia0
7f9ed65d9000-7f9ed65da000 rw-s dc060000 00:05 23803                      /dev/nvidia0
7f9ed65da000-7f9ed65db000 r--p 00000000 00:00 0 
7f9ed65db000-7f9ed65dc000 r--s 00021000 00:14 22030123                   /home/daniel/.m2/repository/org/jogamp/jogl/jogl.all/2.0-b45-20111219/jogl-all-natives-linux-amd64.jar
7f9ed65dc000-7f9ed65dd000 r--s 00001000 00:14 22029214                   /home/daniel/.m2/repository/org/jogamp/gluegen/gluegen-rt/2.0-b33-20111219/gluegen-rt-natives-linux-amd64.jar
7f9ed65dd000-7f9ed65e6000 r--s 00263000 08:01 1574621                    /usr/lib/jvm/java-7-openjdk-common/jre/lib/resources.jar
7f9ed65e6000-7f9ed65ee000 rw-s 00000000 08:01 7077911                    /tmp/hsperfdata_daniel/26721
7f9ed65ee000-7f9ed65ef000 rw-p 00000000 00:00 0 
7f9ed65ef000-7f9ed65f0000 r--p 00000000 00:00 0 
7f9ed65f0000-7f9ed65f2000 rw-p 00000000 00:00 0 
7f9ed65f2000-7f9ed65f3000 r--p 00020000 08:01 23465836                   /lib/x86_64-linux-gnu/ld-2.13.so
7f9ed65f3000-7f9ed65f5000 rw-p 00021000 08:01 23465836                   /lib/x86_64-linux-gnu/ld-2.13.so
7fffe2040000-7fffe2062000 rw-p 00000000 00:00 0                          [stack]
7fffe2180000-7fffe2181000 r-xp 00000000 00:00 0                          [vdso]
ffffffffff600000-ffffffffff601000 r-xp 00000000 00:00 0                  [vsyscall]

VM Arguments:
jvm_args: -Dfile.encoding=UTF-8 
java_command: darwin.renderer.GraphicContext
Launcher Type: SUN_STANDARD

Environment Variables:
PATH=/usr/lib/lightdm/lightdm:/usr/local/sbin:/usr/local/bin:/usr/sbin:/usr/bin:/sbin:/bin:/usr/games:/home/daniel/scala/bin
USERNAME=daniel
LD_LIBRARY_PATH=/usr/lib/nvidia-current:
LD_PRELOAD=libdlfaker.so:librrfaker.so
SHELL=/bin/bash
DISPLAY=:0.0

Signal Handlers:
SIGSEGV: [libjvm.so+0x7fca30], sa_mask[0]=0x7ffbfeff, sa_flags=0x10000004
SIGBUS: [libjvm.so+0x7fca30], sa_mask[0]=0x7ffbfeff, sa_flags=0x10000004
SIGFPE: [libjvm.so+0x6a1150], sa_mask[0]=0x7ffbfeff, sa_flags=0x10000004
SIGPIPE: [libjvm.so+0x6a1150], sa_mask[0]=0x7ffbfeff, sa_flags=0x10000004
SIGXFSZ: [libjvm.so+0x6a1150], sa_mask[0]=0x7ffbfeff, sa_flags=0x10000004
SIGILL: [libjvm.so+0x6a1150], sa_mask[0]=0x7ffbfeff, sa_flags=0x10000004
SIGUSR1: SIG_DFL, sa_mask[0]=0x00000000, sa_flags=0x00000000
SIGUSR2: [libjvm.so+0x6a1520], sa_mask[0]=0x00000004, sa_flags=0x10000004
SIGHUP: [libjvm.so+0x6a1660], sa_mask[0]=0x7ffbfeff, sa_flags=0x10000004
SIGINT: SIG_IGN, sa_mask[0]=0x00000000, sa_flags=0x00000000
SIGTERM: [libjvm.so+0x6a1660], sa_mask[0]=0x7ffbfeff, sa_flags=0x10000004
SIGQUIT: [libjvm.so+0x6a1660], sa_mask[0]=0x7ffbfeff, sa_flags=0x10000004


---------------  S Y S T E M  ---------------

OS:Ubuntu 11.10 (oneiric)
uname:Linux 3.0.0-16-generic #28-Ubuntu SMP Fri Jan 27 17:44:39 UTC 2012 x86_64
libc:glibc 2.13 NPTL 2.13 
rlimit: STACK 8192k, CORE 0k, NPROC 30797, NOFILE 4096, AS infinity
load average:0.86 0.99 0.78

/proc/meminfo:
MemTotal:        3965932 kB
MemFree:          121384 kB
Buffers:           45900 kB
Cached:           927156 kB
SwapCached:        20716 kB
Active:          2485300 kB
Inactive:         992084 kB
Active(anon):    2069012 kB
Inactive(anon):   609160 kB
Active(file):     416288 kB
Inactive(file):   382924 kB
Unevictable:         104 kB
Mlocked:             104 kB
SwapTotal:       5766140 kB
SwapFree:        5696200 kB
Dirty:              8972 kB
Writeback:             0 kB
AnonPages:       2490256 kB
Mapped:           165636 kB
Shmem:            173568 kB
Slab:             165876 kB
SReclaimable:      79956 kB
SUnreclaim:        85920 kB
KernelStack:        5824 kB
PageTables:        67496 kB
NFS_Unstable:          0 kB
Bounce:                0 kB
WritebackTmp:          0 kB
CommitLimit:     7749104 kB
Committed_AS:    8487224 kB
VmallocTotal:   34359738367 kB
VmallocUsed:      410008 kB
VmallocChunk:   34359321652 kB
HardwareCorrupted:     0 kB
AnonHugePages:         0 kB
HugePages_Total:       0
HugePages_Free:        0
HugePages_Rsvd:        0
HugePages_Surp:        0
Hugepagesize:       2048 kB
DirectMap4k:      587764 kB
DirectMap2M:     3522560 kB


CPU:total 4 (2 cores per cpu, 2 threads per core) family 6 model 42 stepping 7, cmov, cx8, fxsr, mmx, sse, sse2, sse3, ssse3, sse4.1, sse4.2, popcnt, ht

Memory: 4k page, physical 3965932k(121384k free), swap 5766140k(5696200k free)

vm_info: OpenJDK 64-Bit Server VM (21.0-b17) for linux-amd64 JRE (1.7.0_147-b147), built on Oct 21 2011 22:21:29 by "buildd" with gcc 4.6.1

time: Fri Feb 17 16:27:08 2012
elapsed time: 2 seconds

