#
# A fatal error has been detected by the Java Runtime Environment:
#
#  SIGSEGV (0xb) at pc=0x00007fa491a3c3e9, pid=26915, tid=140344807888640
#
# JRE version: 7.0_147-b147
# Java VM: OpenJDK 64-Bit Server VM (21.0-b17 mixed mode linux-amd64 compressed oops)
# Derivative: IcedTea7 2.0
# Distribution: Ubuntu 11.10, package 7~b147-2.0-0ubuntu0.11.10.1
# Problematic frame:
# C  [libGL.so.1+0x2ec3e9]  glClearColor+0x9
#
# Failed to write core dump. Core dumps have been disabled. To enable core dumping, try "ulimit -c unlimited" before starting Java again
#
# If you would like to submit a bug report, please include
# instructions on how to reproduce the bug and visit:
#   https://bugs.launchpad.net/ubuntu/+source/openjdk-7/
# The crash happened outside the Java Virtual Machine in native code.
# See problematic frame for where to report the bug.
#

---------------  T H R E A D  ---------------

Current thread (0x0000000000c86800):  JavaThread "main" [_thread_in_native, id=26919, stack(0x00007fa4925b9000,0x00007fa4926ba000)]

siginfo:si_signo=SIGSEGV: si_errno=0, si_code=1 (SEGV_MAPERR), si_addr=0x00000000000004f8

Registers:
RAX=0x0000000000000000, RBX=0x00000000b99f1770, RCX=0x0000000000000000, RDX=0x00007fa491a3c3e0
RSP=0x00007fa4926b8768, RBP=0x00007fa4926b87b0, RSI=0x00007fa4926b8888, RDI=0x0000000000c869d0
R8 =0x00007fa488eedc18, R9 =0x0000000000000000, R10=0x00007fa488ef0b84, R11=0x00007fa48d9a5510
R12=0x0000000000000000, R13=0x00000000b99f1770, R14=0x00007fa4926b8888, R15=0x0000000000c86800
RIP=0x00007fa491a3c3e9, EFLAGS=0x0000000000010202, CSGSFS=0x0000000000000033, ERR=0x0000000000000004
  TRAPNO=0x000000000000000e

Top of Stack: (sp=0x00007fa4926b8768)
0x00007fa4926b8768:   00007fa47a96f60f 00007fa488ee4250
0x00007fa4926b8778:   00007fa491a3c3e0 3f80000000000000
0x00007fa4926b8788:   3e99999a3f333333 00007fa4926b8888
0x00007fa4926b8798:   0000000000c869d0 00007fa4926b8838
0x00007fa4926b87a8:   00007fa491a3c3e0 00007fa4926b8838
0x00007fa4926b87b8:   00007fa488ef0bb1 0000000000c87798
0x00007fa4926b87c8:   0000000000c877a8 0000000000c877b0
0x00007fa4926b87d8:   0000000000c877d0 00007fa4000000d1
0x00007fa4926b87e8:   00007fa4926b8888 00000000b99f1691
0x00007fa4926b87f8:   00007fa4926b87f8 00000000b99f1770
0x00007fa4926b8808:   00007fa4926b8888 00000000b9c52e48
0x00007fa4926b8818:   0000000000000000 00000000b99f1770
0x00007fa4926b8828:   0000000000000000 00007fa4926b8858
0x00007fa4926b8838:   00007fa4926b88d0 00007fa488ee4f98
0x00007fa4926b8848:   0000000000000000 00007fa488eedc18
0x00007fa4926b8858:   00007fa491a3c3e0 00007fa4926b8910
0x00007fa4926b8868:   0000000000000000 00007fa43f800000
0x00007fa4926b8878:   00007fa43f333333 00007fa43e99999a
0x00007fa4926b8888:   00000000ec39d600 00007fa4926b8890
0x00007fa4926b8898:   00000000b99f1691 00007fa4926b8910
0x00007fa4926b88a8:   00000000b9c52e48 0000000000000000
0x00007fa4926b88b8:   00000000b99f16a0 00007fa4926b8858
0x00007fa4926b88c8:   00007fa4926b88f0 00007fa4926b8958
0x00007fa4926b88d8:   00007fa488ee5646 00007fa491a3c3e0
0x00007fa4926b88e8:   0000000000000000 0000000000000000
0x00007fa4926b88f8:   00007fa43f800000 00007fa43f333333
0x00007fa4926b8908:   00007fa43e99999a 00000000ec39d600
0x00007fa4926b8918:   00007fa4926b8918 00000000b92a019c
0x00007fa4926b8928:   00007fa4926b8988 00000000b945b998
0x00007fa4926b8938:   0000000000000000 00000000b92a0220
0x00007fa4926b8948:   00007fa4926b88f0 00007fa4926b8988
0x00007fa4926b8958:   00007fa4926b89f0 00007fa488edf438 

Instructions: (pc=0x00007fa491a3c3e9)
0x00007fa491a3c3c9:   ff a0 f0 04 00 00 cc cc cc cc cc cc cc cc cc cc
0x00007fa491a3c3d9:   cc cc cc cc cc cc cc 64 48 8b 04 25 50 ff ff ff
0x00007fa491a3c3e9:   ff a0 f8 04 00 00 cc cc cc cc cc cc cc cc cc cc
0x00007fa491a3c3f9:   cc cc cc cc cc cc cc 64 48 8b 04 25 50 ff ff ff 

Register to memory mapping:

RAX=0x0000000000000000 is an unknown value
RBX=0x00000000b99f1770 is an oop
{method} 
 - klass: {other class}
RCX=0x0000000000000000 is an unknown value
RDX=0x00007fa491a3c3e0: glClearColor+0 in /usr/lib/nvidia-current/libGL.so.1 at 0x00007fa491750000
RSP=0x00007fa4926b8768 is pointing into the stack for thread: 0x0000000000c86800
RBP=0x00007fa4926b87b0 is pointing into the stack for thread: 0x0000000000c86800
RSI=0x00007fa4926b8888 is pointing into the stack for thread: 0x0000000000c86800
RDI=0x0000000000c869d0 is an unknown value
R8 =0x00007fa488eedc18 is an Interpreter codelet
result handlers for native calls  [0x00007fa488eedc00, 0x00007fa488eedc20]  32 bytes
R9 =0x0000000000000000 is an unknown value
R10=0x00007fa488ef0b84 is an Interpreter codelet
method entry point (kind = native)  [0x00007fa488ef0920, 0x00007fa488ef1160]  2112 bytes
R11=0x00007fa48d9a5510: <offset 0x729510> in /usr/lib/jvm/java-7-openjdk-amd64/jre/lib/amd64/server/libjvm.so at 0x00007fa48d27c000
R12=0x0000000000000000 is an unknown value
R13=0x00000000b99f1770 is an oop
{method} 
 - klass: {other class}
R14=0x00007fa4926b8888 is pointing into the stack for thread: 0x0000000000c86800
R15=0x0000000000c86800 is a thread


Stack: [0x00007fa4925b9000,0x00007fa4926ba000],  sp=0x00007fa4926b8768,  free space=1021k
Native frames: (J=compiled Java code, j=interpreted, Vv=VM code, C=native code)
C  [libGL.so.1+0x2ec3e9]  glClearColor+0x9
j  jogamp.opengl.gl4.GL4bcImpl.dispatch_glClearColor1(FFFFJ)V+0
j  jogamp.opengl.gl4.GL4bcImpl.glClearColor(FFFF)V+41
j  darwin.renderer.GraphicContext.main([Ljava/lang/String;)V+76
v  ~StubRoutines::call_stub
V  [libjvm.so+0x4e3ce7]  JavaCalls::call_helper(JavaValue*, methodHandle*, JavaCallArguments*, Thread*)+0x547
V  [libjvm.so+0x4e3585]  JavaCalls::call(JavaValue*, methodHandle, JavaCallArguments*, Thread*)+0x25
V  [libjvm.so+0x4eee6e]  _ZL17jni_invoke_staticP7JNIEnv_P9JavaValueP8_jobject11JNICallTypeP10_jmethodIDP18JNI_ArgumentPusherP6Thread.isra.127.constprop.147+0x1ce
V  [libjvm.so+0x4f7890]  jni_CallStaticVoidMethod+0x160
C  [libjli.so+0x2f63]  __strcat_chk+0x2f63

Java frames: (J=compiled Java code, j=interpreted, Vv=VM code)
j  jogamp.opengl.gl4.GL4bcImpl.dispatch_glClearColor1(FFFFJ)V+0
j  jogamp.opengl.gl4.GL4bcImpl.glClearColor(FFFF)V+41
j  darwin.renderer.GraphicContext.main([Ljava/lang/String;)V+76
v  ~StubRoutines::call_stub

---------------  P R O C E S S  ---------------

Java Threads: ( => current thread )
  0x00007fa48061d000 JavaThread "main-Display-X11_:0.0-1-EDT-1" daemon [_thread_blocked, id=26957, stack(0x00007fa479c7f000,0x00007fa479d80000)]
  0x00007fa480441000 JavaThread "main-SharedResourceRunner" daemon [_thread_blocked, id=26945, stack(0x00007fa47a837000,0x00007fa47a938000)]
  0x00007fa480333800 JavaThread "process reaper" daemon [_thread_blocked, id=26938, stack(0x00007fa484011000,0x00007fa48402b000)]
  0x00007fa480332000 JavaThread "process reaper" daemon [_thread_blocked, id=26936, stack(0x00007fa48402b000,0x00007fa484045000)]
  0x00007fa480315800 JavaThread "AWT-XAWT" daemon [_thread_in_native, id=26934, stack(0x00007fa47b5fa000,0x00007fa47b6fb000)]
  0x00007fa4802df000 JavaThread "Java2D Disposer" daemon [_thread_blocked, id=26933, stack(0x00007fa4855ed000,0x00007fa4856ee000)]
  0x00007fa48005f800 JavaThread "Service Thread" daemon [_thread_blocked, id=26930, stack(0x00007fa487194000,0x00007fa487295000)]
  0x00007fa48005d000 JavaThread "C2 CompilerThread1" daemon [_thread_blocked, id=26929, stack(0x00007fa487295000,0x00007fa487396000)]
  0x00007fa48005a000 JavaThread "C2 CompilerThread0" daemon [_thread_blocked, id=26928, stack(0x00007fa487396000,0x00007fa487497000)]
  0x00007fa480058000 JavaThread "Signal Dispatcher" daemon [_thread_blocked, id=26927, stack(0x00007fa487497000,0x00007fa487598000)]
  0x00007fa480001000 JavaThread "Finalizer" daemon [_thread_blocked, id=26926, stack(0x00007fa487c7c000,0x00007fa487d7d000)]
  0x0000000000d26000 JavaThread "Reference Handler" daemon [_thread_blocked, id=26925, stack(0x00007fa487d7d000,0x00007fa487e7e000)]
=>0x0000000000c86800 JavaThread "main" [_thread_in_native, id=26919, stack(0x00007fa4925b9000,0x00007fa4926ba000)]

Other Threads:
  0x0000000000d1d800 VMThread [stack: 0x00007fa487e7e000,0x00007fa487f7f000] [id=26924]
  0x00007fa48006a800 WatcherThread [stack: 0x00007fa487093000,0x00007fa487194000] [id=26931]

VM state:not at safepoint (normal execution)

VM Mutex/Monitor currently owned by a thread: None

Heap
 PSYoungGen      total 18112K, used 9697K [0x00000000ebcb0000, 0x00000000ee010000, 0x0000000100000000)
  eden space 15552K, 46% used [0x00000000ebcb0000,0x00000000ec3ae020,0x00000000ecbe0000)
  from space 2560K, 99% used [0x00000000ecbe0000,0x00000000ece5a5a8,0x00000000ece60000)
  to   space 2560K, 0% used [0x00000000edd90000,0x00000000edd90000,0x00000000ee010000)
 PSOldGen        total 41344K, used 707K [0x00000000c3600000, 0x00000000c5e60000, 0x00000000ebcb0000)
  object space 41344K, 1% used [0x00000000c3600000,0x00000000c36b0d08,0x00000000c5e60000)
 PSPermGen       total 21248K, used 13357K [0x00000000b9000000, 0x00000000ba4c0000, 0x00000000c3600000)
  object space 21248K, 62% used [0x00000000b9000000,0x00000000b9d0b578,0x00000000ba4c0000)

Code Cache  [0x00007fa488edf000, 0x00007fa48914f000, 0x00007fa48bedf000)
 total_blobs=782 nmethods=93 adapters=641 free_code_cache=48298Kb largest_free_block=49420928

Dynamic libraries:
00400000-00401000 r-xp 00000000 08:01 1574645                            /usr/lib/jvm/java-7-openjdk-amd64/jre/bin/java
00600000-00601000 r--p 00000000 08:01 1574645                            /usr/lib/jvm/java-7-openjdk-amd64/jre/bin/java
00601000-00602000 rw-p 00001000 08:01 1574645                            /usr/lib/jvm/java-7-openjdk-amd64/jre/bin/java
00c7c000-0189d000 rw-p 00000000 00:00 0                                  [heap]
40e29000-40f1d000 rw-p 00000000 00:00 0 
41396000-41398000 r-xs 00000000 08:01 5505047                            /tmp/glJTHsDj (deleted)
b9000000-ba4c0000 rw-p 00000000 00:00 0 
ba4c0000-c3600000 rw-p 00000000 00:00 0 
c3600000-c5e60000 rw-p 00000000 00:00 0 
c5e60000-ebcb0000 rw-p 00000000 00:00 0 
ebcb0000-ee010000 rw-p 00000000 00:00 0 
ee010000-100000000 rw-p 00000000 00:00 0 
7fa47917e000-7fa4791fe000 rw-s 11f42c000 00:05 23803                     /dev/nvidia0
7fa4791fe000-7fa47935e000 rw-s 00000000 00:04 119701563                  /SYSV00000000 (deleted)
7fa47935e000-7fa47935f000 ---p 00000000 00:00 0 
7fa47935f000-7fa479b5f000 rw-p 00000000 00:00 0 
7fa479b5f000-7fa479c5f000 rw-s 105aa7000 00:05 23803                     /dev/nvidia0
7fa479c5f000-7fa479c7f000 rw-s c00c0000 00:05 23803                      /dev/nvidia0
7fa479c7f000-7fa479c82000 ---p 00000000 00:00 0 
7fa479c82000-7fa479d80000 rw-p 00000000 00:00 0 
7fa479d80000-7fa479d89000 r-xp 00000000 08:01 7077930                    /tmp/jogamp.tmp.cache_000000/jln3898004609728598763/jln5503707898463300939/libnewt.so
7fa479d89000-7fa479f88000 ---p 00009000 08:01 7077930                    /tmp/jogamp.tmp.cache_000000/jln3898004609728598763/jln5503707898463300939/libnewt.so
7fa479f88000-7fa479f89000 r--p 00008000 08:01 7077930                    /tmp/jogamp.tmp.cache_000000/jln3898004609728598763/jln5503707898463300939/libnewt.so
7fa479f89000-7fa479f8a000 rw-p 00009000 08:01 7077930                    /tmp/jogamp.tmp.cache_000000/jln3898004609728598763/jln5503707898463300939/libnewt.so
7fa479f8a000-7fa47a18a000 rw-s 5cd50000 00:05 23803                      /dev/nvidia0
7fa47a18a000-7fa47a38a000 rw-s 9dc58000 00:05 23803                      /dev/nvidia0
7fa47a38a000-7fa47a58a000 rw-s a06da000 00:05 23803                      /dev/nvidia0
7fa47a58a000-7fa47a68a000 rw-s 2b95a000 00:05 23803                      /dev/nvidia0
7fa47a68a000-7fa47a68e000 rw-s 2b9ea000 00:05 23803                      /dev/nvidia0
7fa47a68e000-7fa47a6ae000 rw-s c0080000 00:05 23803                      /dev/nvidia0
7fa47a6ae000-7fa47a6ee000 rw-s a21dc000 00:05 23803                      /dev/nvidia0
7fa47a6ee000-7fa47a70e000 rw-s 176b5000 00:05 23803                      /dev/nvidia0
7fa47a70e000-7fa47a74e000 rw-s 02698000 00:05 23803                      /dev/nvidia0
7fa47a74e000-7fa47a76e000 rw-s 73364000 00:05 23803                      /dev/nvidia0
7fa47a777000-7fa47a7b7000 rw-s 11affd000 00:05 23803                     /dev/nvidia0
7fa47a7b7000-7fa47a7d7000 rw-s 143c1a000 00:05 23803                     /dev/nvidia0
7fa47a7d7000-7fa47a817000 rw-s 14393c000 00:05 23803                     /dev/nvidia0
7fa47a817000-7fa47a837000 rw-s 109dc3000 00:05 23803                     /dev/nvidia0
7fa47a837000-7fa47a83a000 ---p 00000000 00:00 0 
7fa47a83a000-7fa47a938000 rw-p 00000000 00:00 0 
7fa47a938000-7fa47a9c1000 r-xp 00000000 08:01 7077912                    /tmp/jogamp.tmp.cache_000000/jln3898004609728598763/jln5503707898463300939/libjogl_desktop.so
7fa47a9c1000-7fa47abc0000 ---p 00089000 08:01 7077912                    /tmp/jogamp.tmp.cache_000000/jln3898004609728598763/jln5503707898463300939/libjogl_desktop.so
7fa47abc0000-7fa47abc1000 r--p 00088000 08:01 7077912                    /tmp/jogamp.tmp.cache_000000/jln3898004609728598763/jln5503707898463300939/libjogl_desktop.so
7fa47abc1000-7fa47abc2000 rw-p 00089000 08:01 7077912                    /tmp/jogamp.tmp.cache_000000/jln3898004609728598763/jln5503707898463300939/libjogl_desktop.so
7fa47abc2000-7fa47abc7000 r-xp 00000000 08:01 269660                     /usr/lib/x86_64-linux-gnu/libXxf86vm.so.1.0.0
7fa47abc7000-7fa47adc6000 ---p 00005000 08:01 269660                     /usr/lib/x86_64-linux-gnu/libXxf86vm.so.1.0.0
7fa47adc6000-7fa47adc7000 r--p 00004000 08:01 269660                     /usr/lib/x86_64-linux-gnu/libXxf86vm.so.1.0.0
7fa47adc7000-7fa47adc8000 rw-p 00005000 08:01 269660                     /usr/lib/x86_64-linux-gnu/libXxf86vm.so.1.0.0
7fa47add2000-7fa47aded000 rw-s 766e0000 00:05 23803                      /dev/nvidia0
7fa47aded000-7fa47adf2000 r-xp 00000000 08:01 7077929                    /tmp/jogamp.tmp.cache_000000/jln3898004609728598763/jln5503707898463300939/libnativewindow_x11.so
7fa47adf2000-7fa47aff1000 ---p 00005000 08:01 7077929                    /tmp/jogamp.tmp.cache_000000/jln3898004609728598763/jln5503707898463300939/libnativewindow_x11.so
7fa47aff1000-7fa47aff2000 r--p 00004000 08:01 7077929                    /tmp/jogamp.tmp.cache_000000/jln3898004609728598763/jln5503707898463300939/libnativewindow_x11.so
7fa47aff2000-7fa47aff3000 rw-p 00005000 08:01 7077929                    /tmp/jogamp.tmp.cache_000000/jln3898004609728598763/jln5503707898463300939/libnativewindow_x11.so
7fa47aff3000-7fa47aff6000 ---p 00000000 00:00 0 
7fa47aff6000-7fa47b0f4000 rw-p 00000000 00:00 0 
7fa47b0f4000-7fa47b0f7000 ---p 00000000 00:00 0 
7fa47b0f7000-7fa47b1f5000 rw-p 00000000 00:00 0 
7fa47b1f5000-7fa47b1f7000 r-xp 00000000 08:01 7077927                    /tmp/jogamp.tmp.cache_000000/jln3898004609728598763/jln5503707898463300939/libnativewindow_awt.so
7fa47b1f7000-7fa47b3f6000 ---p 00002000 08:01 7077927                    /tmp/jogamp.tmp.cache_000000/jln3898004609728598763/jln5503707898463300939/libnativewindow_awt.so
7fa47b3f6000-7fa47b3f7000 r--p 00001000 08:01 7077927                    /tmp/jogamp.tmp.cache_000000/jln3898004609728598763/jln5503707898463300939/libnativewindow_awt.so
7fa47b3f7000-7fa47b3f8000 rw-p 00002000 08:01 7077927                    /tmp/jogamp.tmp.cache_000000/jln3898004609728598763/jln5503707898463300939/libnativewindow_awt.so
7fa47b3f8000-7fa47b3f9000 r-xp 00000000 08:01 1574682                    /usr/lib/jvm/java-7-openjdk-amd64/jre/lib/amd64/libjawt.so
7fa47b3f9000-7fa47b5f8000 ---p 00001000 08:01 1574682                    /usr/lib/jvm/java-7-openjdk-amd64/jre/lib/amd64/libjawt.so
7fa47b5f8000-7fa47b5f9000 r--p 00000000 08:01 1574682                    /usr/lib/jvm/java-7-openjdk-amd64/jre/lib/amd64/libjawt.so
7fa47b5f9000-7fa47b5fa000 rw-p 00001000 08:01 1574682                    /usr/lib/jvm/java-7-openjdk-amd64/jre/lib/amd64/libjawt.so
7fa47b5fa000-7fa47b5fd000 ---p 00000000 00:00 0 
7fa47b5fd000-7fa47b6fb000 rw-p 00000000 00:00 0 
7fa47b6fb000-7fa47b6fe000 r-xp 00000000 08:01 23465876                   /lib/x86_64-linux-gnu/libgpg-error.so.0.8.0
7fa47b6fe000-7fa47b8fd000 ---p 00003000 08:01 23465876                   /lib/x86_64-linux-gnu/libgpg-error.so.0.8.0
7fa47b8fd000-7fa47b8fe000 r--p 00002000 08:01 23465876                   /lib/x86_64-linux-gnu/libgpg-error.so.0.8.0
7fa47b8fe000-7fa47b8ff000 rw-p 00003000 08:01 23465876                   /lib/x86_64-linux-gnu/libgpg-error.so.0.8.0
7fa47b8ff000-7fa47b901000 r-xp 00000000 08:01 23465878                   /lib/x86_64-linux-gnu/libkeyutils.so.1.3
7fa47b901000-7fa47bb00000 ---p 00002000 08:01 23465878                   /lib/x86_64-linux-gnu/libkeyutils.so.1.3
7fa47bb00000-7fa47bb01000 r--p 00001000 08:01 23465878                   /lib/x86_64-linux-gnu/libkeyutils.so.1.3
7fa47bb01000-7fa47bb02000 rw-p 00002000 08:01 23465878                   /lib/x86_64-linux-gnu/libkeyutils.so.1.3
7fa47bb02000-7fa47bb44000 r-xp 00000000 08:01 23465859                   /lib/x86_64-linux-gnu/libdbus-1.so.3.5.7
7fa47bb44000-7fa47bd43000 ---p 00042000 08:01 23465859                   /lib/x86_64-linux-gnu/libdbus-1.so.3.5.7
7fa47bd43000-7fa47bd44000 r--p 00041000 08:01 23465859                   /lib/x86_64-linux-gnu/libdbus-1.so.3.5.7
7fa47bd44000-7fa47bd45000 rw-p 00042000 08:01 23465859                   /lib/x86_64-linux-gnu/libdbus-1.so.3.5.7
7fa47bd45000-7fa47bdbf000 r-xp 00000000 08:01 23465872                   /lib/x86_64-linux-gnu/libgcrypt.so.11.7.0
7fa47bdbf000-7fa47bfbf000 ---p 0007a000 08:01 23465872                   /lib/x86_64-linux-gnu/libgcrypt.so.11.7.0
7fa47bfbf000-7fa47bfc0000 r--p 0007a000 08:01 23465872                   /lib/x86_64-linux-gnu/libgcrypt.so.11.7.0
7fa47bfc0000-7fa47bfc3000 rw-p 0007b000 08:01 23465872                   /lib/x86_64-linux-gnu/libgcrypt.so.11.7.0
7fa47bfc3000-7fa47bfd3000 r-xp 00000000 08:01 269899                     /usr/lib/x86_64-linux-gnu/libtasn1.so.3.1.11
7fa47bfd3000-7fa47c1d2000 ---p 00010000 08:01 269899                     /usr/lib/x86_64-linux-gnu/libtasn1.so.3.1.11
7fa47c1d2000-7fa47c1d3000 r--p 0000f000 08:01 269899                     /usr/lib/x86_64-linux-gnu/libtasn1.so.3.1.11
7fa47c1d3000-7fa47c1d4000 rw-p 00010000 08:01 269899                     /usr/lib/x86_64-linux-gnu/libtasn1.so.3.1.11
7fa47c1d4000-7fa47c1db000 r-xp 00000000 08:01 264993                     /usr/lib/x86_64-linux-gnu/libkrb5support.so.0.1
7fa47c1db000-7fa47c3da000 ---p 00007000 08:01 264993                     /usr/lib/x86_64-linux-gnu/libkrb5support.so.0.1
7fa47c3da000-7fa47c3db000 r--p 00006000 08:01 264993                     /usr/lib/x86_64-linux-gnu/libkrb5support.so.0.1
7fa47c3db000-7fa47c3dc000 rw-p 00007000 08:01 264993                     /usr/lib/x86_64-linux-gnu/libkrb5support.so.0.1
7fa47c3dc000-7fa47c3df000 r-xp 00000000 08:01 23465854                   /lib/x86_64-linux-gnu/libcom_err.so.2.1
7fa47c3df000-7fa47c5de000 ---p 00003000 08:01 23465854                   /lib/x86_64-linux-gnu/libcom_err.so.2.1
7fa47c5de000-7fa47c5df000 r--p 00002000 08:01 23465854                   /lib/x86_64-linux-gnu/libcom_err.so.2.1
7fa47c5df000-7fa47c5e0000 rw-p 00003000 08:01 23465854                   /lib/x86_64-linux-gnu/libcom_err.so.2.1
7fa47c5e0000-7fa47c606000 r-xp 00000000 08:01 262553                     /usr/lib/x86_64-linux-gnu/libk5crypto.so.3.1
7fa47c606000-7fa47c805000 ---p 00026000 08:01 262553                     /usr/lib/x86_64-linux-gnu/libk5crypto.so.3.1
7fa47c805000-7fa47c807000 r--p 00025000 08:01 262553                     /usr/lib/x86_64-linux-gnu/libk5crypto.so.3.1
7fa47c807000-7fa47c808000 rw-p 00027000 08:01 262553                     /usr/lib/x86_64-linux-gnu/libk5crypto.so.3.1
7fa47c808000-7fa47c8c7000 r-xp 00000000 08:01 263183                     /usr/lib/x86_64-linux-gnu/libkrb5.so.3.3
7fa47c8c7000-7fa47cac7000 ---p 000bf000 08:01 263183                     /usr/lib/x86_64-linux-gnu/libkrb5.so.3.3
7fa47cac7000-7fa47cad0000 r--p 000bf000 08:01 263183                     /usr/lib/x86_64-linux-gnu/libkrb5.so.3.3
7fa47cad0000-7fa47cad1000 rw-p 000c8000 08:01 263183                     /usr/lib/x86_64-linux-gnu/libkrb5.so.3.3
7fa47cad1000-7fa47cad8000 r-xp 00000000 08:01 269922                     /usr/lib/x86_64-linux-gnu/libxcb-render.so.0.0.0
7fa47cad8000-7fa47ccd8000 ---p 00007000 08:01 269922                     /usr/lib/x86_64-linux-gnu/libxcb-render.so.0.0.0
7fa47ccd8000-7fa47ccd9000 r--p 00007000 08:01 269922                     /usr/lib/x86_64-linux-gnu/libxcb-render.so.0.0.0
7fa47ccd9000-7fa47ccda000 rw-p 00008000 08:01 269922                     /usr/lib/x86_64-linux-gnu/libxcb-render.so.0.0.0
7fa47ccda000-7fa47ccdc000 r-xp 00000000 08:01 269926                     /usr/lib/x86_64-linux-gnu/libxcb-shm.so.0.0.0
7fa47ccdc000-7fa47cedb000 ---p 00002000 08:01 269926                     /usr/lib/x86_64-linux-gnu/libxcb-shm.so.0.0.0
7fa47cedb000-7fa47cedc000 r--p 00001000 08:01 269926                     /usr/lib/x86_64-linux-gnu/libxcb-shm.so.0.0.0
7fa47cedc000-7fa47cedd000 rw-p 00002000 08:01 269926                     /usr/lib/x86_64-linux-gnu/libxcb-shm.so.0.0.0
7fa47cedd000-7fa47cf03000 r-xp 00000000 08:01 23465908                   /lib/x86_64-linux-gnu/libpng12.so.0.46.0
7fa47cf03000-7fa47d102000 ---p 00026000 08:01 23465908                   /lib/x86_64-linux-gnu/libpng12.so.0.46.0
7fa47d102000-7fa47d103000 r--p 00025000 08:01 23465908                   /lib/x86_64-linux-gnu/libpng12.so.0.46.0
7fa47d103000-7fa47d104000 rw-p 00026000 08:01 23465908                   /lib/x86_64-linux-gnu/libpng12.so.0.46.0
7fa47d104000-7fa47d172000 r-xp 00000000 08:01 269852                     /usr/lib/x86_64-linux-gnu/libpixman-1.so.0.22.2
7fa47d172000-7fa47d372000 ---p 0006e000 08:01 269852                     /usr/lib/x86_64-linux-gnu/libpixman-1.so.0.22.2
7fa47d372000-7fa47d377000 r--p 0006e000 08:01 269852                     /usr/lib/x86_64-linux-gnu/libpixman-1.so.0.22.2
7fa47d377000-7fa47d378000 rw-p 00073000 08:01 269852                     /usr/lib/x86_64-linux-gnu/libpixman-1.so.0.22.2
7fa47d378000-7fa47d389000 r-xp 00000000 08:01 269672                     /usr/lib/x86_64-linux-gnu/libavahi-client.so.3.2.9
7fa47d389000-7fa47d589000 ---p 00011000 08:01 269672                     /usr/lib/x86_64-linux-gnu/libavahi-client.so.3.2.9
7fa47d589000-7fa47d58a000 r--p 00011000 08:01 269672                     /usr/lib/x86_64-linux-gnu/libavahi-client.so.3.2.9
7fa47d58a000-7fa47d58b000 rw-p 00012000 08:01 269672                     /usr/lib/x86_64-linux-gnu/libavahi-client.so.3.2.9
7fa47d58b000-7fa47d598000 r-xp 00000000 08:01 269674                     /usr/lib/x86_64-linux-gnu/libavahi-common.so.3.5.3
7fa47d598000-7fa47d797000 ---p 0000d000 08:01 269674                     /usr/lib/x86_64-linux-gnu/libavahi-common.so.3.5.3
7fa47d797000-7fa47d798000 r--p 0000c000 08:01 269674                     /usr/lib/x86_64-linux-gnu/libavahi-common.so.3.5.3
7fa47d798000-7fa47d799000 rw-p 0000d000 08:01 269674                     /usr/lib/x86_64-linux-gnu/libavahi-common.so.3.5.3
7fa47d799000-7fa47d83a000 r-xp 00000000 08:01 269760                     /usr/lib/x86_64-linux-gnu/libgnutls.so.26.16.14
7fa47d83a000-7fa47da39000 ---p 000a1000 08:01 269760                     /usr/lib/x86_64-linux-gnu/libgnutls.so.26.16.14
7fa47da39000-7fa47da40000 r--p 000a0000 08:01 269760                     /usr/lib/x86_64-linux-gnu/libgnutls.so.26.16.14
7fa47da40000-7fa47da41000 rw-p 000a7000 08:01 269760                     /usr/lib/x86_64-linux-gnu/libgnutls.so.26.16.14
7fa47da41000-7fa47da7c000 r-xp 00000000 08:01 262683                     /usr/lib/x86_64-linux-gnu/libgssapi_krb5.so.2.2
7fa47da7c000-7fa47dc7c000 ---p 0003b000 08:01 262683                     /usr/lib/x86_64-linux-gnu/libgssapi_krb5.so.2.2
7fa47dc7c000-7fa47dc7d000 r--p 0003b000 08:01 262683                     /usr/lib/x86_64-linux-gnu/libgssapi_krb5.so.2.2
7fa47dc7d000-7fa47dc7f000 rw-p 0003c000 08:01 262683                     /usr/lib/x86_64-linux-gnu/libgssapi_krb5.so.2.2
7fa47dc7f000-7fa47dca6000 r-xp 00000000 08:01 23465865                   /lib/x86_64-linux-gnu/libexpat.so.1.5.2
7fa47dca6000-7fa47dea6000 ---p 00027000 08:01 23465865                   /lib/x86_64-linux-gnu/libexpat.so.1.5.2
7fa47dea6000-7fa47dea8000 r--p 00027000 08:01 23465865                   /lib/x86_64-linux-gnu/libexpat.so.1.5.2
7fa47dea8000-7fa47dea9000 rw-p 00029000 08:01 23465865                   /lib/x86_64-linux-gnu/libexpat.so.1.5.2
7fa47dea9000-7fa47df3b000 r-xp 00000000 08:01 263045                     /usr/lib/x86_64-linux-gnu/libfreetype.so.6.6.2
7fa47df3b000-7fa47e13a000 ---p 00092000 08:01 263045                     /usr/lib/x86_64-linux-gnu/libfreetype.so.6.6.2
7fa47e13a000-7fa47e140000 r--p 00091000 08:01 263045                     /usr/lib/x86_64-linux-gnu/libfreetype.so.6.6.2
7fa47e140000-7fa47e141000 rw-p 00097000 08:01 263045                     /usr/lib/x86_64-linux-gnu/libfreetype.so.6.6.2
7fa47e141000-7fa47e143000 r-xp 00000000 08:01 269638                     /usr/lib/x86_64-linux-gnu/libXdamage.so.1.1.0
7fa47e143000-7fa47e342000 ---p 00002000 08:01 269638                     /usr/lib/x86_64-linux-gnu/libXdamage.so.1.1.0
7fa47e342000-7fa47e343000 r--p 00001000 08:01 269638                     /usr/lib/x86_64-linux-gnu/libXdamage.so.1.1.0
7fa47e343000-7fa47e344000 rw-p 00002000 08:01 269638                     /usr/lib/x86_64-linux-gnu/libXdamage.so.1.1.0
7fa47e344000-7fa47e346000 r-xp 00000000 08:01 269634                     /usr/lib/x86_64-linux-gnu/libXcomposite.so.1.0.0
7fa47e346000-7fa47e545000 ---p 00002000 08:01 269634                     /usr/lib/x86_64-linux-gnu/libXcomposite.so.1.0.0
7fa47e545000-7fa47e546000 r--p 00001000 08:01 269634                     /usr/lib/x86_64-linux-gnu/libXcomposite.so.1.0.0
7fa47e546000-7fa47e547000 rw-p 00002000 08:01 269634                     /usr/lib/x86_64-linux-gnu/libXcomposite.so.1.0.0
7fa47e547000-7fa47e550000 r-xp 00000000 08:01 269636                     /usr/lib/x86_64-linux-gnu/libXcursor.so.1.0.2
7fa47e550000-7fa47e74f000 ---p 00009000 08:01 269636                     /usr/lib/x86_64-linux-gnu/libXcursor.so.1.0.2
7fa47e74f000-7fa47e750000 r--p 00008000 08:01 269636                     /usr/lib/x86_64-linux-gnu/libXcursor.so.1.0.2
7fa47e750000-7fa47e751000 rw-p 00009000 08:01 269636                     /usr/lib/x86_64-linux-gnu/libXcursor.so.1.0.2
7fa47e751000-7fa47e759000 r-xp 00000000 08:01 269652                     /usr/lib/x86_64-linux-gnu/libXrandr.so.2.2.0
7fa47e759000-7fa47e958000 ---p 00008000 08:01 269652                     /usr/lib/x86_64-linux-gnu/libXrandr.so.2.2.0
7fa47e958000-7fa47e959000 r--p 00007000 08:01 269652                     /usr/lib/x86_64-linux-gnu/libXrandr.so.2.2.0
7fa47e959000-7fa47e95a000 rw-p 00008000 08:01 269652                     /usr/lib/x86_64-linux-gnu/libXrandr.so.2.2.0
7fa47e95a000-7fa47e95c000 r-xp 00000000 08:01 269650                     /usr/lib/x86_64-linux-gnu/libXinerama.so.1.0.0
7fa47e95c000-7fa47eb5b000 ---p 00002000 08:01 269650                     /usr/lib/x86_64-linux-gnu/libXinerama.so.1.0.0
7fa47eb5b000-7fa47eb5c000 r--p 00001000 08:01 269650                     /usr/lib/x86_64-linux-gnu/libXinerama.so.1.0.0
7fa47eb5c000-7fa47eb5d000 rw-p 00002000 08:01 269650                     /usr/lib/x86_64-linux-gnu/libXinerama.so.1.0.0
7fa47eb5d000-7fa47eb87000 r-xp 00000000 08:01 269838                     /usr/lib/x86_64-linux-gnu/libpangoft2-1.0.so.0.2903.0
7fa47eb87000-7fa47ed86000 ---p 0002a000 08:01 269838                     /usr/lib/x86_64-linux-gnu/libpangoft2-1.0.so.0.2903.0
7fa47ed86000-7fa47ed87000 r--p 00029000 08:01 269838                     /usr/lib/x86_64-linux-gnu/libpangoft2-1.0.so.0.2903.0
7fa47ed87000-7fa47ed88000 rw-p 0002a000 08:01 269838                     /usr/lib/x86_64-linux-gnu/libpangoft2-1.0.so.0.2903.0
7fa47ed88000-7fa47ee41000 r-xp 00000000 08:01 269694                     /usr/lib/x86_64-linux-gnu/libcairo.so.2.11000.2
7fa47ee41000-7fa47f040000 ---p 000b9000 08:01 269694                     /usr/lib/x86_64-linux-gnu/libcairo.so.2.11000.2
7fa47f040000-7fa47f042000 r--p 000b8000 08:01 269694                     /usr/lib/x86_64-linux-gnu/libcairo.so.2.11000.2
7fa47f042000-7fa47f043000 rw-p 000ba000 08:01 269694                     /usr/lib/x86_64-linux-gnu/libcairo.so.2.11000.2
7fa47f043000-7fa47f046000 rw-p 00000000 00:00 0 
7fa47f046000-7fa47f065000 r-xp 00000000 08:01 269668                     /usr/lib/x86_64-linux-gnu/libatk-1.0.so.0.20209.1
7fa47f065000-7fa47f265000 ---p 0001f000 08:01 269668                     /usr/lib/x86_64-linux-gnu/libatk-1.0.so.0.20209.1
7fa47f265000-7fa47f267000 r--p 0001f000 08:01 269668                     /usr/lib/x86_64-linux-gnu/libatk-1.0.so.0.20209.1
7fa47f267000-7fa47f268000 rw-p 00021000 08:01 269668                     /usr/lib/x86_64-linux-gnu/libatk-1.0.so.0.20209.1
7fa47f268000-7fa47f26d000 r-xp 00000000 08:01 269644                     /usr/lib/x86_64-linux-gnu/libXfixes.so.3.1.0
7fa47f26d000-7fa47f46c000 ---p 00005000 08:01 269644                     /usr/lib/x86_64-linux-gnu/libXfixes.so.3.1.0
7fa47f46c000-7fa47f46d000 r--p 00004000 08:01 269644                     /usr/lib/x86_64-linux-gnu/libXfixes.so.3.1.0
7fa47f46d000-7fa47f46e000 rw-p 00005000 08:01 269644                     /usr/lib/x86_64-linux-gnu/libXfixes.so.3.1.0
7fa47f46e000-7fa47f479000 r-xp 00000000 08:01 269836                     /usr/lib/x86_64-linux-gnu/libpangocairo-1.0.so.0.2903.0
7fa47f479000-7fa47f679000 ---p 0000b000 08:01 269836                     /usr/lib/x86_64-linux-gnu/libpangocairo-1.0.so.0.2903.0
7fa47f679000-7fa47f67a000 r--p 0000b000 08:01 269836                     /usr/lib/x86_64-linux-gnu/libpangocairo-1.0.so.0.2903.0
7fa47f67a000-7fa47f67b000 rw-p 0000c000 08:01 269836                     /usr/lib/x86_64-linux-gnu/libpangocairo-1.0.so.0.2903.0
7fa47f67b000-7fa47f6c9000 r-xp 00000000 08:01 262325                     /usr/lib/x86_64-linux-gnu/libcups.so.2
7fa47f6c9000-7fa47f8c9000 ---p 0004e000 08:01 262325                     /usr/lib/x86_64-linux-gnu/libcups.so.2
7fa47f8c9000-7fa47f8cd000 r--p 0004e000 08:01 262325                     /usr/lib/x86_64-linux-gnu/libcups.so.2
7fa47f8cd000-7fa47f8ce000 rw-p 00052000 08:01 262325                     /usr/lib/x86_64-linux-gnu/libcups.so.2
7fa47f8ce000-7fa47f902000 r-xp 00000000 08:01 269733                     /usr/lib/x86_64-linux-gnu/libfontconfig.so.1.4.4
7fa47f902000-7fa47fb02000 ---p 00034000 08:01 269733                     /usr/lib/x86_64-linux-gnu/libfontconfig.so.1.4.4
7fa47fb02000-7fa47fb03000 r--p 00034000 08:01 269733                     /usr/lib/x86_64-linux-gnu/libfontconfig.so.1.4.4
7fa47fb03000-7fa47fb04000 rw-p 00035000 08:01 269733                     /usr/lib/x86_64-linux-gnu/libfontconfig.so.1.4.4
7fa47fb04000-7fa47fb4b000 r-xp 00000000 08:01 269834                     /usr/lib/x86_64-linux-gnu/libpango-1.0.so.0.2903.0
7fa47fb4b000-7fa47fd4b000 ---p 00047000 08:01 269834                     /usr/lib/x86_64-linux-gnu/libpango-1.0.so.0.2903.0
7fa47fd4b000-7fa47fd4d000 r--p 00047000 08:01 269834                     /usr/lib/x86_64-linux-gnu/libpango-1.0.so.0.2903.0
7fa47fd4d000-7fa47fd4e000 rw-p 00049000 08:01 269834                     /usr/lib/x86_64-linux-gnu/libpango-1.0.so.0.2903.0
7fa47fd4e000-7fa47fdfb000 r-xp 00000000 08:01 265726                     /usr/lib/x86_64-linux-gnu/libgdk-x11-2.0.so.0.2400.8
7fa47fdfb000-7fa47fffa000 ---p 000ad000 08:01 265726                     /usr/lib/x86_64-linux-gnu/libgdk-x11-2.0.so.0.2400.8
7fa47fffa000-7fa47fffe000 r--p 000ac000 08:01 265726                     /usr/lib/x86_64-linux-gnu/libgdk-x11-2.0.so.0.2400.8
7fa47fffe000-7fa480000000 rw-p 000b0000 08:01 265726                     /usr/lib/x86_64-linux-gnu/libgdk-x11-2.0.so.0.2400.8
7fa480000000-7fa480903000 rw-p 00000000 00:00 0 
7fa480903000-7fa484000000 ---p 00000000 00:00 0 
7fa484011000-7fa484014000 ---p 00000000 00:00 0 
7fa484014000-7fa48402b000 rw-p 00000000 00:00 0 
7fa48402b000-7fa48402e000 ---p 00000000 00:00 0 
7fa48402e000-7fa484045000 rw-p 00000000 00:00 0 
7fa484045000-7fa484063000 r-xp 00000000 08:01 269746                     /usr/lib/x86_64-linux-gnu/libgdk_pixbuf-2.0.so.0.2400.0
7fa484063000-7fa484262000 ---p 0001e000 08:01 269746                     /usr/lib/x86_64-linux-gnu/libgdk_pixbuf-2.0.so.0.2400.0
7fa484262000-7fa484263000 r--p 0001d000 08:01 269746                     /usr/lib/x86_64-linux-gnu/libgdk_pixbuf-2.0.so.0.2400.0
7fa484263000-7fa484264000 rw-p 0001e000 08:01 269746                     /usr/lib/x86_64-linux-gnu/libgdk_pixbuf-2.0.so.0.2400.0
7fa484264000-7fa484693000 r-xp 00000000 08:01 266353                     /usr/lib/x86_64-linux-gnu/libgtk-x11-2.0.so.0.2400.8
7fa484693000-7fa484893000 ---p 0042f000 08:01 266353                     /usr/lib/x86_64-linux-gnu/libgtk-x11-2.0.so.0.2400.8
7fa484893000-7fa48489a000 r--p 0042f000 08:01 266353                     /usr/lib/x86_64-linux-gnu/libgtk-x11-2.0.so.0.2400.8
7fa48489a000-7fa48489e000 rw-p 00436000 08:01 266353                     /usr/lib/x86_64-linux-gnu/libgtk-x11-2.0.so.0.2400.8
7fa48489e000-7fa4848a0000 rw-p 00000000 00:00 0 
7fa4848a0000-7fa4848af000 r-xp 00000000 08:01 269648                     /usr/lib/x86_64-linux-gnu/libXi.so.6.1.0
7fa4848af000-7fa484aae000 ---p 0000f000 08:01 269648                     /usr/lib/x86_64-linux-gnu/libXi.so.6.1.0
7fa484aae000-7fa484aaf000 r--p 0000e000 08:01 269648                     /usr/lib/x86_64-linux-gnu/libXi.so.6.1.0
7fa484aaf000-7fa484ab0000 rw-p 0000f000 08:01 269648                     /usr/lib/x86_64-linux-gnu/libXi.so.6.1.0
7fa484ab0000-7fa484ab5000 r-xp 00000000 08:01 264937                     /usr/lib/libXtst.so.6.1.0
7fa484ab5000-7fa484cb4000 ---p 00005000 08:01 264937                     /usr/lib/libXtst.so.6.1.0
7fa484cb4000-7fa484cb5000 r--p 00004000 08:01 264937                     /usr/lib/libXtst.so.6.1.0
7fa484cb5000-7fa484cb6000 rw-p 00005000 08:01 264937                     /usr/lib/libXtst.so.6.1.0
7fa484cb6000-7fa484cbf000 r-xp 00000000 08:01 269654                     /usr/lib/x86_64-linux-gnu/libXrender.so.1.3.0
7fa484cbf000-7fa484ebf000 ---p 00009000 08:01 269654                     /usr/lib/x86_64-linux-gnu/libXrender.so.1.3.0
7fa484ebf000-7fa484ec0000 r--p 00009000 08:01 269654                     /usr/lib/x86_64-linux-gnu/libXrender.so.1.3.0
7fa484ec0000-7fa484ec1000 rw-p 0000a000 08:01 269654                     /usr/lib/x86_64-linux-gnu/libXrender.so.1.3.0
7fa484ec1000-7fa484f13000 r-xp 00000000 08:01 1574743                    /usr/lib/jvm/java-7-openjdk-amd64/jre/lib/amd64/xawt/libmawt.so
7fa484f13000-7fa485113000 ---p 00052000 08:01 1574743                    /usr/lib/jvm/java-7-openjdk-amd64/jre/lib/amd64/xawt/libmawt.so
7fa485113000-7fa485114000 r--p 00052000 08:01 1574743                    /usr/lib/jvm/java-7-openjdk-amd64/jre/lib/amd64/xawt/libmawt.so
7fa485114000-7fa485117000 rw-p 00053000 08:01 1574743                    /usr/lib/jvm/java-7-openjdk-amd64/jre/lib/amd64/xawt/libmawt.so
7fa485117000-7fa485118000 rw-p 00000000 00:00 0 
7fa485118000-7fa4851ba000 r-xp 00000000 08:01 1574681                    /usr/lib/jvm/java-7-openjdk-amd64/jre/lib/amd64/libawt.so
7fa4851ba000-7fa4853b9000 ---p 000a2000 08:01 1574681                    /usr/lib/jvm/java-7-openjdk-amd64/jre/lib/amd64/libawt.so
7fa4853b9000-7fa4853ba000 r--p 000a1000 08:01 1574681                    /usr/lib/jvm/java-7-openjdk-amd64/jre/lib/amd64/libawt.so
7fa4853ba000-7fa4853c5000 rw-p 000a2000 08:01 1574681                    /usr/lib/jvm/java-7-openjdk-amd64/jre/lib/amd64/libawt.so
7fa4853c5000-7fa4853ea000 rw-p 00000000 00:00 0 
7fa4853ea000-7fa4853ec000 r-xp 00000000 08:01 7077910                    /tmp/jogamp.tmp.cache_000000/jln3898004609728598763/jln5503707898463300939/libgluegen-rt.so
7fa4853ec000-7fa4855eb000 ---p 00002000 08:01 7077910                    /tmp/jogamp.tmp.cache_000000/jln3898004609728598763/jln5503707898463300939/libgluegen-rt.so
7fa4855eb000-7fa4855ec000 r--p 00001000 08:01 7077910                    /tmp/jogamp.tmp.cache_000000/jln3898004609728598763/jln5503707898463300939/libgluegen-rt.so
7fa4855ec000-7fa4855ed000 rw-p 00002000 08:01 7077910                    /tmp/jogamp.tmp.cache_000000/jln3898004609728598763/jln5503707898463300939/libgluegen-rt.so
7fa4855ed000-7fa4855f0000 ---p 00000000 00:00 0 
7fa4855f0000-7fa4856ee000 rw-p 00000000 00:00 0 
7fa4856ee000-7fa4856fe000 r-xp 00000000 08:01 1574654                    /usr/lib/jvm/java-7-openjdk-amd64/jre/lib/amd64/libnio.so
7fa4856fe000-7fa4858fd000 ---p 00010000 08:01 1574654                    /usr/lib/jvm/java-7-openjdk-amd64/jre/lib/amd64/libnio.so
7fa4858fd000-7fa4858fe000 r--p 0000f000 08:01 1574654                    /usr/lib/jvm/java-7-openjdk-amd64/jre/lib/amd64/libnio.so
7fa4858fe000-7fa4858ff000 rw-p 00010000 08:01 1574654                    /usr/lib/jvm/java-7-openjdk-amd64/jre/lib/amd64/libnio.so
7fa4858ff000-7fa48593a000 r-xp 00000000 08:01 23465906                   /lib/x86_64-linux-gnu/libpcre.so.3.12.1
7fa48593a000-7fa485b39000 ---p 0003b000 08:01 23465906                   /lib/x86_64-linux-gnu/libpcre.so.3.12.1
7fa485b39000-7fa485b3a000 r--p 0003a000 08:01 23465906                   /lib/x86_64-linux-gnu/libpcre.so.3.12.1
7fa485b3a000-7fa485b3b000 rw-p 0003b000 08:01 23465906                   /lib/x86_64-linux-gnu/libpcre.so.3.12.1
7fa485b3b000-7fa485b42000 r-xp 00000000 08:01 269731                     /usr/lib/x86_64-linux-gnu/libffi.so.6.0.0
7fa485b42000-7fa485d41000 ---p 00007000 08:01 269731                     /usr/lib/x86_64-linux-gnu/libffi.so.6.0.0
7fa485d41000-7fa485d42000 r--p 00006000 08:01 269731                     /usr/lib/x86_64-linux-gnu/libffi.so.6.0.0
7fa485d42000-7fa485d43000 rw-p 00007000 08:01 269731                     /usr/lib/x86_64-linux-gnu/libffi.so.6.0.0
7fa485d43000-7fa485d47000 r-xp 00000000 08:01 264817                     /usr/lib/x86_64-linux-gnu/libgthread-2.0.so.0.3000.2
7fa485d47000-7fa485f46000 ---p 00004000 08:01 264817                     /usr/lib/x86_64-linux-gnu/libgthread-2.0.so.0.3000.2
7fa485f46000-7fa485f47000 r--p 00003000 08:01 264817                     /usr/lib/x86_64-linux-gnu/libgthread-2.0.so.0.3000.2
7fa485f47000-7fa485f48000 rw-p 00004000 08:01 264817                     /usr/lib/x86_64-linux-gnu/libgthread-2.0.so.0.3000.2
7fa485f48000-7fa485f5f000 r-xp 00000000 08:01 23465911                   /lib/x86_64-linux-gnu/libresolv-2.13.so
7fa485f5f000-7fa48615f000 ---p 00017000 08:01 23465911                   /lib/x86_64-linux-gnu/libresolv-2.13.so
7fa48615f000-7fa486160000 r--p 00017000 08:01 23465911                   /lib/x86_64-linux-gnu/libresolv-2.13.so
7fa486160000-7fa486161000 rw-p 00018000 08:01 23465911                   /lib/x86_64-linux-gnu/libresolv-2.13.so
7fa486161000-7fa486163000 rw-p 00000000 00:00 0 
7fa486163000-7fa48617f000 r-xp 00000000 08:01 23465915                   /lib/x86_64-linux-gnu/libselinux.so.1
7fa48617f000-7fa48637e000 ---p 0001c000 08:01 23465915                   /lib/x86_64-linux-gnu/libselinux.so.1
7fa48637e000-7fa48637f000 r--p 0001b000 08:01 23465915                   /lib/x86_64-linux-gnu/libselinux.so.1
7fa48637f000-7fa486380000 rw-p 0001c000 08:01 23465915                   /lib/x86_64-linux-gnu/libselinux.so.1
7fa486380000-7fa486381000 rw-p 00000000 00:00 0 
7fa486381000-7fa486384000 r-xp 00000000 08:01 264827                     /usr/lib/x86_64-linux-gnu/libgmodule-2.0.so.0.3000.2
7fa486384000-7fa486583000 ---p 00003000 08:01 264827                     /usr/lib/x86_64-linux-gnu/libgmodule-2.0.so.0.3000.2
7fa486583000-7fa486584000 r--p 00002000 08:01 264827                     /usr/lib/x86_64-linux-gnu/libgmodule-2.0.so.0.3000.2
7fa486584000-7fa486585000 rw-p 00003000 08:01 264827                     /usr/lib/x86_64-linux-gnu/libgmodule-2.0.so.0.3000.2
7fa486585000-7fa486679000 r-xp 00000000 08:01 23461921                   /lib/x86_64-linux-gnu/libglib-2.0.so.0.3000.2
7fa486679000-7fa486878000 ---p 000f4000 08:01 23461921                   /lib/x86_64-linux-gnu/libglib-2.0.so.0.3000.2
7fa486878000-7fa486879000 r--p 000f3000 08:01 23461921                   /lib/x86_64-linux-gnu/libglib-2.0.so.0.3000.2
7fa486879000-7fa48687a000 rw-p 000f4000 08:01 23461921                   /lib/x86_64-linux-gnu/libglib-2.0.so.0.3000.2
7fa48687a000-7fa48687b000 rw-p 00000000 00:00 0 
7fa48687b000-7fa4868c9000 r-xp 00000000 08:01 264876                     /usr/lib/x86_64-linux-gnu/libgobject-2.0.so.0.3000.2
7fa4868c9000-7fa486ac9000 ---p 0004e000 08:01 264876                     /usr/lib/x86_64-linux-gnu/libgobject-2.0.so.0.3000.2
7fa486ac9000-7fa486aca000 r--p 0004e000 08:01 264876                     /usr/lib/x86_64-linux-gnu/libgobject-2.0.so.0.3000.2
7fa486aca000-7fa486acb000 rw-p 0004f000 08:01 264876                     /usr/lib/x86_64-linux-gnu/libgobject-2.0.so.0.3000.2
7fa486acb000-7fa486acc000 rw-p 00000000 00:00 0 
7fa486acc000-7fa486c07000 r-xp 00000000 08:01 265043                     /usr/lib/x86_64-linux-gnu/libgio-2.0.so.0.3000.2
7fa486c07000-7fa486e07000 ---p 0013b000 08:01 265043                     /usr/lib/x86_64-linux-gnu/libgio-2.0.so.0.3000.2
7fa486e07000-7fa486e0b000 r--p 0013b000 08:01 265043                     /usr/lib/x86_64-linux-gnu/libgio-2.0.so.0.3000.2
7fa486e0b000-7fa486e0d000 rw-p 0013f000 08:01 265043                     /usr/lib/x86_64-linux-gnu/libgio-2.0.so.0.3000.2
7fa486e0d000-7fa486e0f000 rw-p 00000000 00:00 0 
7fa486e13000-7fa486e34000 rw-s 00000000 00:04 119636026                  /SYSV00000000 (deleted)
7fa486e34000-7fa486e4a000 r-xp 00000000 08:01 1574663                    /usr/lib/jvm/java-7-openjdk-amd64/jre/lib/amd64/libnet.so
7fa486e4a000-7fa487049000 ---p 00016000 08:01 1574663                    /usr/lib/jvm/java-7-openjdk-amd64/jre/lib/amd64/libnet.so
7fa487049000-7fa48704a000 r--p 00015000 08:01 1574663                    /usr/lib/jvm/java-7-openjdk-amd64/jre/lib/amd64/libnet.so
7fa48704a000-7fa48704b000 rw-p 00016000 08:01 1574663                    /usr/lib/jvm/java-7-openjdk-amd64/jre/lib/amd64/libnet.so
7fa48704b000-7fa48704c000 r--s 00021000 00:14 22028874                   /home/daniel/.m2/repository/org/jogamp/jogl/jogl-all-natives-linux-amd64/2.0-b45-20111219/jogl-all-natives-linux-amd64-2.0-b45-20111219.jar
7fa48704c000-7fa487050000 r--s 000a0000 08:01 1574613                    /usr/lib/jvm/java-7-openjdk-common/jre/lib/jsse.jar
7fa487050000-7fa487068000 r--s 00439000 00:14 22029213                   /home/daniel/.m2/repository/org/jogamp/jogl/jogl.all/2.0-b45-20111219/jogl.all-2.0-b45-20111219.jar
7fa487068000-7fa487069000 r--s 00001000 00:14 22029963                   /home/daniel/.m2/repository/org/jogamp/gluegen/gluegen-rt-natives-linux-amd64/2.0-b33-20111219/gluegen-rt-natives-linux-amd64-2.0-b33-20111219.jar
7fa487069000-7fa48706d000 r--s 00029000 00:14 22029949                   /home/daniel/.m2/repository/org/jogamp/gluegen/gluegen-rt/2.0-b33-20111219/gluegen-rt-2.0-b33-20111219.jar
7fa48706d000-7fa48706e000 r--s 00002000 00:14 25297701                   /home/daniel/.m2/repository/de/dheinrich/libarys/lzma-jio/1.0/lzma-jio-1.0.jar
7fa48706e000-7fa487070000 r--s 0000e000 00:14 26609712                   /home/daniel/.m2/repository/de/dheinrich/darwin/ResourceHandling/1.0/ResourceHandling-1.0.jar
7fa487070000-7fa487073000 r--s 00016000 00:14 26345870                   /home/daniel/.m2/repository/de/dheinrich/darwin/Util/1.0-SNAPSHOT/Util-1.0-SNAPSHOT.jar
7fa487073000-7fa48707c000 r--s 0006d000 00:14 25167222                   /home/daniel/.m2/repository/log4j/log4j/1.2.16/log4j-1.2.16.jar
7fa48707c000-7fa48707f000 r--s 00032000 08:01 1574598                    /usr/lib/jvm/java-7-openjdk-common/jre/lib/ext/sunjce_provider.jar
7fa48707f000-7fa487082000 r--s 0000f000 08:01 1574600                    /usr/lib/jvm/java-7-openjdk-common/jre/lib/ext/pulse-java.jar
7fa487082000-7fa487085000 r--s 0003c000 08:01 1574595                    /usr/lib/jvm/java-7-openjdk-common/jre/lib/ext/sunpkcs11.jar
7fa487085000-7fa48708d000 r--s 00066000 08:01 661631                     /usr/share/java/gnome-java-bridge.jar
7fa48708d000-7fa487090000 r--s 00085000 08:01 1574597                    /usr/lib/jvm/java-7-openjdk-common/jre/lib/ext/localedata.jar
7fa487090000-7fa487091000 r--s 00002000 08:01 1574596                    /usr/lib/jvm/java-7-openjdk-common/jre/lib/ext/dnsns.jar
7fa487091000-7fa487093000 r--s 00012000 08:01 1574599                    /usr/lib/jvm/java-7-openjdk-common/jre/lib/ext/zipfs.jar
7fa487093000-7fa487094000 ---p 00000000 00:00 0 
7fa487094000-7fa487194000 rw-p 00000000 00:00 0 
7fa487194000-7fa487197000 ---p 00000000 00:00 0 
7fa487197000-7fa487295000 rw-p 00000000 00:00 0 
7fa487295000-7fa487298000 ---p 00000000 00:00 0 
7fa487298000-7fa487396000 rw-p 00000000 00:00 0 
7fa487396000-7fa487399000 ---p 00000000 00:00 0 
7fa487399000-7fa487497000 rw-p 00000000 00:00 0 
7fa487497000-7fa48749a000 ---p 00000000 00:00 0 
7fa48749a000-7fa487598000 rw-p 00000000 00:00 0 
7fa487598000-7fa487c7c000 r--p 00000000 08:01 268785                     /usr/lib/locale/locale-archive
7fa487c7c000-7fa487c7f000 ---p 00000000 00:00 0 
7fa487c7f000-7fa487d7d000 rw-p 00000000 00:00 0 
7fa487d7d000-7fa487d80000 ---p 00000000 00:00 0 
7fa487d80000-7fa487e7e000 rw-p 00000000 00:00 0 
7fa487e7e000-7fa487e7f000 ---p 00000000 00:00 0 
7fa487e7f000-7fa4884f0000 rw-p 00000000 00:00 0 
7fa4884f0000-7fa48869e000 r--s 03e77000 08:01 1574695                    /usr/lib/jvm/java-7-openjdk-amd64/jre/lib/rt.jar
7fa48869e000-7fa48869f000 ---p 00000000 00:00 0 
7fa48869f000-7fa48879f000 rw-p 00000000 00:00 0 
7fa48879f000-7fa4887a0000 ---p 00000000 00:00 0 
7fa4887a0000-7fa4888a0000 rw-p 00000000 00:00 0 
7fa4888a0000-7fa4888a1000 ---p 00000000 00:00 0 
7fa4888a1000-7fa4889a1000 rw-p 00000000 00:00 0 
7fa4889a1000-7fa4889a2000 ---p 00000000 00:00 0 
7fa4889a2000-7fa488ab7000 rw-p 00000000 00:00 0 
7fa488ab7000-7fa488be6000 rw-p 00000000 00:00 0 
7fa488be6000-7fa488bf1000 rw-p 00000000 00:00 0 
7fa488bf1000-7fa488c39000 rw-p 00000000 00:00 0 
7fa488c39000-7fa488c4e000 rw-p 00000000 00:00 0 
7fa488c4e000-7fa488d7c000 rw-p 00000000 00:00 0 
7fa488d7c000-7fa488d8f000 rw-p 00000000 00:00 0 
7fa488d8f000-7fa488e1e000 rw-p 00000000 00:00 0 
7fa488e1e000-7fa488e29000 rw-p 00000000 00:00 0 
7fa488e29000-7fa488edf000 rw-p 00000000 00:00 0 
7fa488edf000-7fa48914f000 rwxp 00000000 00:00 0 
7fa48914f000-7fa48bedf000 rw-p 00000000 00:00 0 
7fa48bedf000-7fa48bee7000 r-xp 00000000 08:01 1574677                    /usr/lib/jvm/java-7-openjdk-amd64/jre/lib/amd64/libzip.so
7fa48bee7000-7fa48c0e6000 ---p 00008000 08:01 1574677                    /usr/lib/jvm/java-7-openjdk-amd64/jre/lib/amd64/libzip.so
7fa48c0e6000-7fa48c0e7000 r--p 00007000 08:01 1574677                    /usr/lib/jvm/java-7-openjdk-amd64/jre/lib/amd64/libzip.so
7fa48c0e7000-7fa48c0e8000 rw-p 00008000 08:01 1574677                    /usr/lib/jvm/java-7-openjdk-amd64/jre/lib/amd64/libzip.so
7fa48c0e8000-7fa48c0f4000 r-xp 00000000 08:01 23465890                   /lib/x86_64-linux-gnu/libnss_files-2.13.so
7fa48c0f4000-7fa48c2f3000 ---p 0000c000 08:01 23465890                   /lib/x86_64-linux-gnu/libnss_files-2.13.so
7fa48c2f3000-7fa48c2f4000 r--p 0000b000 08:01 23465890                   /lib/x86_64-linux-gnu/libnss_files-2.13.so
7fa48c2f4000-7fa48c2f5000 rw-p 0000c000 08:01 23465890                   /lib/x86_64-linux-gnu/libnss_files-2.13.so
7fa48c2f5000-7fa48c2ff000 r-xp 00000000 08:01 23465894                   /lib/x86_64-linux-gnu/libnss_nis-2.13.so
7fa48c2ff000-7fa48c4ff000 ---p 0000a000 08:01 23465894                   /lib/x86_64-linux-gnu/libnss_nis-2.13.so
7fa48c4ff000-7fa48c500000 r--p 0000a000 08:01 23465894                   /lib/x86_64-linux-gnu/libnss_nis-2.13.so
7fa48c500000-7fa48c501000 rw-p 0000b000 08:01 23465894                   /lib/x86_64-linux-gnu/libnss_nis-2.13.so
7fa48c501000-7fa48c518000 r-xp 00000000 08:01 23465884                   /lib/x86_64-linux-gnu/libnsl-2.13.so
7fa48c518000-7fa48c717000 ---p 00017000 08:01 23465884                   /lib/x86_64-linux-gnu/libnsl-2.13.so
7fa48c717000-7fa48c718000 r--p 00016000 08:01 23465884                   /lib/x86_64-linux-gnu/libnsl-2.13.so
7fa48c718000-7fa48c719000 rw-p 00017000 08:01 23465884                   /lib/x86_64-linux-gnu/libnsl-2.13.so
7fa48c719000-7fa48c71b000 rw-p 00000000 00:00 0 
7fa48c71b000-7fa48c723000 r-xp 00000000 08:01 23465886                   /lib/x86_64-linux-gnu/libnss_compat-2.13.so
7fa48c723000-7fa48c922000 ---p 00008000 08:01 23465886                   /lib/x86_64-linux-gnu/libnss_compat-2.13.so
7fa48c922000-7fa48c923000 r--p 00007000 08:01 23465886                   /lib/x86_64-linux-gnu/libnss_compat-2.13.so
7fa48c923000-7fa48c924000 rw-p 00008000 08:01 23465886                   /lib/x86_64-linux-gnu/libnss_compat-2.13.so
7fa48c924000-7fa48c94d000 r-xp 00000000 08:01 1574676                    /usr/lib/jvm/java-7-openjdk-amd64/jre/lib/amd64/libjava.so
7fa48c94d000-7fa48cb4c000 ---p 00029000 08:01 1574676                    /usr/lib/jvm/java-7-openjdk-amd64/jre/lib/amd64/libjava.so
7fa48cb4c000-7fa48cb4d000 r--p 00028000 08:01 1574676                    /usr/lib/jvm/java-7-openjdk-amd64/jre/lib/amd64/libjava.so
7fa48cb4d000-7fa48cb4f000 rw-p 00029000 08:01 1574676                    /usr/lib/jvm/java-7-openjdk-amd64/jre/lib/amd64/libjava.so
7fa48cb4f000-7fa48cb5d000 r-xp 00000000 08:01 1574662                    /usr/lib/jvm/java-7-openjdk-amd64/jre/lib/amd64/libverify.so
7fa48cb5d000-7fa48cd5c000 ---p 0000e000 08:01 1574662                    /usr/lib/jvm/java-7-openjdk-amd64/jre/lib/amd64/libverify.so
7fa48cd5c000-7fa48cd5e000 r--p 0000d000 08:01 1574662                    /usr/lib/jvm/java-7-openjdk-amd64/jre/lib/amd64/libverify.so
7fa48cd5e000-7fa48cd5f000 rw-p 0000f000 08:01 1574662                    /usr/lib/jvm/java-7-openjdk-amd64/jre/lib/amd64/libverify.so
7fa48cd5f000-7fa48cd74000 r-xp 00000000 08:01 23465870                   /lib/x86_64-linux-gnu/libgcc_s.so.1
7fa48cd74000-7fa48cf73000 ---p 00015000 08:01 23465870                   /lib/x86_64-linux-gnu/libgcc_s.so.1
7fa48cf73000-7fa48cf74000 r--p 00014000 08:01 23465870                   /lib/x86_64-linux-gnu/libgcc_s.so.1
7fa48cf74000-7fa48cf75000 rw-p 00015000 08:01 23465870                   /lib/x86_64-linux-gnu/libgcc_s.so.1
7fa48cf75000-7fa48d05d000 r-xp 00000000 08:01 269895                     /usr/lib/x86_64-linux-gnu/libstdc++.so.6.0.16
7fa48d05d000-7fa48d25d000 ---p 000e8000 08:01 269895                     /usr/lib/x86_64-linux-gnu/libstdc++.so.6.0.16
7fa48d25d000-7fa48d265000 r--p 000e8000 08:01 269895                     /usr/lib/x86_64-linux-gnu/libstdc++.so.6.0.16
7fa48d265000-7fa48d267000 rw-p 000f0000 08:01 269895                     /usr/lib/x86_64-linux-gnu/libstdc++.so.6.0.16
7fa48d267000-7fa48d27c000 rw-p 00000000 00:00 0 
7fa48d27c000-7fa48dc02000 r-xp 00000000 08:01 1574679                    /usr/lib/jvm/java-7-openjdk-amd64/jre/lib/amd64/server/libjvm.so
7fa48dc02000-7fa48de02000 ---p 00986000 08:01 1574679                    /usr/lib/jvm/java-7-openjdk-amd64/jre/lib/amd64/server/libjvm.so
7fa48de02000-7fa48de80000 r--p 00986000 08:01 1574679                    /usr/lib/jvm/java-7-openjdk-amd64/jre/lib/amd64/server/libjvm.so
7fa48de80000-7fa48de9b000 rw-p 00a04000 08:01 1574679                    /usr/lib/jvm/java-7-openjdk-amd64/jre/lib/amd64/server/libjvm.so
7fa48de9b000-7fa48dec6000 rw-p 00000000 00:00 0 
7fa48dec6000-7fa48decb000 r-xp 00000000 08:01 269640                     /usr/lib/x86_64-linux-gnu/libXdmcp.so.6.0.0
7fa48decb000-7fa48e0ca000 ---p 00005000 08:01 269640                     /usr/lib/x86_64-linux-gnu/libXdmcp.so.6.0.0
7fa48e0ca000-7fa48e0cb000 r--p 00004000 08:01 269640                     /usr/lib/x86_64-linux-gnu/libXdmcp.so.6.0.0
7fa48e0cb000-7fa48e0cc000 rw-p 00005000 08:01 269640                     /usr/lib/x86_64-linux-gnu/libXdmcp.so.6.0.0
7fa48e0cc000-7fa48e0ce000 r-xp 00000000 08:01 269632                     /usr/lib/x86_64-linux-gnu/libXau.so.6.0.0
7fa48e0ce000-7fa48e2cd000 ---p 00002000 08:01 269632                     /usr/lib/x86_64-linux-gnu/libXau.so.6.0.0
7fa48e2cd000-7fa48e2ce000 r--p 00001000 08:01 269632                     /usr/lib/x86_64-linux-gnu/libXau.so.6.0.0
7fa48e2ce000-7fa48e2cf000 rw-p 00002000 08:01 269632                     /usr/lib/x86_64-linux-gnu/libXau.so.6.0.0
7fa48e2cf000-7fa48e2ea000 r-xp 00000000 08:01 269928                     /usr/lib/x86_64-linux-gnu/libxcb.so.1.1.0
7fa48e2ea000-7fa48e4e9000 ---p 0001b000 08:01 269928                     /usr/lib/x86_64-linux-gnu/libxcb.so.1.1.0
7fa48e4e9000-7fa48e4ea000 r--p 0001a000 08:01 269928                     /usr/lib/x86_64-linux-gnu/libxcb.so.1.1.0
7fa48e4ea000-7fa48e4eb000 rw-p 0001b000 08:01 269928                     /usr/lib/x86_64-linux-gnu/libxcb.so.1.1.0
7fa48e4eb000-7fa48e4f2000 r-xp 00000000 08:01 23465913                   /lib/x86_64-linux-gnu/librt-2.13.so
7fa48e4f2000-7fa48e6f1000 ---p 00007000 08:01 23465913                   /lib/x86_64-linux-gnu/librt-2.13.so
7fa48e6f1000-7fa48e6f2000 r--p 00006000 08:01 23465913                   /lib/x86_64-linux-gnu/librt-2.13.so
7fa48e6f2000-7fa48e6f3000 rw-p 00007000 08:01 23465913                   /lib/x86_64-linux-gnu/librt-2.13.so
7fa48e6f3000-7fa48fce7000 r-xp 00000000 08:01 661163                     /usr/lib/nvidia-current/libnvidia-glcore.so.280.13
7fa48fce7000-7fa48fee6000 ---p 015f4000 08:01 661163                     /usr/lib/nvidia-current/libnvidia-glcore.so.280.13
7fa48fee6000-7fa490525000 rwxp 015f3000 08:01 661163                     /usr/lib/nvidia-current/libnvidia-glcore.so.280.13
7fa490525000-7fa49053f000 rwxp 00000000 00:00 0 
7fa49053f000-7fa490542000 r-xp 00000000 08:01 1573545                    /usr/lib/nvidia-current/tls/libnvidia-tls.so.280.13
7fa490542000-7fa490741000 ---p 00003000 08:01 1573545                    /usr/lib/nvidia-current/tls/libnvidia-tls.so.280.13
7fa490741000-7fa490742000 rw-p 00002000 08:01 1573545                    /usr/lib/nvidia-current/tls/libnvidia-tls.so.280.13
7fa490742000-7fa490759000 r-xp 00000000 08:01 23465932                   /lib/x86_64-linux-gnu/libz.so.1.2.3.4
7fa490759000-7fa490958000 ---p 00017000 08:01 23465932                   /lib/x86_64-linux-gnu/libz.so.1.2.3.4
7fa490958000-7fa490959000 r--p 00016000 08:01 23465932                   /lib/x86_64-linux-gnu/libz.so.1.2.3.4
7fa490959000-7fa49095a000 rw-p 00017000 08:01 23465932                   /lib/x86_64-linux-gnu/libz.so.1.2.3.4
7fa49095a000-7fa4909dd000 r-xp 00000000 08:01 23465879                   /lib/x86_64-linux-gnu/libm-2.13.so
7fa4909dd000-7fa490bdc000 ---p 00083000 08:01 23465879                   /lib/x86_64-linux-gnu/libm-2.13.so
7fa490bdc000-7fa490bdd000 r--p 00082000 08:01 23465879                   /lib/x86_64-linux-gnu/libm-2.13.so
7fa490bdd000-7fa490bde000 rw-p 00083000 08:01 23465879                   /lib/x86_64-linux-gnu/libm-2.13.so
7fa490bde000-7fa490bf0000 r-xp 00000000 08:01 269642                     /usr/lib/x86_64-linux-gnu/libXext.so.6.4.0
7fa490bf0000-7fa490def000 ---p 00012000 08:01 269642                     /usr/lib/x86_64-linux-gnu/libXext.so.6.4.0
7fa490def000-7fa490df0000 r--p 00011000 08:01 269642                     /usr/lib/x86_64-linux-gnu/libXext.so.6.4.0
7fa490df0000-7fa490df1000 rw-p 00012000 08:01 269642                     /usr/lib/x86_64-linux-gnu/libXext.so.6.4.0
7fa490df1000-7fa490f24000 r-xp 00000000 08:01 269630                     /usr/lib/x86_64-linux-gnu/libX11.so.6.3.0
7fa490f24000-7fa491124000 ---p 00133000 08:01 269630                     /usr/lib/x86_64-linux-gnu/libX11.so.6.3.0
7fa491124000-7fa491125000 r--p 00133000 08:01 269630                     /usr/lib/x86_64-linux-gnu/libX11.so.6.3.0
7fa491125000-7fa491129000 rw-p 00134000 08:01 269630                     /usr/lib/x86_64-linux-gnu/libX11.so.6.3.0
7fa491129000-7fa49112e000 r-xp 00000000 08:01 269658                     /usr/lib/x86_64-linux-gnu/libXv.so.1.0.0
7fa49112e000-7fa49132d000 ---p 00005000 08:01 269658                     /usr/lib/x86_64-linux-gnu/libXv.so.1.0.0
7fa49132d000-7fa49132e000 r--p 00004000 08:01 269658                     /usr/lib/x86_64-linux-gnu/libXv.so.1.0.0
7fa49132e000-7fa49132f000 rw-p 00005000 08:01 269658                     /usr/lib/x86_64-linux-gnu/libXv.so.1.0.0
7fa49132f000-7fa491347000 r-xp 00000000 08:01 23465909                   /lib/x86_64-linux-gnu/libpthread-2.13.so
7fa491347000-7fa491546000 ---p 00018000 08:01 23465909                   /lib/x86_64-linux-gnu/libpthread-2.13.so
7fa491546000-7fa491547000 r--p 00017000 08:01 23465909                   /lib/x86_64-linux-gnu/libpthread-2.13.so
7fa491547000-7fa491548000 rw-p 00018000 08:01 23465909                   /lib/x86_64-linux-gnu/libpthread-2.13.so
7fa491548000-7fa49154c000 rw-p 00000000 00:00 0 
7fa49154c000-7fa49154e000 r-xp 00000000 08:01 23465860                   /lib/x86_64-linux-gnu/libdl-2.13.so
7fa49154e000-7fa49174e000 ---p 00002000 08:01 23465860                   /lib/x86_64-linux-gnu/libdl-2.13.so
7fa49174e000-7fa49174f000 r--p 00002000 08:01 23465860                   /lib/x86_64-linux-gnu/libdl-2.13.so
7fa49174f000-7fa491750000 rw-p 00003000 08:01 23465860                   /lib/x86_64-linux-gnu/libdl-2.13.so
7fa491750000-7fa491811000 r-xp 00000000 08:01 661167                     /usr/lib/nvidia-current/libGL.so.280.13
7fa491811000-7fa491a10000 ---p 000c1000 08:01 661167                     /usr/lib/nvidia-current/libGL.so.280.13
7fa491a10000-7fa491a4b000 rwxp 000c0000 08:01 661167                     /usr/lib/nvidia-current/libGL.so.280.13
7fa491a4b000-7fa491a61000 rwxp 00000000 00:00 0 
7fa491a61000-7fa491bf6000 r-xp 00000000 08:01 23465849                   /lib/x86_64-linux-gnu/libc-2.13.so
7fa491bf6000-7fa491df5000 ---p 00195000 08:01 23465849                   /lib/x86_64-linux-gnu/libc-2.13.so
7fa491df5000-7fa491df9000 r--p 00194000 08:01 23465849                   /lib/x86_64-linux-gnu/libc-2.13.so
7fa491df9000-7fa491dfa000 rw-p 00198000 08:01 23465849                   /lib/x86_64-linux-gnu/libc-2.13.so
7fa491dfa000-7fa491e00000 rw-p 00000000 00:00 0 
7fa491e00000-7fa491e0c000 r-xp 00000000 08:01 1574660                    /usr/lib/jvm/java-7-openjdk-amd64/jre/lib/amd64/jli/libjli.so
7fa491e0c000-7fa49200b000 ---p 0000c000 08:01 1574660                    /usr/lib/jvm/java-7-openjdk-amd64/jre/lib/amd64/jli/libjli.so
7fa49200b000-7fa49200c000 r--p 0000b000 08:01 1574660                    /usr/lib/jvm/java-7-openjdk-amd64/jre/lib/amd64/jli/libjli.so
7fa49200c000-7fa49200d000 rw-p 0000c000 08:01 1574660                    /usr/lib/jvm/java-7-openjdk-amd64/jre/lib/amd64/jli/libjli.so
7fa49200d000-7fa4920bb000 r-xp 00000000 08:01 263092                     /usr/lib/x86_64-linux-gnu/librrfaker.so
7fa4920bb000-7fa4922ba000 ---p 000ae000 08:01 263092                     /usr/lib/x86_64-linux-gnu/librrfaker.so
7fa4922ba000-7fa4922bd000 r--p 000ad000 08:01 263092                     /usr/lib/x86_64-linux-gnu/librrfaker.so
7fa4922bd000-7fa4922bf000 rw-p 000b0000 08:01 263092                     /usr/lib/x86_64-linux-gnu/librrfaker.so
7fa4922bf000-7fa492302000 rw-p 00000000 00:00 0 
7fa492302000-7fa492303000 r-xp 00000000 08:01 262790                     /usr/lib/x86_64-linux-gnu/libdlfaker.so
7fa492303000-7fa492502000 ---p 00001000 08:01 262790                     /usr/lib/x86_64-linux-gnu/libdlfaker.so
7fa492502000-7fa492503000 r--p 00000000 08:01 262790                     /usr/lib/x86_64-linux-gnu/libdlfaker.so
7fa492503000-7fa492504000 rw-p 00001000 08:01 262790                     /usr/lib/x86_64-linux-gnu/libdlfaker.so
7fa492504000-7fa492525000 r-xp 00000000 08:01 23465836                   /lib/x86_64-linux-gnu/ld-2.13.so
7fa492536000-7fa49253a000 rw-s 120337000 00:05 23803                     /dev/nvidia0
7fa49253a000-7fa49253b000 rw-s 14588d000 00:05 23803                     /dev/nvidia0
7fa49253b000-7fa49253c000 rw-s cff68000 00:05 23803                      /dev/nvidia0
7fa49253c000-7fa49253d000 rw-s cff67000 00:05 23803                      /dev/nvidia0
7fa49253d000-7fa49253e000 rw-s dc641000 00:05 23803                      /dev/nvidia0
7fa49253e000-7fa492571000 rw-p 00000000 00:00 0 
7fa492571000-7fa4925b9000 rw-p 00000000 00:00 0 
7fa4925b9000-7fa4925bc000 ---p 00000000 00:00 0 
7fa4925bc000-7fa4926fd000 rw-p 00000000 00:00 0 
7fa4926fd000-7fa4926fe000 rw-s 766da000 00:05 23803                      /dev/nvidia0
7fa4926fe000-7fa4926ff000 rw-s 14f005000 00:05 23803                     /dev/nvidia0
7fa4926ff000-7fa492701000 rw-s 00000000 08:01 5505047                    /tmp/glJTHsDj (deleted)
7fa492701000-7fa492702000 rw-s 2b9e9000 00:05 23803                      /dev/nvidia0
7fa492702000-7fa492706000 rw-s 2b9f5000 00:05 23803                      /dev/nvidia0
7fa492706000-7fa492707000 rw-s cff66000 00:05 23803                      /dev/nvidia0
7fa492707000-7fa492708000 rw-s cff65000 00:05 23803                      /dev/nvidia0
7fa492708000-7fa492709000 rw-s dc641000 00:05 23803                      /dev/nvidia0
7fa492709000-7fa49270a000 rw-s 766da000 00:05 23803                      /dev/nvidia0
7fa49270a000-7fa49270b000 rw-s 73351000 00:05 23803                      /dev/nvidia0
7fa49270b000-7fa49270c000 rw-s dc060000 00:05 23803                      /dev/nvidia0
7fa49270c000-7fa49270d000 r--p 00000000 00:00 0 
7fa49270d000-7fa49270e000 r--s 00021000 00:14 22030123                   /home/daniel/.m2/repository/org/jogamp/jogl/jogl.all/2.0-b45-20111219/jogl-all-natives-linux-amd64.jar
7fa49270e000-7fa49270f000 r--s 00001000 00:14 22029214                   /home/daniel/.m2/repository/org/jogamp/gluegen/gluegen-rt/2.0-b33-20111219/gluegen-rt-natives-linux-amd64.jar
7fa49270f000-7fa492718000 r--s 00263000 08:01 1574621                    /usr/lib/jvm/java-7-openjdk-common/jre/lib/resources.jar
7fa492718000-7fa492720000 rw-s 00000000 08:01 7077911                    /tmp/hsperfdata_daniel/26915
7fa492720000-7fa492721000 rw-p 00000000 00:00 0 
7fa492721000-7fa492722000 r--p 00000000 00:00 0 
7fa492722000-7fa492724000 rw-p 00000000 00:00 0 
7fa492724000-7fa492725000 r--p 00020000 08:01 23465836                   /lib/x86_64-linux-gnu/ld-2.13.so
7fa492725000-7fa492727000 rw-p 00021000 08:01 23465836                   /lib/x86_64-linux-gnu/ld-2.13.so
7fff78c26000-7fff78c48000 rw-p 00000000 00:00 0                          [stack]
7fff78cab000-7fff78cac000 r-xp 00000000 00:00 0                          [vdso]
ffffffffff600000-ffffffffff601000 r-xp 00000000 00:00 0                  [vsyscall]

VM Arguments:
jvm_args: -Dfile.encoding=UTF-8 
java_command: darwin.renderer.GraphicContext
Launcher Type: SUN_STANDARD

Environment Variables:
PATH=/usr/lib/lightdm/lightdm:/usr/local/sbin:/usr/local/bin:/usr/sbin:/usr/bin:/sbin:/bin:/usr/games:/home/daniel/scala/bin
USERNAME=daniel
LD_LIBRARY_PATH=/usr/lib/nvidia-current:
LD_PRELOAD=libdlfaker.so:librrfaker.so
SHELL=/bin/bash
DISPLAY=:0.0

Signal Handlers:
SIGSEGV: [libjvm.so+0x7fca30], sa_mask[0]=0x7ffbfeff, sa_flags=0x10000004
SIGBUS: [libjvm.so+0x7fca30], sa_mask[0]=0x7ffbfeff, sa_flags=0x10000004
SIGFPE: [libjvm.so+0x6a1150], sa_mask[0]=0x7ffbfeff, sa_flags=0x10000004
SIGPIPE: [libjvm.so+0x6a1150], sa_mask[0]=0x7ffbfeff, sa_flags=0x10000004
SIGXFSZ: [libjvm.so+0x6a1150], sa_mask[0]=0x7ffbfeff, sa_flags=0x10000004
SIGILL: [libjvm.so+0x6a1150], sa_mask[0]=0x7ffbfeff, sa_flags=0x10000004
SIGUSR1: SIG_DFL, sa_mask[0]=0x00000000, sa_flags=0x00000000
SIGUSR2: [libjvm.so+0x6a1520], sa_mask[0]=0x00000004, sa_flags=0x10000004
SIGHUP: [libjvm.so+0x6a1660], sa_mask[0]=0x7ffbfeff, sa_flags=0x10000004
SIGINT: SIG_IGN, sa_mask[0]=0x00000000, sa_flags=0x00000000
SIGTERM: [libjvm.so+0x6a1660], sa_mask[0]=0x7ffbfeff, sa_flags=0x10000004
SIGQUIT: [libjvm.so+0x6a1660], sa_mask[0]=0x7ffbfeff, sa_flags=0x10000004


---------------  S Y S T E M  ---------------

OS:Ubuntu 11.10 (oneiric)
uname:Linux 3.0.0-16-generic #28-Ubuntu SMP Fri Jan 27 17:44:39 UTC 2012 x86_64
libc:glibc 2.13 NPTL 2.13 
rlimit: STACK 8192k, CORE 0k, NPROC 30797, NOFILE 4096, AS infinity
load average:0.73 0.96 0.77

/proc/meminfo:
MemTotal:        3965932 kB
MemFree:          141120 kB
Buffers:           43740 kB
Cached:           905040 kB
SwapCached:        20776 kB
Active:          2469836 kB
Inactive:         987024 kB
Active(anon):    2073148 kB
Inactive(anon):   608236 kB
Active(file):     396688 kB
Inactive(file):   378788 kB
Unevictable:         104 kB
Mlocked:             104 kB
SwapTotal:       5766140 kB
SwapFree:        5695212 kB
Dirty:              9216 kB
Writeback:             0 kB
AnonPages:       2493756 kB
Mapped:           160924 kB
Shmem:            173076 kB
Slab:             165884 kB
SReclaimable:      79952 kB
SUnreclaim:        85932 kB
KernelStack:        5832 kB
PageTables:        67344 kB
NFS_Unstable:          0 kB
Bounce:                0 kB
WritebackTmp:          0 kB
CommitLimit:     7749104 kB
Committed_AS:    8496516 kB
VmallocTotal:   34359738367 kB
VmallocUsed:      410008 kB
VmallocChunk:   34359321652 kB
HardwareCorrupted:     0 kB
AnonHugePages:         0 kB
HugePages_Total:       0
HugePages_Free:        0
HugePages_Rsvd:        0
HugePages_Surp:        0
Hugepagesize:       2048 kB
DirectMap4k:     1157108 kB
DirectMap2M:     2953216 kB


CPU:total 4 (2 cores per cpu, 2 threads per core) family 6 model 42 stepping 7, cmov, cx8, fxsr, mmx, sse, sse2, sse3, ssse3, sse4.1, sse4.2, popcnt, ht

Memory: 4k page, physical 3965932k(141120k free), swap 5766140k(5695212k free)

vm_info: OpenJDK 64-Bit Server VM (21.0-b17) for linux-amd64 JRE (1.7.0_147-b147), built on Oct 21 2011 22:21:29 by "buildd" with gcc 4.6.1

time: Fri Feb 17 16:27:19 2012
elapsed time: 1 seconds

